Clock: wb_clk_i
Sources: wb_clk_i 
Generated: no
Virtual: yes
Propagated: no
Period: 25.000000

===========================================================================
report_clock_properties
============================================================================
Clock                   Period          Waveform
----------------------------------------------------
wb_clk_i             25.000000    0.000000 12.500000

===========================================================================
report_clock_latency
============================================================================
Clock wb_clk_i
rise -> rise
    min     max
0.000000 0.000000 source latency
0.885094         network latency _546_/CLK
        0.916954 network latency _536_/CLK
---------------
0.885094 0.916954 latency
        0.031860 skew

fall -> fall
    min     max
0.000000 0.000000 source latency
0.785028         network latency _546_/CLK
        0.809253 network latency _536_/CLK
---------------
0.785028 0.809253 latency
        0.024225 skew



===========================================================================
report_clock_min_period
============================================================================
wb_clk_i period_min = 9.20 fmax = 108.72
