Clock: clk
Sources: wb_clk_i 
Generated: no
Virtual: yes
Propagated: no
Period: 25.000000

===========================================================================
report_clock_properties
============================================================================
Clock                   Period          Waveform
----------------------------------------------------
clk                  25.000000    0.000000 12.500000

===========================================================================
report_clock_latency
============================================================================
Clock clk
rise -> rise
    min     max
4.650000 5.570000 source latency
4.982855         network latency mprj/_555_/CLK
        5.918588 network latency mprj/_536_/CLK
---------------
9.632854 11.488588 latency
        1.855733 skew

fall -> fall
    min     max
4.650000 5.570000 source latency
5.127156         network latency mprj/_555_/CLK
        6.059656 network latency mprj/_536_/CLK
---------------
9.777155 11.629656 latency
        1.852500 skew



===========================================================================
report_clock_min_period
============================================================================
clk period_min = 3.13 fmax = 319.60
