Clock: clk
Sources: wb_clk_i 
Generated: no
Virtual: yes
Propagated: no
Period: 25.000000

===========================================================================
report_clock_properties
============================================================================
Clock                   Period          Waveform
----------------------------------------------------
clk                  25.000000    0.000000 12.500000

===========================================================================
report_clock_latency
============================================================================
Clock clk
rise -> rise
    min     max
4.650000 5.570000 source latency
4.987573         network latency mprj/_599_/CLK
        5.933496 network latency mprj/_563_/CLK
---------------
9.637573 11.503495 latency
        1.865923 skew

fall -> fall
    min     max
4.650000 5.570000 source latency
5.133673         network latency mprj/_599_/CLK
        6.073499 network latency mprj/_563_/CLK
---------------
9.783673 11.643499 latency
        1.859826 skew



===========================================================================
report_clock_min_period
============================================================================
clk period_min = 3.20 fmax = 312.94
