Netgen 1.5.278 compiled on Sun Sep 29 13:29:03 UTC 2024
Warning: netgen command 'format' use fully-qualified name '::netgen::format'
Warning: netgen command 'global' use fully-qualified name '::netgen::global'
Warning:  A case-insensitive file has been read and so the	verilog file must be treated case-insensitive to match.
Reading SPICE netlist file '/home/shikha/caravel-fault-analyzer/dependencies/pdks/sky130A/libs.ref/sky130_fd_sc_hd/spice/sky130_ef_sc_hd__decap_12.spice'...
Call to undefined subcircuit sky130_fd_pr__pfet_01v8_hvt
Creating placeholder cell definition.
Call to undefined subcircuit sky130_fd_pr__nfet_01v8
Creating placeholder cell definition.
Reading SPICE netlist file '/home/shikha/caravel-fault-analyzer/dependencies/pdks/sky130A/libs.ref/sky130_fd_sc_hd/spice/sky130_ef_sc_hd__decap_20_12.spice'...
Reading SPICE netlist file '/home/shikha/caravel-fault-analyzer/dependencies/pdks/sky130A/libs.ref/sky130_fd_sc_hd/spice/sky130_ef_sc_hd__decap_40_12.spice'...
Reading SPICE netlist file '/home/shikha/caravel-fault-analyzer/dependencies/pdks/sky130A/libs.ref/sky130_fd_sc_hd/spice/sky130_ef_sc_hd__decap_60_12.spice'...
Reading SPICE netlist file '/home/shikha/caravel-fault-analyzer/dependencies/pdks/sky130A/libs.ref/sky130_fd_sc_hd/spice/sky130_ef_sc_hd__decap_80_12.spice'...
Reading SPICE netlist file '/home/shikha/caravel-fault-analyzer/dependencies/pdks/sky130A/libs.ref/sky130_fd_sc_hd/spice/sky130_ef_sc_hd__fill_12.spice'...
Reading SPICE netlist file '/home/shikha/caravel-fault-analyzer/dependencies/pdks/sky130A/libs.ref/sky130_fd_sc_hd/spice/sky130_ef_sc_hd__fill_2.spice'...
Reading SPICE netlist file '/home/shikha/caravel-fault-analyzer/dependencies/pdks/sky130A/libs.ref/sky130_fd_sc_hd/spice/sky130_ef_sc_hd__fill_4.spice'...
Reading SPICE netlist file '/home/shikha/caravel-fault-analyzer/dependencies/pdks/sky130A/libs.ref/sky130_fd_sc_hd/spice/sky130_ef_sc_hd__fill_8.spice'...
Reading SPICE netlist file '/home/shikha/caravel-fault-analyzer/dependencies/pdks/sky130A/libs.ref/sky130_fd_sc_hd/spice/sky130_fd_sc_hd.spice'...
Call to undefined subcircuit sky130_fd_pr__res_generic_po
Creating placeholder cell definition.
Call to undefined subcircuit sky130_fd_pr__special_nfet_01v8
Creating placeholder cell definition.
Call to undefined subcircuit sky130_fd_pr__diode_pw2nd_05v5
Creating placeholder cell definition.
Call to undefined subcircuit sky130_fd_pr__special_pfet_01v8_hvt
Creating placeholder cell definition.
Call to undefined subcircuit sky130_fd_sc_hd__nand2_2
Creating placeholder cell definition.
Call to undefined subcircuit sky130_fd_sc_hd__nor2_2
Creating placeholder cell definition.
Warning:  A case-insensitive file has been read and so the	verilog file must be treated case-insensitive to match.
Note:  Implicit pin LO in instance top_soc_251 of sky130_fd_sc_hd__conb_1 in cell top_soc
Note:  Implicit pin LO in instance top_soc_252 of sky130_fd_sc_hd__conb_1 in cell top_soc
Note:  Implicit pin LO in instance top_soc_253 of sky130_fd_sc_hd__conb_1 in cell top_soc
Note:  Implicit pin LO in instance top_soc_254 of sky130_fd_sc_hd__conb_1 in cell top_soc
Note:  Implicit pin LO in instance top_soc_255 of sky130_fd_sc_hd__conb_1 in cell top_soc
Note:  Implicit pin LO in instance top_soc_256 of sky130_fd_sc_hd__conb_1 in cell top_soc
Note:  Implicit pin LO in instance top_soc_257 of sky130_fd_sc_hd__conb_1 in cell top_soc
Note:  Implicit pin LO in instance top_soc_258 of sky130_fd_sc_hd__conb_1 in cell top_soc
Note:  Implicit pin LO in instance top_soc_259 of sky130_fd_sc_hd__conb_1 in cell top_soc
Note:  Implicit pin LO in instance top_soc_260 of sky130_fd_sc_hd__conb_1 in cell top_soc
Note:  Implicit pin LO in instance top_soc_261 of sky130_fd_sc_hd__conb_1 in cell top_soc
Note:  Implicit pin LO in instance top_soc_262 of sky130_fd_sc_hd__conb_1 in cell top_soc
Note:  Implicit pin LO in instance top_soc_263 of sky130_fd_sc_hd__conb_1 in cell top_soc
Note:  Implicit pin LO in instance top_soc_264 of sky130_fd_sc_hd__conb_1 in cell top_soc
Note:  Implicit pin LO in instance top_soc_265 of sky130_fd_sc_hd__conb_1 in cell top_soc
Note:  Implicit pin LO in instance top_soc_266 of sky130_fd_sc_hd__conb_1 in cell top_soc
Note:  Implicit pin LO in instance top_soc_267 of sky130_fd_sc_hd__conb_1 in cell top_soc
Note:  Implicit pin LO in instance top_soc_268 of sky130_fd_sc_hd__conb_1 in cell top_soc
Note:  Implicit pin LO in instance top_soc_269 of sky130_fd_sc_hd__conb_1 in cell top_soc
Note:  Implicit pin LO in instance top_soc_270 of sky130_fd_sc_hd__conb_1 in cell top_soc
Note:  Implicit pin LO in instance top_soc_271 of sky130_fd_sc_hd__conb_1 in cell top_soc
Note:  Implicit pin LO in instance top_soc_272 of sky130_fd_sc_hd__conb_1 in cell top_soc
Note:  Implicit pin LO in instance top_soc_273 of sky130_fd_sc_hd__conb_1 in cell top_soc
Note:  Implicit pin LO in instance top_soc_274 of sky130_fd_sc_hd__conb_1 in cell top_soc
Note:  Implicit pin LO in instance top_soc_275 of sky130_fd_sc_hd__conb_1 in cell top_soc
Note:  Implicit pin LO in instance top_soc_276 of sky130_fd_sc_hd__conb_1 in cell top_soc
Note:  Implicit pin LO in instance top_soc_277 of sky130_fd_sc_hd__conb_1 in cell top_soc
Note:  Implicit pin LO in instance top_soc_278 of sky130_fd_sc_hd__conb_1 in cell top_soc
Note:  Implicit pin LO in instance top_soc_279 of sky130_fd_sc_hd__conb_1 in cell top_soc
Note:  Implicit pin LO in instance top_soc_280 of sky130_fd_sc_hd__conb_1 in cell top_soc
Note:  Implicit pin LO in instance top_soc_281 of sky130_fd_sc_hd__conb_1 in cell top_soc
Note:  Implicit pin LO in instance top_soc_282 of sky130_fd_sc_hd__conb_1 in cell top_soc
Note:  Implicit pin LO in instance top_soc_283 of sky130_fd_sc_hd__conb_1 in cell top_soc
Note:  Implicit pin LO in instance top_soc_284 of sky130_fd_sc_hd__conb_1 in cell top_soc
Note:  Implicit pin LO in instance top_soc_285 of sky130_fd_sc_hd__conb_1 in cell top_soc
Note:  Implicit pin LO in instance top_soc_286 of sky130_fd_sc_hd__conb_1 in cell top_soc
Note:  Implicit pin LO in instance top_soc_287 of sky130_fd_sc_hd__conb_1 in cell top_soc
Note:  Implicit pin HI in instance top_soc_67 of sky130_fd_sc_hd__conb_1 in cell top_soc
Note:  Implicit pin HI in instance top_soc_68 of sky130_fd_sc_hd__conb_1 in cell top_soc
Note:  Implicit pin HI in instance top_soc_69 of sky130_fd_sc_hd__conb_1 in cell top_soc
Note:  Implicit pin HI in instance top_soc_70 of sky130_fd_sc_hd__conb_1 in cell top_soc
Note:  Implicit pin HI in instance top_soc_71 of sky130_fd_sc_hd__conb_1 in cell top_soc
Note:  Implicit pin HI in instance top_soc_72 of sky130_fd_sc_hd__conb_1 in cell top_soc
Note:  Implicit pin HI in instance top_soc_73 of sky130_fd_sc_hd__conb_1 in cell top_soc
Note:  Implicit pin HI in instance top_soc_74 of sky130_fd_sc_hd__conb_1 in cell top_soc
Note:  Implicit pin HI in instance top_soc_75 of sky130_fd_sc_hd__conb_1 in cell top_soc
Note:  Implicit pin HI in instance top_soc_76 of sky130_fd_sc_hd__conb_1 in cell top_soc
Note:  Implicit pin HI in instance top_soc_77 of sky130_fd_sc_hd__conb_1 in cell top_soc
Note:  Implicit pin HI in instance top_soc_78 of sky130_fd_sc_hd__conb_1 in cell top_soc
Note:  Implicit pin HI in instance top_soc_79 of sky130_fd_sc_hd__conb_1 in cell top_soc
Note:  Implicit pin HI in instance top_soc_80 of sky130_fd_sc_hd__conb_1 in cell top_soc
Note:  Implicit pin HI in instance top_soc_81 of sky130_fd_sc_hd__conb_1 in cell top_soc
Note:  Implicit pin HI in instance top_soc_82 of sky130_fd_sc_hd__conb_1 in cell top_soc
Note:  Implicit pin HI in instance top_soc_83 of sky130_fd_sc_hd__conb_1 in cell top_soc
Note:  Implicit pin HI in instance top_soc_84 of sky130_fd_sc_hd__conb_1 in cell top_soc
Note:  Implicit pin HI in instance top_soc_85 of sky130_fd_sc_hd__conb_1 in cell top_soc
Note:  Implicit pin HI in instance top_soc_86 of sky130_fd_sc_hd__conb_1 in cell top_soc
Note:  Implicit pin HI in instance top_soc_87 of sky130_fd_sc_hd__conb_1 in cell top_soc
Note:  Implicit pin HI in instance top_soc_88 of sky130_fd_sc_hd__conb_1 in cell top_soc
Note:  Implicit pin HI in instance top_soc_89 of sky130_fd_sc_hd__conb_1 in cell top_soc
Note:  Implicit pin HI in instance top_soc_90 of sky130_fd_sc_hd__conb_1 in cell top_soc
Note:  Implicit pin HI in instance top_soc_91 of sky130_fd_sc_hd__conb_1 in cell top_soc
Note:  Implicit pin HI in instance top_soc_92 of sky130_fd_sc_hd__conb_1 in cell top_soc
Note:  Implicit pin HI in instance top_soc_93 of sky130_fd_sc_hd__conb_1 in cell top_soc
Note:  Implicit pin HI in instance top_soc_94 of sky130_fd_sc_hd__conb_1 in cell top_soc
Note:  Implicit pin HI in instance top_soc_95 of sky130_fd_sc_hd__conb_1 in cell top_soc
Note:  Implicit pin HI in instance top_soc_96 of sky130_fd_sc_hd__conb_1 in cell top_soc
Note:  Implicit pin HI in instance top_soc_97 of sky130_fd_sc_hd__conb_1 in cell top_soc
Note:  Implicit pin HI in instance top_soc_98 of sky130_fd_sc_hd__conb_1 in cell top_soc
Note:  Implicit pin HI in instance top_soc_99 of sky130_fd_sc_hd__conb_1 in cell top_soc
Note:  Implicit pin HI in instance top_soc_100 of sky130_fd_sc_hd__conb_1 in cell top_soc
Note:  Implicit pin HI in instance top_soc_101 of sky130_fd_sc_hd__conb_1 in cell top_soc
Note:  Implicit pin HI in instance top_soc_102 of sky130_fd_sc_hd__conb_1 in cell top_soc
Note:  Implicit pin HI in instance top_soc_103 of sky130_fd_sc_hd__conb_1 in cell top_soc
Note:  Implicit pin HI in instance top_soc_104 of sky130_fd_sc_hd__conb_1 in cell top_soc
Note:  Implicit pin HI in instance top_soc_105 of sky130_fd_sc_hd__conb_1 in cell top_soc
Note:  Implicit pin HI in instance top_soc_106 of sky130_fd_sc_hd__conb_1 in cell top_soc
Note:  Implicit pin HI in instance top_soc_107 of sky130_fd_sc_hd__conb_1 in cell top_soc
Note:  Implicit pin HI in instance top_soc_108 of sky130_fd_sc_hd__conb_1 in cell top_soc
Note:  Implicit pin HI in instance top_soc_109 of sky130_fd_sc_hd__conb_1 in cell top_soc
Note:  Implicit pin HI in instance top_soc_110 of sky130_fd_sc_hd__conb_1 in cell top_soc
Note:  Implicit pin HI in instance top_soc_111 of sky130_fd_sc_hd__conb_1 in cell top_soc
Note:  Implicit pin HI in instance top_soc_112 of sky130_fd_sc_hd__conb_1 in cell top_soc
Note:  Implicit pin HI in instance top_soc_113 of sky130_fd_sc_hd__conb_1 in cell top_soc
Note:  Implicit pin HI in instance top_soc_114 of sky130_fd_sc_hd__conb_1 in cell top_soc
Note:  Implicit pin HI in instance top_soc_115 of sky130_fd_sc_hd__conb_1 in cell top_soc
Note:  Implicit pin HI in instance top_soc_116 of sky130_fd_sc_hd__conb_1 in cell top_soc
Note:  Implicit pin HI in instance top_soc_117 of sky130_fd_sc_hd__conb_1 in cell top_soc
Note:  Implicit pin HI in instance top_soc_118 of sky130_fd_sc_hd__conb_1 in cell top_soc
Note:  Implicit pin HI in instance top_soc_119 of sky130_fd_sc_hd__conb_1 in cell top_soc
Note:  Implicit pin HI in instance top_soc_120 of sky130_fd_sc_hd__conb_1 in cell top_soc
Note:  Implicit pin HI in instance top_soc_121 of sky130_fd_sc_hd__conb_1 in cell top_soc
Note:  Implicit pin HI in instance top_soc_122 of sky130_fd_sc_hd__conb_1 in cell top_soc
Note:  Implicit pin HI in instance top_soc_123 of sky130_fd_sc_hd__conb_1 in cell top_soc
Note:  Implicit pin HI in instance top_soc_124 of sky130_fd_sc_hd__conb_1 in cell top_soc
Note:  Implicit pin HI in instance top_soc_125 of sky130_fd_sc_hd__conb_1 in cell top_soc
Note:  Implicit pin HI in instance top_soc_126 of sky130_fd_sc_hd__conb_1 in cell top_soc
Note:  Implicit pin HI in instance top_soc_127 of sky130_fd_sc_hd__conb_1 in cell top_soc
Note:  Implicit pin HI in instance top_soc_128 of sky130_fd_sc_hd__conb_1 in cell top_soc
Note:  Implicit pin HI in instance top_soc_129 of sky130_fd_sc_hd__conb_1 in cell top_soc
Note:  Implicit pin HI in instance top_soc_130 of sky130_fd_sc_hd__conb_1 in cell top_soc
Note:  Implicit pin HI in instance top_soc_131 of sky130_fd_sc_hd__conb_1 in cell top_soc
Note:  Implicit pin HI in instance top_soc_132 of sky130_fd_sc_hd__conb_1 in cell top_soc
Note:  Implicit pin HI in instance top_soc_133 of sky130_fd_sc_hd__conb_1 in cell top_soc
Note:  Implicit pin HI in instance top_soc_134 of sky130_fd_sc_hd__conb_1 in cell top_soc
Note:  Implicit pin HI in instance top_soc_135 of sky130_fd_sc_hd__conb_1 in cell top_soc
Note:  Implicit pin HI in instance top_soc_136 of sky130_fd_sc_hd__conb_1 in cell top_soc
Note:  Implicit pin HI in instance top_soc_137 of sky130_fd_sc_hd__conb_1 in cell top_soc
Note:  Implicit pin HI in instance top_soc_138 of sky130_fd_sc_hd__conb_1 in cell top_soc
Note:  Implicit pin HI in instance top_soc_139 of sky130_fd_sc_hd__conb_1 in cell top_soc
Note:  Implicit pin HI in instance top_soc_140 of sky130_fd_sc_hd__conb_1 in cell top_soc
Note:  Implicit pin HI in instance top_soc_141 of sky130_fd_sc_hd__conb_1 in cell top_soc
Note:  Implicit pin HI in instance top_soc_142 of sky130_fd_sc_hd__conb_1 in cell top_soc
Note:  Implicit pin HI in instance top_soc_143 of sky130_fd_sc_hd__conb_1 in cell top_soc
Note:  Implicit pin HI in instance top_soc_144 of sky130_fd_sc_hd__conb_1 in cell top_soc
Note:  Implicit pin HI in instance top_soc_145 of sky130_fd_sc_hd__conb_1 in cell top_soc
Note:  Implicit pin HI in instance top_soc_146 of sky130_fd_sc_hd__conb_1 in cell top_soc
Note:  Implicit pin HI in instance top_soc_147 of sky130_fd_sc_hd__conb_1 in cell top_soc
Note:  Implicit pin HI in instance top_soc_148 of sky130_fd_sc_hd__conb_1 in cell top_soc
Note:  Implicit pin HI in instance top_soc_149 of sky130_fd_sc_hd__conb_1 in cell top_soc
Note:  Implicit pin HI in instance top_soc_150 of sky130_fd_sc_hd__conb_1 in cell top_soc
Note:  Implicit pin HI in instance top_soc_151 of sky130_fd_sc_hd__conb_1 in cell top_soc
Note:  Implicit pin HI in instance top_soc_152 of sky130_fd_sc_hd__conb_1 in cell top_soc
Note:  Implicit pin HI in instance top_soc_153 of sky130_fd_sc_hd__conb_1 in cell top_soc
Note:  Implicit pin HI in instance top_soc_154 of sky130_fd_sc_hd__conb_1 in cell top_soc
Note:  Implicit pin HI in instance top_soc_155 of sky130_fd_sc_hd__conb_1 in cell top_soc
Note:  Implicit pin HI in instance top_soc_156 of sky130_fd_sc_hd__conb_1 in cell top_soc
Note:  Implicit pin HI in instance top_soc_157 of sky130_fd_sc_hd__conb_1 in cell top_soc
Note:  Implicit pin HI in instance top_soc_158 of sky130_fd_sc_hd__conb_1 in cell top_soc
Note:  Implicit pin HI in instance top_soc_159 of sky130_fd_sc_hd__conb_1 in cell top_soc
Note:  Implicit pin HI in instance top_soc_160 of sky130_fd_sc_hd__conb_1 in cell top_soc
Note:  Implicit pin HI in instance top_soc_161 of sky130_fd_sc_hd__conb_1 in cell top_soc
Note:  Implicit pin HI in instance top_soc_162 of sky130_fd_sc_hd__conb_1 in cell top_soc
Note:  Implicit pin HI in instance top_soc_163 of sky130_fd_sc_hd__conb_1 in cell top_soc
Note:  Implicit pin HI in instance top_soc_164 of sky130_fd_sc_hd__conb_1 in cell top_soc
Note:  Implicit pin HI in instance top_soc_165 of sky130_fd_sc_hd__conb_1 in cell top_soc
Note:  Implicit pin HI in instance top_soc_166 of sky130_fd_sc_hd__conb_1 in cell top_soc
Note:  Implicit pin HI in instance top_soc_167 of sky130_fd_sc_hd__conb_1 in cell top_soc
Note:  Implicit pin HI in instance top_soc_168 of sky130_fd_sc_hd__conb_1 in cell top_soc
Note:  Implicit pin HI in instance top_soc_169 of sky130_fd_sc_hd__conb_1 in cell top_soc
Note:  Implicit pin HI in instance top_soc_170 of sky130_fd_sc_hd__conb_1 in cell top_soc
Note:  Implicit pin HI in instance top_soc_171 of sky130_fd_sc_hd__conb_1 in cell top_soc
Note:  Implicit pin HI in instance top_soc_172 of sky130_fd_sc_hd__conb_1 in cell top_soc
Note:  Implicit pin HI in instance top_soc_173 of sky130_fd_sc_hd__conb_1 in cell top_soc
Note:  Implicit pin HI in instance top_soc_174 of sky130_fd_sc_hd__conb_1 in cell top_soc
Note:  Implicit pin HI in instance top_soc_175 of sky130_fd_sc_hd__conb_1 in cell top_soc
Note:  Implicit pin HI in instance top_soc_176 of sky130_fd_sc_hd__conb_1 in cell top_soc
Note:  Implicit pin HI in instance top_soc_177 of sky130_fd_sc_hd__conb_1 in cell top_soc
Note:  Implicit pin HI in instance top_soc_178 of sky130_fd_sc_hd__conb_1 in cell top_soc
Note:  Implicit pin HI in instance top_soc_179 of sky130_fd_sc_hd__conb_1 in cell top_soc
Note:  Implicit pin HI in instance top_soc_180 of sky130_fd_sc_hd__conb_1 in cell top_soc
Note:  Implicit pin HI in instance top_soc_181 of sky130_fd_sc_hd__conb_1 in cell top_soc
Note:  Implicit pin HI in instance top_soc_182 of sky130_fd_sc_hd__conb_1 in cell top_soc
Note:  Implicit pin HI in instance top_soc_183 of sky130_fd_sc_hd__conb_1 in cell top_soc
Note:  Implicit pin HI in instance top_soc_184 of sky130_fd_sc_hd__conb_1 in cell top_soc
Note:  Implicit pin HI in instance top_soc_185 of sky130_fd_sc_hd__conb_1 in cell top_soc
Note:  Implicit pin HI in instance top_soc_186 of sky130_fd_sc_hd__conb_1 in cell top_soc
Note:  Implicit pin HI in instance top_soc_187 of sky130_fd_sc_hd__conb_1 in cell top_soc
Note:  Implicit pin HI in instance top_soc_188 of sky130_fd_sc_hd__conb_1 in cell top_soc
Note:  Implicit pin HI in instance top_soc_189 of sky130_fd_sc_hd__conb_1 in cell top_soc
Note:  Implicit pin HI in instance top_soc_190 of sky130_fd_sc_hd__conb_1 in cell top_soc
Note:  Implicit pin HI in instance top_soc_191 of sky130_fd_sc_hd__conb_1 in cell top_soc
Note:  Implicit pin HI in instance top_soc_192 of sky130_fd_sc_hd__conb_1 in cell top_soc
Note:  Implicit pin HI in instance top_soc_193 of sky130_fd_sc_hd__conb_1 in cell top_soc
Note:  Implicit pin HI in instance top_soc_194 of sky130_fd_sc_hd__conb_1 in cell top_soc
Note:  Implicit pin HI in instance top_soc_195 of sky130_fd_sc_hd__conb_1 in cell top_soc
Note:  Implicit pin HI in instance top_soc_196 of sky130_fd_sc_hd__conb_1 in cell top_soc
Note:  Implicit pin HI in instance top_soc_197 of sky130_fd_sc_hd__conb_1 in cell top_soc
Note:  Implicit pin HI in instance top_soc_198 of sky130_fd_sc_hd__conb_1 in cell top_soc
Note:  Implicit pin HI in instance top_soc_199 of sky130_fd_sc_hd__conb_1 in cell top_soc
Note:  Implicit pin HI in instance top_soc_200 of sky130_fd_sc_hd__conb_1 in cell top_soc
Note:  Implicit pin HI in instance top_soc_201 of sky130_fd_sc_hd__conb_1 in cell top_soc
Note:  Implicit pin HI in instance top_soc_202 of sky130_fd_sc_hd__conb_1 in cell top_soc
Note:  Implicit pin HI in instance top_soc_203 of sky130_fd_sc_hd__conb_1 in cell top_soc
Note:  Implicit pin HI in instance top_soc_204 of sky130_fd_sc_hd__conb_1 in cell top_soc
Note:  Implicit pin HI in instance top_soc_205 of sky130_fd_sc_hd__conb_1 in cell top_soc
Note:  Implicit pin HI in instance top_soc_206 of sky130_fd_sc_hd__conb_1 in cell top_soc
Note:  Implicit pin HI in instance top_soc_207 of sky130_fd_sc_hd__conb_1 in cell top_soc
Note:  Implicit pin HI in instance top_soc_208 of sky130_fd_sc_hd__conb_1 in cell top_soc
Note:  Implicit pin HI in instance top_soc_209 of sky130_fd_sc_hd__conb_1 in cell top_soc
Note:  Implicit pin HI in instance top_soc_210 of sky130_fd_sc_hd__conb_1 in cell top_soc
Note:  Implicit pin HI in instance top_soc_211 of sky130_fd_sc_hd__conb_1 in cell top_soc
Note:  Implicit pin HI in instance top_soc_212 of sky130_fd_sc_hd__conb_1 in cell top_soc
Note:  Implicit pin HI in instance top_soc_213 of sky130_fd_sc_hd__conb_1 in cell top_soc
Note:  Implicit pin HI in instance top_soc_214 of sky130_fd_sc_hd__conb_1 in cell top_soc
Note:  Implicit pin HI in instance top_soc_215 of sky130_fd_sc_hd__conb_1 in cell top_soc
Note:  Implicit pin HI in instance top_soc_216 of sky130_fd_sc_hd__conb_1 in cell top_soc
Note:  Implicit pin HI in instance top_soc_217 of sky130_fd_sc_hd__conb_1 in cell top_soc
Note:  Implicit pin HI in instance top_soc_218 of sky130_fd_sc_hd__conb_1 in cell top_soc
Note:  Implicit pin HI in instance top_soc_219 of sky130_fd_sc_hd__conb_1 in cell top_soc
Note:  Implicit pin HI in instance top_soc_220 of sky130_fd_sc_hd__conb_1 in cell top_soc
Note:  Implicit pin HI in instance top_soc_221 of sky130_fd_sc_hd__conb_1 in cell top_soc
Note:  Implicit pin HI in instance top_soc_222 of sky130_fd_sc_hd__conb_1 in cell top_soc
Note:  Implicit pin HI in instance top_soc_223 of sky130_fd_sc_hd__conb_1 in cell top_soc
Note:  Implicit pin HI in instance top_soc_224 of sky130_fd_sc_hd__conb_1 in cell top_soc
Note:  Implicit pin HI in instance top_soc_225 of sky130_fd_sc_hd__conb_1 in cell top_soc
Note:  Implicit pin HI in instance top_soc_226 of sky130_fd_sc_hd__conb_1 in cell top_soc
Note:  Implicit pin HI in instance top_soc_227 of sky130_fd_sc_hd__conb_1 in cell top_soc
Note:  Implicit pin HI in instance top_soc_228 of sky130_fd_sc_hd__conb_1 in cell top_soc
Note:  Implicit pin HI in instance top_soc_229 of sky130_fd_sc_hd__conb_1 in cell top_soc
Note:  Implicit pin HI in instance top_soc_230 of sky130_fd_sc_hd__conb_1 in cell top_soc
Note:  Implicit pin HI in instance top_soc_231 of sky130_fd_sc_hd__conb_1 in cell top_soc
Note:  Implicit pin HI in instance top_soc_232 of sky130_fd_sc_hd__conb_1 in cell top_soc
Note:  Implicit pin HI in instance top_soc_233 of sky130_fd_sc_hd__conb_1 in cell top_soc
Note:  Implicit pin HI in instance top_soc_234 of sky130_fd_sc_hd__conb_1 in cell top_soc
Note:  Implicit pin HI in instance top_soc_235 of sky130_fd_sc_hd__conb_1 in cell top_soc
Note:  Implicit pin HI in instance top_soc_236 of sky130_fd_sc_hd__conb_1 in cell top_soc
Note:  Implicit pin HI in instance top_soc_237 of sky130_fd_sc_hd__conb_1 in cell top_soc
Note:  Implicit pin HI in instance top_soc_238 of sky130_fd_sc_hd__conb_1 in cell top_soc
Note:  Implicit pin HI in instance top_soc_239 of sky130_fd_sc_hd__conb_1 in cell top_soc
Note:  Implicit pin HI in instance top_soc_240 of sky130_fd_sc_hd__conb_1 in cell top_soc
Note:  Implicit pin HI in instance top_soc_241 of sky130_fd_sc_hd__conb_1 in cell top_soc
Note:  Implicit pin HI in instance top_soc_242 of sky130_fd_sc_hd__conb_1 in cell top_soc
Note:  Implicit pin HI in instance top_soc_243 of sky130_fd_sc_hd__conb_1 in cell top_soc
Note:  Implicit pin HI in instance top_soc_244 of sky130_fd_sc_hd__conb_1 in cell top_soc
Note:  Implicit pin HI in instance top_soc_245 of sky130_fd_sc_hd__conb_1 in cell top_soc
Note:  Implicit pin HI in instance top_soc_246 of sky130_fd_sc_hd__conb_1 in cell top_soc
Note:  Implicit pin HI in instance top_soc_247 of sky130_fd_sc_hd__conb_1 in cell top_soc
Note:  Implicit pin HI in instance top_soc_248 of sky130_fd_sc_hd__conb_1 in cell top_soc
Note:  Implicit pin HI in instance top_soc_249 of sky130_fd_sc_hd__conb_1 in cell top_soc
Note:  Implicit pin LO in instance top_soc_250 of sky130_fd_sc_hd__conb_1 in cell top_soc
Note:  Implicit pin HI in instance top_soc_66 of sky130_fd_sc_hd__conb_1 in cell top_soc
Note:  Implicit pin Y in instance clkload0 of sky130_fd_sc_hd__clkinv_4 in cell top_soc
Note:  Implicit pin Y in instance clkload1 of sky130_fd_sc_hd__inv_6 in cell top_soc
Note:  Implicit pin Y in instance clkload2 of sky130_fd_sc_hd__inv_6 in cell top_soc
Note:  Implicit pin Y in instance clkload3 of sky130_fd_sc_hd__clkinv_8 in cell top_soc
Note:  Implicit pin Y in instance clkload4 of sky130_fd_sc_hd__bufinv_16 in cell top_soc
Note:  Implicit pin Y in instance clkload5 of sky130_fd_sc_hd__inv_6 in cell top_soc
Note:  Implicit pin Y in instance clkload6 of sky130_fd_sc_hd__bufinv_16 in cell top_soc
Treating empty subcircuits as black-box cells
Generating JSON file result

Reading setup file /nix/store/iah2c26wzpgdvqc1jv2xxg55xq5km74d-python3-3.11.9-env/lib/python3.11/site-packages/librelane/scripts/netgen/setup.tcl

Model sky130_fd_pr__res_generic_po pin 1 == 2
No property value found for device sky130_fd_pr__res_generic_po
No property mult found for device sky130_fd_pr__res_generic_po
Model sky130_fd_pr__nfet_01v8 pin 1 == 3
No property mult found for device sky130_fd_pr__nfet_01v8
No property sa found for device sky130_fd_pr__nfet_01v8
No property sb found for device sky130_fd_pr__nfet_01v8
No property sd found for device sky130_fd_pr__nfet_01v8
No property nf found for device sky130_fd_pr__nfet_01v8
No property nrd found for device sky130_fd_pr__nfet_01v8
No property nrs found for device sky130_fd_pr__nfet_01v8
No property area found for device sky130_fd_pr__nfet_01v8
No property perim found for device sky130_fd_pr__nfet_01v8
No property topography found for device sky130_fd_pr__nfet_01v8
Model sky130_fd_pr__pfet_01v8_hvt pin 1 == 3
No property mult found for device sky130_fd_pr__pfet_01v8_hvt
No property sa found for device sky130_fd_pr__pfet_01v8_hvt
No property sb found for device sky130_fd_pr__pfet_01v8_hvt
No property sd found for device sky130_fd_pr__pfet_01v8_hvt
No property nf found for device sky130_fd_pr__pfet_01v8_hvt
No property nrd found for device sky130_fd_pr__pfet_01v8_hvt
No property nrs found for device sky130_fd_pr__pfet_01v8_hvt
No property area found for device sky130_fd_pr__pfet_01v8_hvt
No property perim found for device sky130_fd_pr__pfet_01v8_hvt
No property topography found for device sky130_fd_pr__pfet_01v8_hvt
Model sky130_fd_pr__special_nfet_01v8 pin 1 == 3
No property as found for device sky130_fd_pr__special_nfet_01v8
No property ad found for device sky130_fd_pr__special_nfet_01v8
No property ps found for device sky130_fd_pr__special_nfet_01v8
No property pd found for device sky130_fd_pr__special_nfet_01v8
No property mult found for device sky130_fd_pr__special_nfet_01v8
No property sa found for device sky130_fd_pr__special_nfet_01v8
No property sb found for device sky130_fd_pr__special_nfet_01v8
No property sd found for device sky130_fd_pr__special_nfet_01v8
No property nf found for device sky130_fd_pr__special_nfet_01v8
No property nrd found for device sky130_fd_pr__special_nfet_01v8
No property nrs found for device sky130_fd_pr__special_nfet_01v8
No property area found for device sky130_fd_pr__special_nfet_01v8
No property perim found for device sky130_fd_pr__special_nfet_01v8
No property topography found for device sky130_fd_pr__special_nfet_01v8
Model sky130_fd_pr__special_pfet_01v8_hvt pin 1 == 3
No property as found for device sky130_fd_pr__special_pfet_01v8_hvt
No property ad found for device sky130_fd_pr__special_pfet_01v8_hvt
No property ps found for device sky130_fd_pr__special_pfet_01v8_hvt
No property pd found for device sky130_fd_pr__special_pfet_01v8_hvt
No property mult found for device sky130_fd_pr__special_pfet_01v8_hvt
No property sa found for device sky130_fd_pr__special_pfet_01v8_hvt
No property sb found for device sky130_fd_pr__special_pfet_01v8_hvt
No property sd found for device sky130_fd_pr__special_pfet_01v8_hvt
No property nf found for device sky130_fd_pr__special_pfet_01v8_hvt
No property nrd found for device sky130_fd_pr__special_pfet_01v8_hvt
No property nrs found for device sky130_fd_pr__special_pfet_01v8_hvt
No property area found for device sky130_fd_pr__special_pfet_01v8_hvt
No property perim found for device sky130_fd_pr__special_pfet_01v8_hvt
No property topography found for device sky130_fd_pr__special_pfet_01v8_hvt
No property value found for device sky130_fd_pr__diode_pw2nd_05v5
No property mult found for device sky130_fd_pr__diode_pw2nd_05v5
Comparison output logged to file /home/shikha/caravel-fault-analyzer/openlane/top_soc/runs/26_05_02_22_03/70-netgen-lvs/reports/lvs.netgen.rpt
Logging to file "/home/shikha/caravel-fault-analyzer/openlane/top_soc/runs/26_05_02_22_03/70-netgen-lvs/reports/lvs.netgen.rpt" enabled

Contents of circuit 1:  Circuit: 'sky130_fd_sc_hd__fill_2'
Circuit sky130_fd_sc_hd__fill_2 contains 0 device instances.
Circuit contains 0 nets, and 4 disconnected pins.
Contents of circuit 2:  Circuit: 'sky130_fd_sc_hd__fill_2'
Circuit sky130_fd_sc_hd__fill_2 contains 0 device instances.
Circuit contains 0 nets, and 4 disconnected pins.

Circuit sky130_fd_sc_hd__fill_2 contains no devices.

Contents of circuit 1:  Circuit: 'sky130_fd_sc_hd__fill_1'
Circuit sky130_fd_sc_hd__fill_1 contains 0 device instances.
Circuit contains 0 nets, and 4 disconnected pins.
Contents of circuit 2:  Circuit: 'sky130_fd_sc_hd__fill_1'
Circuit sky130_fd_sc_hd__fill_1 contains 0 device instances.
Circuit contains 0 nets, and 4 disconnected pins.

Circuit sky130_fd_sc_hd__fill_1 contains no devices.

Contents of circuit 1:  Circuit: 'sky130_fd_sc_hd__fill_4'
Circuit sky130_fd_sc_hd__fill_4 contains 0 device instances.
Circuit contains 0 nets, and 4 disconnected pins.
Contents of circuit 2:  Circuit: 'sky130_fd_sc_hd__fill_4'
Circuit sky130_fd_sc_hd__fill_4 contains 0 device instances.
Circuit contains 0 nets, and 4 disconnected pins.

Circuit sky130_fd_sc_hd__fill_4 contains no devices.

Contents of circuit 1:  Circuit: 'sky130_fd_sc_hd__diode_2'
Circuit sky130_fd_sc_hd__diode_2 contains 0 device instances.
Circuit contains 0 nets, and 5 disconnected pins.
Contents of circuit 2:  Circuit: 'sky130_fd_sc_hd__diode_2'
Circuit sky130_fd_sc_hd__diode_2 contains 1 device instances.
  Class: sky130_fd_pr__diode_pw2nd_05v5 instances:   1
Circuit contains 2 nets, and 3 disconnected pins.

Circuit sky130_fd_sc_hd__diode_2 contains no devices.

Contents of circuit 1:  Circuit: 'sky130_ef_sc_hd__decap_40_12'
Circuit sky130_ef_sc_hd__decap_40_12 contains 0 device instances.
Circuit contains 0 nets, and 4 disconnected pins.
Contents of circuit 2:  Circuit: 'sky130_ef_sc_hd__decap_40_12'
Circuit sky130_ef_sc_hd__decap_40_12 contains 2 device instances.
  Class: sky130_fd_pr__nfet_01v8 instances:   1
  Class: sky130_fd_pr__pfet_01v8_hvt instances:   1
Circuit contains 4 nets.

Circuit sky130_ef_sc_hd__decap_40_12 contains no devices.

Contents of circuit 1:  Circuit: 'sky130_fd_sc_hd__conb_1'
Circuit sky130_fd_sc_hd__conb_1 contains 0 device instances.
Circuit contains 0 nets, and 6 disconnected pins.
Contents of circuit 2:  Circuit: 'sky130_fd_sc_hd__conb_1'
Circuit sky130_fd_sc_hd__conb_1 contains 2 device instances.
  Class: sky130_fd_pr__res_generic_po instances:   2
Circuit contains 4 nets, and 2 disconnected pins.

Circuit sky130_fd_sc_hd__conb_1 contains no devices.

Contents of circuit 1:  Circuit: 'sky130_fd_sc_hd__fill_8'
Circuit sky130_fd_sc_hd__fill_8 contains 0 device instances.
Circuit contains 0 nets, and 4 disconnected pins.
Contents of circuit 2:  Circuit: 'sky130_fd_sc_hd__fill_8'
Circuit sky130_fd_sc_hd__fill_8 contains 0 device instances.
Circuit contains 0 nets, and 4 disconnected pins.

Circuit sky130_fd_sc_hd__fill_8 contains no devices.

Contents of circuit 1:  Circuit: 'sky130_fd_sc_hd__inv_2'
Circuit sky130_fd_sc_hd__inv_2 contains 0 device instances.
Circuit contains 0 nets, and 6 disconnected pins.
Contents of circuit 2:  Circuit: 'sky130_fd_sc_hd__inv_2'
Circuit sky130_fd_sc_hd__inv_2 contains 4 device instances.
  Class: sky130_fd_pr__nfet_01v8 instances:   2
  Class: sky130_fd_pr__pfet_01v8_hvt instances:   2
Circuit contains 6 nets.

Circuit sky130_fd_sc_hd__inv_2 contains no devices.

Contents of circuit 1:  Circuit: 'sky130_fd_sc_hd__a41o_1'
Circuit sky130_fd_sc_hd__a41o_1 contains 0 device instances.
Circuit contains 0 nets, and 10 disconnected pins.
Contents of circuit 2:  Circuit: 'sky130_fd_sc_hd__a41o_1'
Circuit sky130_fd_sc_hd__a41o_1 contains 12 device instances.
  Class: sky130_fd_pr__nfet_01v8 instances:   6
  Class: sky130_fd_pr__pfet_01v8_hvt instances:   6
Circuit contains 15 nets.

Circuit sky130_fd_sc_hd__a41o_1 contains no devices.

Contents of circuit 1:  Circuit: 'sky130_fd_sc_hd__nand2b_2'
Circuit sky130_fd_sc_hd__nand2b_2 contains 0 device instances.
Circuit contains 0 nets, and 7 disconnected pins.
Contents of circuit 2:  Circuit: 'sky130_fd_sc_hd__nand2b_2'
Circuit sky130_fd_sc_hd__nand2b_2 contains 10 device instances.
  Class: sky130_fd_pr__nfet_01v8 instances:   5
  Class: sky130_fd_pr__pfet_01v8_hvt instances:   5
Circuit contains 9 nets.

Circuit sky130_fd_sc_hd__nand2b_2 contains no devices.

Contents of circuit 1:  Circuit: 'sky130_fd_sc_hd__mux2_1'
Circuit sky130_fd_sc_hd__mux2_1 contains 0 device instances.
Circuit contains 0 nets, and 8 disconnected pins.
Contents of circuit 2:  Circuit: 'sky130_fd_sc_hd__mux2_1'
Circuit sky130_fd_sc_hd__mux2_1 contains 12 device instances.
  Class: sky130_fd_pr__nfet_01v8 instances:   6
  Class: sky130_fd_pr__pfet_01v8_hvt instances:   6
Circuit contains 14 nets.

Circuit sky130_fd_sc_hd__mux2_1 contains no devices.

Contents of circuit 1:  Circuit: 'sky130_fd_sc_hd__tapvpwrvgnd_1'
Circuit sky130_fd_sc_hd__tapvpwrvgnd_1 contains 0 device instances.
Circuit contains 0 nets, and 2 disconnected pins.
Contents of circuit 2:  Circuit: 'sky130_fd_sc_hd__tapvpwrvgnd_1'
Circuit sky130_fd_sc_hd__tapvpwrvgnd_1 contains 0 device instances.
Circuit contains 0 nets, and 2 disconnected pins.

Circuit sky130_fd_sc_hd__tapvpwrvgnd_1 contains no devices.

Contents of circuit 1:  Circuit: 'sky130_fd_sc_hd__o211a_1'
Circuit sky130_fd_sc_hd__o211a_1 contains 0 device instances.
Circuit contains 0 nets, and 9 disconnected pins.
Contents of circuit 2:  Circuit: 'sky130_fd_sc_hd__o211a_1'
Circuit sky130_fd_sc_hd__o211a_1 contains 10 device instances.
  Class: sky130_fd_pr__nfet_01v8 instances:   5
  Class: sky130_fd_pr__pfet_01v8_hvt instances:   5
Circuit contains 13 nets.

Circuit sky130_fd_sc_hd__o211a_1 contains no devices.

Contents of circuit 1:  Circuit: 'sky130_fd_sc_hd__or4_1'
Circuit sky130_fd_sc_hd__or4_1 contains 0 device instances.
Circuit contains 0 nets, and 9 disconnected pins.
Contents of circuit 2:  Circuit: 'sky130_fd_sc_hd__or4_1'
Circuit sky130_fd_sc_hd__or4_1 contains 10 device instances.
  Class: sky130_fd_pr__nfet_01v8 instances:   5
  Class: sky130_fd_pr__pfet_01v8_hvt instances:   5
Circuit contains 13 nets.

Circuit sky130_fd_sc_hd__or4_1 contains no devices.

Contents of circuit 1:  Circuit: 'sky130_fd_sc_hd__a221o_1'
Circuit sky130_fd_sc_hd__a221o_1 contains 0 device instances.
Circuit contains 0 nets, and 10 disconnected pins.
Contents of circuit 2:  Circuit: 'sky130_fd_sc_hd__a221o_1'
Circuit sky130_fd_sc_hd__a221o_1 contains 12 device instances.
  Class: sky130_fd_pr__nfet_01v8 instances:   6
  Class: sky130_fd_pr__pfet_01v8_hvt instances:   6
Circuit contains 15 nets.

Circuit sky130_fd_sc_hd__a221o_1 contains no devices.

Contents of circuit 1:  Circuit: 'sky130_fd_sc_hd__dlygate4sd3_1'
Circuit sky130_fd_sc_hd__dlygate4sd3_1 contains 0 device instances.
Circuit contains 0 nets, and 6 disconnected pins.
Contents of circuit 2:  Circuit: 'sky130_fd_sc_hd__dlygate4sd3_1'
Circuit sky130_fd_sc_hd__dlygate4sd3_1 contains 8 device instances.
  Class: sky130_fd_pr__nfet_01v8 instances:   4
  Class: sky130_fd_pr__pfet_01v8_hvt instances:   4
Circuit contains 9 nets.

Circuit sky130_fd_sc_hd__dlygate4sd3_1 contains no devices.

Contents of circuit 1:  Circuit: 'sky130_fd_sc_hd__clkbuf_16'
Circuit sky130_fd_sc_hd__clkbuf_16 contains 0 device instances.
Circuit contains 0 nets, and 6 disconnected pins.
Contents of circuit 2:  Circuit: 'sky130_fd_sc_hd__clkbuf_16'
Circuit sky130_fd_sc_hd__clkbuf_16 contains 40 device instances.
  Class: sky130_fd_pr__nfet_01v8 instances:  20
  Class: sky130_fd_pr__pfet_01v8_hvt instances:  20
Circuit contains 7 nets.

Circuit sky130_fd_sc_hd__clkbuf_16 contains no devices.

Contents of circuit 1:  Circuit: 'sky130_fd_sc_hd__dfstp_1'
Circuit sky130_fd_sc_hd__dfstp_1 contains 0 device instances.
Circuit contains 0 nets, and 8 disconnected pins.
Contents of circuit 2:  Circuit: 'sky130_fd_sc_hd__dfstp_1'
Circuit sky130_fd_sc_hd__dfstp_1 contains 32 device instances.
  Class: sky130_fd_pr__nfet_01v8 instances:  14
  Class: sky130_fd_pr__pfet_01v8_hvt instances:  16
  Class: sky130_fd_pr__special_nfet_01v8 instances:   2
Circuit contains 24 nets.

Circuit sky130_fd_sc_hd__dfstp_1 contains no devices.

Contents of circuit 1:  Circuit: 'sky130_fd_sc_hd__buf_2'
Circuit sky130_fd_sc_hd__buf_2 contains 0 device instances.
Circuit contains 0 nets, and 6 disconnected pins.
Contents of circuit 2:  Circuit: 'sky130_fd_sc_hd__buf_2'
Circuit sky130_fd_sc_hd__buf_2 contains 6 device instances.
  Class: sky130_fd_pr__nfet_01v8 instances:   3
  Class: sky130_fd_pr__pfet_01v8_hvt instances:   3
Circuit contains 7 nets.

Circuit sky130_fd_sc_hd__buf_2 contains no devices.

Contents of circuit 1:  Circuit: 'sky130_fd_sc_hd__and2b_1'
Circuit sky130_fd_sc_hd__and2b_1 contains 0 device instances.
Circuit contains 0 nets, and 7 disconnected pins.
Contents of circuit 2:  Circuit: 'sky130_fd_sc_hd__and2b_1'
Circuit sky130_fd_sc_hd__and2b_1 contains 8 device instances.
  Class: sky130_fd_pr__nfet_01v8 instances:   4
  Class: sky130_fd_pr__pfet_01v8_hvt instances:   4
Circuit contains 10 nets.

Circuit sky130_fd_sc_hd__and2b_1 contains no devices.

Contents of circuit 1:  Circuit: 'sky130_fd_sc_hd__xnor2_1'
Circuit sky130_fd_sc_hd__xnor2_1 contains 0 device instances.
Circuit contains 0 nets, and 7 disconnected pins.
Contents of circuit 2:  Circuit: 'sky130_fd_sc_hd__xnor2_1'
Circuit sky130_fd_sc_hd__xnor2_1 contains 10 device instances.
  Class: sky130_fd_pr__nfet_01v8 instances:   5
  Class: sky130_fd_pr__pfet_01v8_hvt instances:   5
Circuit contains 11 nets.

Circuit sky130_fd_sc_hd__xnor2_1 contains no devices.

Contents of circuit 1:  Circuit: 'sky130_fd_sc_hd__decap_3'
Circuit sky130_fd_sc_hd__decap_3 contains 0 device instances.
Circuit contains 0 nets, and 4 disconnected pins.
Contents of circuit 2:  Circuit: 'sky130_fd_sc_hd__decap_3'
Circuit sky130_fd_sc_hd__decap_3 contains 2 device instances.
  Class: sky130_fd_pr__nfet_01v8 instances:   1
  Class: sky130_fd_pr__pfet_01v8_hvt instances:   1
Circuit contains 4 nets.

Circuit sky130_fd_sc_hd__decap_3 contains no devices.

Contents of circuit 1:  Circuit: 'sky130_fd_sc_hd__o22a_1'
Circuit sky130_fd_sc_hd__o22a_1 contains 0 device instances.
Circuit contains 0 nets, and 9 disconnected pins.
Contents of circuit 2:  Circuit: 'sky130_fd_sc_hd__o22a_1'
Circuit sky130_fd_sc_hd__o22a_1 contains 10 device instances.
  Class: sky130_fd_pr__nfet_01v8 instances:   5
  Class: sky130_fd_pr__pfet_01v8_hvt instances:   5
Circuit contains 13 nets.

Circuit sky130_fd_sc_hd__o22a_1 contains no devices.

Contents of circuit 1:  Circuit: 'sky130_fd_sc_hd__dfrtp_1'
Circuit sky130_fd_sc_hd__dfrtp_1 contains 0 device instances.
Circuit contains 0 nets, and 8 disconnected pins.
Contents of circuit 2:  Circuit: 'sky130_fd_sc_hd__dfrtp_1'
Circuit sky130_fd_sc_hd__dfrtp_1 contains 28 device instances.
  Class: sky130_fd_pr__nfet_01v8 instances:  10
  Class: sky130_fd_pr__pfet_01v8_hvt instances:  14
  Class: sky130_fd_pr__special_nfet_01v8 instances:   4
Circuit contains 21 nets.

Circuit sky130_fd_sc_hd__dfrtp_1 contains no devices.

Contents of circuit 1:  Circuit: 'sky130_fd_sc_hd__and3_1'
Circuit sky130_fd_sc_hd__and3_1 contains 0 device instances.
Circuit contains 0 nets, and 8 disconnected pins.
Contents of circuit 2:  Circuit: 'sky130_fd_sc_hd__and3_1'
Circuit sky130_fd_sc_hd__and3_1 contains 8 device instances.
  Class: sky130_fd_pr__nfet_01v8 instances:   4
  Class: sky130_fd_pr__pfet_01v8_hvt instances:   4
Circuit contains 11 nets.

Circuit sky130_fd_sc_hd__and3_1 contains no devices.

Contents of circuit 1:  Circuit: 'sky130_fd_sc_hd__xnor2_2'
Circuit sky130_fd_sc_hd__xnor2_2 contains 0 device instances.
Circuit contains 0 nets, and 7 disconnected pins.
Contents of circuit 2:  Circuit: 'sky130_fd_sc_hd__xnor2_2'
Circuit sky130_fd_sc_hd__xnor2_2 contains 20 device instances.
  Class: sky130_fd_pr__nfet_01v8 instances:  10
  Class: sky130_fd_pr__pfet_01v8_hvt instances:  10
Circuit contains 11 nets.

Circuit sky130_fd_sc_hd__xnor2_2 contains no devices.

Contents of circuit 1:  Circuit: 'sky130_fd_sc_hd__dfrtp_2'
Circuit sky130_fd_sc_hd__dfrtp_2 contains 0 device instances.
Circuit contains 0 nets, and 8 disconnected pins.
Contents of circuit 2:  Circuit: 'sky130_fd_sc_hd__dfrtp_2'
Circuit sky130_fd_sc_hd__dfrtp_2 contains 30 device instances.
  Class: sky130_fd_pr__nfet_01v8 instances:  11
  Class: sky130_fd_pr__pfet_01v8_hvt instances:  15
  Class: sky130_fd_pr__special_nfet_01v8 instances:   4
Circuit contains 21 nets.

Circuit sky130_fd_sc_hd__dfrtp_2 contains no devices.

Contents of circuit 1:  Circuit: 'sky130_fd_sc_hd__a22o_1'
Circuit sky130_fd_sc_hd__a22o_1 contains 0 device instances.
Circuit contains 0 nets, and 9 disconnected pins.
Contents of circuit 2:  Circuit: 'sky130_fd_sc_hd__a22o_1'
Circuit sky130_fd_sc_hd__a22o_1 contains 10 device instances.
  Class: sky130_fd_pr__nfet_01v8 instances:   5
  Class: sky130_fd_pr__pfet_01v8_hvt instances:   5
Circuit contains 13 nets.

Circuit sky130_fd_sc_hd__a22o_1 contains no devices.

Contents of circuit 1:  Circuit: 'sky130_fd_sc_hd__nand2_4'
Circuit sky130_fd_sc_hd__nand2_4 contains 0 device instances.
Circuit contains 0 nets, and 7 disconnected pins.
Contents of circuit 2:  Circuit: 'sky130_fd_sc_hd__nand2_4'
Circuit sky130_fd_sc_hd__nand2_4 contains 16 device instances.
  Class: sky130_fd_pr__nfet_01v8 instances:   8
  Class: sky130_fd_pr__pfet_01v8_hvt instances:   8
Circuit contains 8 nets.

Circuit sky130_fd_sc_hd__nand2_4 contains no devices.

Contents of circuit 1:  Circuit: 'sky130_fd_sc_hd__o21a_1'
Circuit sky130_fd_sc_hd__o21a_1 contains 0 device instances.
Circuit contains 0 nets, and 8 disconnected pins.
Contents of circuit 2:  Circuit: 'sky130_fd_sc_hd__o21a_1'
Circuit sky130_fd_sc_hd__o21a_1 contains 8 device instances.
  Class: sky130_fd_pr__nfet_01v8 instances:   4
  Class: sky130_fd_pr__pfet_01v8_hvt instances:   4
Circuit contains 11 nets.

Circuit sky130_fd_sc_hd__o21a_1 contains no devices.

Contents of circuit 1:  Circuit: 'sky130_fd_sc_hd__or4b_2'
Circuit sky130_fd_sc_hd__or4b_2 contains 0 device instances.
Circuit contains 0 nets, and 9 disconnected pins.
Contents of circuit 2:  Circuit: 'sky130_fd_sc_hd__or4b_2'
Circuit sky130_fd_sc_hd__or4b_2 contains 14 device instances.
  Class: sky130_fd_pr__nfet_01v8 instances:   7
  Class: sky130_fd_pr__pfet_01v8_hvt instances:   7
Circuit contains 14 nets.

Circuit sky130_fd_sc_hd__or4b_2 contains no devices.

Contents of circuit 1:  Circuit: 'sky130_fd_sc_hd__and4b_4'
Circuit sky130_fd_sc_hd__and4b_4 contains 0 device instances.
Circuit contains 0 nets, and 9 disconnected pins.
Contents of circuit 2:  Circuit: 'sky130_fd_sc_hd__and4b_4'
Circuit sky130_fd_sc_hd__and4b_4 contains 18 device instances.
  Class: sky130_fd_pr__nfet_01v8 instances:   9
  Class: sky130_fd_pr__pfet_01v8_hvt instances:   9
Circuit contains 14 nets.

Circuit sky130_fd_sc_hd__and4b_4 contains no devices.

Contents of circuit 1:  Circuit: 'sky130_fd_sc_hd__nand3_1'
Circuit sky130_fd_sc_hd__nand3_1 contains 0 device instances.
Circuit contains 0 nets, and 8 disconnected pins.
Contents of circuit 2:  Circuit: 'sky130_fd_sc_hd__nand3_1'
Circuit sky130_fd_sc_hd__nand3_1 contains 6 device instances.
  Class: sky130_fd_pr__nfet_01v8 instances:   3
  Class: sky130_fd_pr__pfet_01v8_hvt instances:   3
Circuit contains 10 nets.

Circuit sky130_fd_sc_hd__nand3_1 contains no devices.

Contents of circuit 1:  Circuit: 'sky130_fd_sc_hd__clkinv_4'
Circuit sky130_fd_sc_hd__clkinv_4 contains 0 device instances.
Circuit contains 0 nets, and 6 disconnected pins.
Contents of circuit 2:  Circuit: 'sky130_fd_sc_hd__clkinv_4'
Circuit sky130_fd_sc_hd__clkinv_4 contains 10 device instances.
  Class: sky130_fd_pr__nfet_01v8 instances:   4
  Class: sky130_fd_pr__pfet_01v8_hvt instances:   6
Circuit contains 6 nets.

Circuit sky130_fd_sc_hd__clkinv_4 contains no devices.

Contents of circuit 1:  Circuit: 'sky130_fd_sc_hd__a21oi_1'
Circuit sky130_fd_sc_hd__a21oi_1 contains 0 device instances.
Circuit contains 0 nets, and 8 disconnected pins.
Contents of circuit 2:  Circuit: 'sky130_fd_sc_hd__a21oi_1'
Circuit sky130_fd_sc_hd__a21oi_1 contains 6 device instances.
  Class: sky130_fd_pr__nfet_01v8 instances:   3
  Class: sky130_fd_pr__pfet_01v8_hvt instances:   3
Circuit contains 10 nets.

Circuit sky130_fd_sc_hd__a21oi_1 contains no devices.

Contents of circuit 1:  Circuit: 'sky130_fd_sc_hd__and4b_1'
Circuit sky130_fd_sc_hd__and4b_1 contains 0 device instances.
Circuit contains 0 nets, and 9 disconnected pins.
Contents of circuit 2:  Circuit: 'sky130_fd_sc_hd__and4b_1'
Circuit sky130_fd_sc_hd__and4b_1 contains 12 device instances.
  Class: sky130_fd_pr__nfet_01v8 instances:   6
  Class: sky130_fd_pr__pfet_01v8_hvt instances:   6
Circuit contains 14 nets.

Circuit sky130_fd_sc_hd__and4b_1 contains no devices.

Contents of circuit 1:  Circuit: 'sky130_fd_sc_hd__nand2_8'
Circuit sky130_fd_sc_hd__nand2_8 contains 0 device instances.
Circuit contains 0 nets, and 7 disconnected pins.
Contents of circuit 2:  Circuit: 'sky130_fd_sc_hd__nand2_8'
Circuit sky130_fd_sc_hd__nand2_8 contains 32 device instances.
  Class: sky130_fd_pr__nfet_01v8 instances:  16
  Class: sky130_fd_pr__pfet_01v8_hvt instances:  16
Circuit contains 8 nets.

Circuit sky130_fd_sc_hd__nand2_8 contains no devices.

Contents of circuit 1:  Circuit: 'sky130_fd_sc_hd__dfrtp_4'
Circuit sky130_fd_sc_hd__dfrtp_4 contains 0 device instances.
Circuit contains 0 nets, and 8 disconnected pins.
Contents of circuit 2:  Circuit: 'sky130_fd_sc_hd__dfrtp_4'
Circuit sky130_fd_sc_hd__dfrtp_4 contains 34 device instances.
  Class: sky130_fd_pr__nfet_01v8 instances:  13
  Class: sky130_fd_pr__pfet_01v8_hvt instances:  17
  Class: sky130_fd_pr__special_nfet_01v8 instances:   4
Circuit contains 21 nets.

Circuit sky130_fd_sc_hd__dfrtp_4 contains no devices.

Contents of circuit 1:  Circuit: 'sky130_fd_sc_hd__inv_6'
Circuit sky130_fd_sc_hd__inv_6 contains 0 device instances.
Circuit contains 0 nets, and 6 disconnected pins.
Contents of circuit 2:  Circuit: 'sky130_fd_sc_hd__inv_6'
Circuit sky130_fd_sc_hd__inv_6 contains 12 device instances.
  Class: sky130_fd_pr__nfet_01v8 instances:   6
  Class: sky130_fd_pr__pfet_01v8_hvt instances:   6
Circuit contains 6 nets.

Circuit sky130_fd_sc_hd__inv_6 contains no devices.

Contents of circuit 1:  Circuit: 'sky130_fd_sc_hd__and3_4'
Circuit sky130_fd_sc_hd__and3_4 contains 0 device instances.
Circuit contains 0 nets, and 8 disconnected pins.
Contents of circuit 2:  Circuit: 'sky130_fd_sc_hd__and3_4'
Circuit sky130_fd_sc_hd__and3_4 contains 14 device instances.
  Class: sky130_fd_pr__nfet_01v8 instances:   7
  Class: sky130_fd_pr__pfet_01v8_hvt instances:   7
Circuit contains 11 nets.

Circuit sky130_fd_sc_hd__and3_4 contains no devices.

Contents of circuit 1:  Circuit: 'sky130_fd_sc_hd__buf_8'
Circuit sky130_fd_sc_hd__buf_8 contains 0 device instances.
Circuit contains 0 nets, and 6 disconnected pins.
Contents of circuit 2:  Circuit: 'sky130_fd_sc_hd__buf_8'
Circuit sky130_fd_sc_hd__buf_8 contains 22 device instances.
  Class: sky130_fd_pr__nfet_01v8 instances:  11
  Class: sky130_fd_pr__pfet_01v8_hvt instances:  11
Circuit contains 7 nets.

Circuit sky130_fd_sc_hd__buf_8 contains no devices.

Contents of circuit 1:  Circuit: 'sky130_fd_sc_hd__nor4_2'
Circuit sky130_fd_sc_hd__nor4_2 contains 0 device instances.
Circuit contains 0 nets, and 9 disconnected pins.
Contents of circuit 2:  Circuit: 'sky130_fd_sc_hd__nor4_2'
Circuit sky130_fd_sc_hd__nor4_2 contains 16 device instances.
  Class: sky130_fd_pr__nfet_01v8 instances:   8
  Class: sky130_fd_pr__pfet_01v8_hvt instances:   8
Circuit contains 12 nets.

Circuit sky130_fd_sc_hd__nor4_2 contains no devices.

Contents of circuit 1:  Circuit: 'sky130_fd_sc_hd__nor2_1'
Circuit sky130_fd_sc_hd__nor2_1 contains 0 device instances.
Circuit contains 0 nets, and 7 disconnected pins.
Contents of circuit 2:  Circuit: 'sky130_fd_sc_hd__nor2_1'
Circuit sky130_fd_sc_hd__nor2_1 contains 4 device instances.
  Class: sky130_fd_pr__nfet_01v8 instances:   2
  Class: sky130_fd_pr__pfet_01v8_hvt instances:   2
Circuit contains 8 nets.

Circuit sky130_fd_sc_hd__nor2_1 contains no devices.

Contents of circuit 1:  Circuit: 'sky130_fd_sc_hd__buf_4'
Circuit sky130_fd_sc_hd__buf_4 contains 0 device instances.
Circuit contains 0 nets, and 6 disconnected pins.
Contents of circuit 2:  Circuit: 'sky130_fd_sc_hd__buf_4'
Circuit sky130_fd_sc_hd__buf_4 contains 10 device instances.
  Class: sky130_fd_pr__nfet_01v8 instances:   5
  Class: sky130_fd_pr__pfet_01v8_hvt instances:   5
Circuit contains 7 nets.

Circuit sky130_fd_sc_hd__buf_4 contains no devices.

Contents of circuit 1:  Circuit: 'sky130_fd_sc_hd__clkinv_8'
Circuit sky130_fd_sc_hd__clkinv_8 contains 0 device instances.
Circuit contains 0 nets, and 6 disconnected pins.
Contents of circuit 2:  Circuit: 'sky130_fd_sc_hd__clkinv_8'
Circuit sky130_fd_sc_hd__clkinv_8 contains 20 device instances.
  Class: sky130_fd_pr__nfet_01v8 instances:   8
  Class: sky130_fd_pr__pfet_01v8_hvt instances:  12
Circuit contains 6 nets.

Circuit sky130_fd_sc_hd__clkinv_8 contains no devices.

Contents of circuit 1:  Circuit: 'sky130_fd_sc_hd__bufinv_16'
Circuit sky130_fd_sc_hd__bufinv_16 contains 0 device instances.
Circuit contains 0 nets, and 6 disconnected pins.
Contents of circuit 2:  Circuit: 'sky130_fd_sc_hd__bufinv_16'
Circuit sky130_fd_sc_hd__bufinv_16 contains 50 device instances.
  Class: sky130_fd_pr__nfet_01v8 instances:  25
  Class: sky130_fd_pr__pfet_01v8_hvt instances:  25
Circuit contains 8 nets.

Circuit sky130_fd_sc_hd__bufinv_16 contains no devices.

Contents of circuit 1:  Circuit: 'sky130_fd_sc_hd__and2_4'
Circuit sky130_fd_sc_hd__and2_4 contains 0 device instances.
Circuit contains 0 nets, and 7 disconnected pins.
Contents of circuit 2:  Circuit: 'sky130_fd_sc_hd__and2_4'
Circuit sky130_fd_sc_hd__and2_4 contains 12 device instances.
  Class: sky130_fd_pr__nfet_01v8 instances:   6
  Class: sky130_fd_pr__pfet_01v8_hvt instances:   6
Circuit contains 9 nets.

Circuit sky130_fd_sc_hd__and2_4 contains no devices.

Contents of circuit 1:  Circuit: 'sky130_fd_sc_hd__o21ai_2'
Circuit sky130_fd_sc_hd__o21ai_2 contains 0 device instances.
Circuit contains 0 nets, and 8 disconnected pins.
Contents of circuit 2:  Circuit: 'sky130_fd_sc_hd__o21ai_2'
Circuit sky130_fd_sc_hd__o21ai_2 contains 12 device instances.
  Class: sky130_fd_pr__nfet_01v8 instances:   6
  Class: sky130_fd_pr__pfet_01v8_hvt instances:   6
Circuit contains 10 nets.

Circuit sky130_fd_sc_hd__o21ai_2 contains no devices.

Contents of circuit 1:  Circuit: 'sky130_fd_sc_hd__and4_4'
Circuit sky130_fd_sc_hd__and4_4 contains 0 device instances.
Circuit contains 0 nets, and 9 disconnected pins.
Contents of circuit 2:  Circuit: 'sky130_fd_sc_hd__and4_4'
Circuit sky130_fd_sc_hd__and4_4 contains 16 device instances.
  Class: sky130_fd_pr__nfet_01v8 instances:   8
  Class: sky130_fd_pr__pfet_01v8_hvt instances:   8
Circuit contains 13 nets.

Circuit sky130_fd_sc_hd__and4_4 contains no devices.

Contents of circuit 1:  Circuit: 'sky130_fd_sc_hd__buf_6'
Circuit sky130_fd_sc_hd__buf_6 contains 0 device instances.
Circuit contains 0 nets, and 6 disconnected pins.
Contents of circuit 2:  Circuit: 'sky130_fd_sc_hd__buf_6'
Circuit sky130_fd_sc_hd__buf_6 contains 16 device instances.
  Class: sky130_fd_pr__nfet_01v8 instances:   8
  Class: sky130_fd_pr__pfet_01v8_hvt instances:   8
Circuit contains 7 nets.

Circuit sky130_fd_sc_hd__buf_6 contains no devices.

Contents of circuit 1:  Circuit: 'sky130_fd_sc_hd__a21boi_1'
Circuit sky130_fd_sc_hd__a21boi_1 contains 0 device instances.
Circuit contains 0 nets, and 8 disconnected pins.
Contents of circuit 2:  Circuit: 'sky130_fd_sc_hd__a21boi_1'
Circuit sky130_fd_sc_hd__a21boi_1 contains 8 device instances.
  Class: sky130_fd_pr__nfet_01v8 instances:   4
  Class: sky130_fd_pr__pfet_01v8_hvt instances:   4
Circuit contains 11 nets.

Circuit sky130_fd_sc_hd__a21boi_1 contains no devices.

Contents of circuit 1:  Circuit: 'sky130_fd_sc_hd__or2_4'
Circuit sky130_fd_sc_hd__or2_4 contains 0 device instances.
Circuit contains 0 nets, and 7 disconnected pins.
Contents of circuit 2:  Circuit: 'sky130_fd_sc_hd__or2_4'
Circuit sky130_fd_sc_hd__or2_4 contains 12 device instances.
  Class: sky130_fd_pr__nfet_01v8 instances:   6
  Class: sky130_fd_pr__pfet_01v8_hvt instances:   6
Circuit contains 9 nets.

Circuit sky130_fd_sc_hd__or2_4 contains no devices.

Contents of circuit 1:  Circuit: 'sky130_fd_sc_hd__and3b_1'
Circuit sky130_fd_sc_hd__and3b_1 contains 0 device instances.
Circuit contains 0 nets, and 8 disconnected pins.
Contents of circuit 2:  Circuit: 'sky130_fd_sc_hd__and3b_1'
Circuit sky130_fd_sc_hd__and3b_1 contains 10 device instances.
  Class: sky130_fd_pr__nfet_01v8 instances:   5
  Class: sky130_fd_pr__pfet_01v8_hvt instances:   5
Circuit contains 12 nets.

Circuit sky130_fd_sc_hd__and3b_1 contains no devices.

Contents of circuit 1:  Circuit: 'sky130_fd_sc_hd__nor2_4'
Circuit sky130_fd_sc_hd__nor2_4 contains 0 device instances.
Circuit contains 0 nets, and 7 disconnected pins.
Contents of circuit 2:  Circuit: 'sky130_fd_sc_hd__nor2_4'
Circuit sky130_fd_sc_hd__nor2_4 contains 16 device instances.
  Class: sky130_fd_pr__nfet_01v8 instances:   8
  Class: sky130_fd_pr__pfet_01v8_hvt instances:   8
Circuit contains 8 nets.

Circuit sky130_fd_sc_hd__nor2_4 contains no devices.

Contents of circuit 1:  Circuit: 'sky130_fd_sc_hd__a31o_1'
Circuit sky130_fd_sc_hd__a31o_1 contains 0 device instances.
Circuit contains 0 nets, and 9 disconnected pins.
Contents of circuit 2:  Circuit: 'sky130_fd_sc_hd__a31o_1'
Circuit sky130_fd_sc_hd__a31o_1 contains 10 device instances.
  Class: sky130_fd_pr__nfet_01v8 instances:   5
  Class: sky130_fd_pr__pfet_01v8_hvt instances:   5
Circuit contains 13 nets.

Circuit sky130_fd_sc_hd__a31o_1 contains no devices.

Contents of circuit 1:  Circuit: 'sky130_fd_sc_hd__o31a_1'
Circuit sky130_fd_sc_hd__o31a_1 contains 0 device instances.
Circuit contains 0 nets, and 9 disconnected pins.
Contents of circuit 2:  Circuit: 'sky130_fd_sc_hd__o31a_1'
Circuit sky130_fd_sc_hd__o31a_1 contains 10 device instances.
  Class: sky130_fd_pr__nfet_01v8 instances:   5
  Class: sky130_fd_pr__pfet_01v8_hvt instances:   5
Circuit contains 13 nets.

Circuit sky130_fd_sc_hd__o31a_1 contains no devices.

Contents of circuit 1:  Circuit: 'sky130_fd_sc_hd__nand2_1'
Circuit sky130_fd_sc_hd__nand2_1 contains 0 device instances.
Circuit contains 0 nets, and 7 disconnected pins.
Contents of circuit 2:  Circuit: 'sky130_fd_sc_hd__nand2_1'
Circuit sky130_fd_sc_hd__nand2_1 contains 4 device instances.
  Class: sky130_fd_pr__nfet_01v8 instances:   2
  Class: sky130_fd_pr__pfet_01v8_hvt instances:   2
Circuit contains 8 nets.

Circuit sky130_fd_sc_hd__nand2_1 contains no devices.

Contents of circuit 1:  Circuit: 'sky130_fd_sc_hd__or4bb_1'
Circuit sky130_fd_sc_hd__or4bb_1 contains 0 device instances.
Circuit contains 0 nets, and 9 disconnected pins.
Contents of circuit 2:  Circuit: 'sky130_fd_sc_hd__or4bb_1'
Circuit sky130_fd_sc_hd__or4bb_1 contains 14 device instances.
  Class: sky130_fd_pr__nfet_01v8 instances:   7
  Class: sky130_fd_pr__pfet_01v8_hvt instances:   7
Circuit contains 15 nets.

Circuit sky130_fd_sc_hd__or4bb_1 contains no devices.

Contents of circuit 1:  Circuit: 'sky130_fd_sc_hd__buf_1'
Circuit sky130_fd_sc_hd__buf_1 contains 0 device instances.
Circuit contains 0 nets, and 6 disconnected pins.
Contents of circuit 2:  Circuit: 'sky130_fd_sc_hd__buf_1'
Circuit sky130_fd_sc_hd__buf_1 contains 4 device instances.
  Class: sky130_fd_pr__nfet_01v8 instances:   2
  Class: sky130_fd_pr__pfet_01v8_hvt instances:   2
Circuit contains 7 nets.

Circuit sky130_fd_sc_hd__buf_1 contains no devices.

Contents of circuit 1:  Circuit: 'sky130_fd_sc_hd__clkbuf_1'
Circuit sky130_fd_sc_hd__clkbuf_1 contains 0 device instances.
Circuit contains 0 nets, and 6 disconnected pins.
Contents of circuit 2:  Circuit: 'sky130_fd_sc_hd__clkbuf_1'
Circuit sky130_fd_sc_hd__clkbuf_1 contains 4 device instances.
  Class: sky130_fd_pr__nfet_01v8 instances:   2
  Class: sky130_fd_pr__pfet_01v8_hvt instances:   2
Circuit contains 7 nets.

Circuit sky130_fd_sc_hd__clkbuf_1 contains no devices.

Contents of circuit 1:  Circuit: 'sky130_fd_sc_hd__and4bb_1'
Circuit sky130_fd_sc_hd__and4bb_1 contains 0 device instances.
Circuit contains 0 nets, and 9 disconnected pins.
Contents of circuit 2:  Circuit: 'sky130_fd_sc_hd__and4bb_1'
Circuit sky130_fd_sc_hd__and4bb_1 contains 14 device instances.
  Class: sky130_fd_pr__nfet_01v8 instances:   7
  Class: sky130_fd_pr__pfet_01v8_hvt instances:   7
Circuit contains 15 nets.

Circuit sky130_fd_sc_hd__and4bb_1 contains no devices.

Contents of circuit 1:  Circuit: 'sky130_fd_sc_hd__o2bb2a_1'
Circuit sky130_fd_sc_hd__o2bb2a_1 contains 0 device instances.
Circuit contains 0 nets, and 9 disconnected pins.
Contents of circuit 2:  Circuit: 'sky130_fd_sc_hd__o2bb2a_1'
Circuit sky130_fd_sc_hd__o2bb2a_1 contains 12 device instances.
  Class: sky130_fd_pr__nfet_01v8 instances:   6
  Class: sky130_fd_pr__pfet_01v8_hvt instances:   6
Circuit contains 14 nets.

Circuit sky130_fd_sc_hd__o2bb2a_1 contains no devices.

Contents of circuit 1:  Circuit: 'sky130_fd_sc_hd__a21oi_2'
Circuit sky130_fd_sc_hd__a21oi_2 contains 0 device instances.
Circuit contains 0 nets, and 8 disconnected pins.
Contents of circuit 2:  Circuit: 'sky130_fd_sc_hd__a21oi_2'
Circuit sky130_fd_sc_hd__a21oi_2 contains 12 device instances.
  Class: sky130_fd_pr__nfet_01v8 instances:   6
  Class: sky130_fd_pr__pfet_01v8_hvt instances:   6
Circuit contains 11 nets.

Circuit sky130_fd_sc_hd__a21oi_2 contains no devices.

Contents of circuit 1:  Circuit: 'sky130_fd_sc_hd__nand2b_1'
Circuit sky130_fd_sc_hd__nand2b_1 contains 0 device instances.
Circuit contains 0 nets, and 7 disconnected pins.
Contents of circuit 2:  Circuit: 'sky130_fd_sc_hd__nand2b_1'
Circuit sky130_fd_sc_hd__nand2b_1 contains 6 device instances.
  Class: sky130_fd_pr__nfet_01v8 instances:   3
  Class: sky130_fd_pr__pfet_01v8_hvt instances:   3
Circuit contains 9 nets.

Circuit sky130_fd_sc_hd__nand2b_1 contains no devices.

Contents of circuit 1:  Circuit: 'sky130_fd_sc_hd__a211o_1'
Circuit sky130_fd_sc_hd__a211o_1 contains 0 device instances.
Circuit contains 0 nets, and 9 disconnected pins.
Contents of circuit 2:  Circuit: 'sky130_fd_sc_hd__a211o_1'
Circuit sky130_fd_sc_hd__a211o_1 contains 10 device instances.
  Class: sky130_fd_pr__nfet_01v8 instances:   5
  Class: sky130_fd_pr__pfet_01v8_hvt instances:   5
Circuit contains 13 nets.

Circuit sky130_fd_sc_hd__a211o_1 contains no devices.

Contents of circuit 1:  Circuit: 'sky130_fd_sc_hd__a21o_1'
Circuit sky130_fd_sc_hd__a21o_1 contains 0 device instances.
Circuit contains 0 nets, and 8 disconnected pins.
Contents of circuit 2:  Circuit: 'sky130_fd_sc_hd__a21o_1'
Circuit sky130_fd_sc_hd__a21o_1 contains 8 device instances.
  Class: sky130_fd_pr__nfet_01v8 instances:   4
  Class: sky130_fd_pr__pfet_01v8_hvt instances:   4
Circuit contains 11 nets.

Circuit sky130_fd_sc_hd__a21o_1 contains no devices.

Contents of circuit 1:  Circuit: 'sky130_fd_sc_hd__and4_1'
Circuit sky130_fd_sc_hd__and4_1 contains 0 device instances.
Circuit contains 0 nets, and 9 disconnected pins.
Contents of circuit 2:  Circuit: 'sky130_fd_sc_hd__and4_1'
Circuit sky130_fd_sc_hd__and4_1 contains 10 device instances.
  Class: sky130_fd_pr__nfet_01v8 instances:   5
  Class: sky130_fd_pr__pfet_01v8_hvt instances:   5
Circuit contains 13 nets.

Circuit sky130_fd_sc_hd__and4_1 contains no devices.

Contents of circuit 1:  Circuit: 'sky130_fd_sc_hd__and2_1'
Circuit sky130_fd_sc_hd__and2_1 contains 0 device instances.
Circuit contains 0 nets, and 7 disconnected pins.
Contents of circuit 2:  Circuit: 'sky130_fd_sc_hd__and2_1'
Circuit sky130_fd_sc_hd__and2_1 contains 6 device instances.
  Class: sky130_fd_pr__nfet_01v8 instances:   3
  Class: sky130_fd_pr__pfet_01v8_hvt instances:   3
Circuit contains 9 nets.

Circuit sky130_fd_sc_hd__and2_1 contains no devices.

Contents of circuit 1:  Circuit: 'sky130_fd_sc_hd__dlymetal6s2s_1'
Circuit sky130_fd_sc_hd__dlymetal6s2s_1 contains 0 device instances.
Circuit contains 0 nets, and 6 disconnected pins.
Contents of circuit 2:  Circuit: 'sky130_fd_sc_hd__dlymetal6s2s_1'
Circuit sky130_fd_sc_hd__dlymetal6s2s_1 contains 12 device instances.
  Class: sky130_fd_pr__nfet_01v8 instances:   6
  Class: sky130_fd_pr__pfet_01v8_hvt instances:   6
Circuit contains 11 nets.

Circuit sky130_fd_sc_hd__dlymetal6s2s_1 contains no devices.

Contents of circuit 1:  Circuit: 'sky130_fd_sc_hd__a21bo_1'
Circuit sky130_fd_sc_hd__a21bo_1 contains 0 device instances.
Circuit contains 0 nets, and 8 disconnected pins.
Contents of circuit 2:  Circuit: 'sky130_fd_sc_hd__a21bo_1'
Circuit sky130_fd_sc_hd__a21bo_1 contains 10 device instances.
  Class: sky130_fd_pr__nfet_01v8 instances:   5
  Class: sky130_fd_pr__pfet_01v8_hvt instances:   5
Circuit contains 12 nets.

Circuit sky130_fd_sc_hd__a21bo_1 contains no devices.

Contents of circuit 1:  Circuit: 'sky130_fd_sc_hd__or3_1'
Circuit sky130_fd_sc_hd__or3_1 contains 0 device instances.
Circuit contains 0 nets, and 8 disconnected pins.
Contents of circuit 2:  Circuit: 'sky130_fd_sc_hd__or3_1'
Circuit sky130_fd_sc_hd__or3_1 contains 8 device instances.
  Class: sky130_fd_pr__nfet_01v8 instances:   4
  Class: sky130_fd_pr__pfet_01v8_hvt instances:   4
Circuit contains 11 nets.

Circuit sky130_fd_sc_hd__or3_1 contains no devices.

Contents of circuit 1:  Circuit: 'sky130_fd_sc_hd__nor2_2'
Circuit sky130_fd_sc_hd__nor2_2 contains 0 device instances.
Circuit contains 0 nets, and 7 disconnected pins.
Contents of circuit 2:  Circuit: 'sky130_fd_sc_hd__nor2_2'
Circuit sky130_fd_sc_hd__nor2_2 contains 8 device instances.
  Class: sky130_fd_pr__nfet_01v8 instances:   4
  Class: sky130_fd_pr__pfet_01v8_hvt instances:   4
Circuit contains 8 nets.

Circuit sky130_fd_sc_hd__nor2_2 contains no devices.

Contents of circuit 1:  Circuit: 'sky130_fd_sc_hd__a41oi_1'
Circuit sky130_fd_sc_hd__a41oi_1 contains 0 device instances.
Circuit contains 0 nets, and 10 disconnected pins.
Contents of circuit 2:  Circuit: 'sky130_fd_sc_hd__a41oi_1'
Circuit sky130_fd_sc_hd__a41oi_1 contains 10 device instances.
  Class: sky130_fd_pr__nfet_01v8 instances:   5
  Class: sky130_fd_pr__pfet_01v8_hvt instances:   5
Circuit contains 14 nets.

Circuit sky130_fd_sc_hd__a41oi_1 contains no devices.

Contents of circuit 1:  Circuit: 'sky130_fd_sc_hd__clkbuf_2'
Circuit sky130_fd_sc_hd__clkbuf_2 contains 0 device instances.
Circuit contains 0 nets, and 6 disconnected pins.
Contents of circuit 2:  Circuit: 'sky130_fd_sc_hd__clkbuf_2'
Circuit sky130_fd_sc_hd__clkbuf_2 contains 6 device instances.
  Class: sky130_fd_pr__nfet_01v8 instances:   3
  Class: sky130_fd_pr__pfet_01v8_hvt instances:   3
Circuit contains 7 nets.

Circuit sky130_fd_sc_hd__clkbuf_2 contains no devices.

Contents of circuit 1:  Circuit: 'sky130_fd_sc_hd__or2_1'
Circuit sky130_fd_sc_hd__or2_1 contains 0 device instances.
Circuit contains 0 nets, and 7 disconnected pins.
Contents of circuit 2:  Circuit: 'sky130_fd_sc_hd__or2_1'
Circuit sky130_fd_sc_hd__or2_1 contains 6 device instances.
  Class: sky130_fd_pr__nfet_01v8 instances:   3
  Class: sky130_fd_pr__pfet_01v8_hvt instances:   3
Circuit contains 9 nets.

Circuit sky130_fd_sc_hd__or2_1 contains no devices.

Contents of circuit 1:  Circuit: 'sky130_fd_sc_hd__and3_2'
Circuit sky130_fd_sc_hd__and3_2 contains 0 device instances.
Circuit contains 0 nets, and 8 disconnected pins.
Contents of circuit 2:  Circuit: 'sky130_fd_sc_hd__and3_2'
Circuit sky130_fd_sc_hd__and3_2 contains 10 device instances.
  Class: sky130_fd_pr__nfet_01v8 instances:   5
  Class: sky130_fd_pr__pfet_01v8_hvt instances:   5
Circuit contains 11 nets.

Circuit sky130_fd_sc_hd__and3_2 contains no devices.

Contents of circuit 1:  Circuit: 'sky130_fd_sc_hd__clkbuf_4'
Circuit sky130_fd_sc_hd__clkbuf_4 contains 0 device instances.
Circuit contains 0 nets, and 6 disconnected pins.
Contents of circuit 2:  Circuit: 'sky130_fd_sc_hd__clkbuf_4'
Circuit sky130_fd_sc_hd__clkbuf_4 contains 10 device instances.
  Class: sky130_fd_pr__nfet_01v8 instances:   5
  Class: sky130_fd_pr__pfet_01v8_hvt instances:   5
Circuit contains 7 nets.

Circuit sky130_fd_sc_hd__clkbuf_4 contains no devices.

Contents of circuit 1:  Circuit: 'sky130_fd_sc_hd__nand2_2'
Circuit sky130_fd_sc_hd__nand2_2 contains 0 device instances.
Circuit contains 0 nets, and 7 disconnected pins.
Contents of circuit 2:  Circuit: 'sky130_fd_sc_hd__nand2_2'
Circuit sky130_fd_sc_hd__nand2_2 contains 8 device instances.
  Class: sky130_fd_pr__nfet_01v8 instances:   4
  Class: sky130_fd_pr__pfet_01v8_hvt instances:   4
Circuit contains 8 nets.

Circuit sky130_fd_sc_hd__nand2_2 contains no devices.

Contents of circuit 1:  Circuit: 'sky130_fd_sc_hd__xor2_1'
Circuit sky130_fd_sc_hd__xor2_1 contains 0 device instances.
Circuit contains 0 nets, and 7 disconnected pins.
Contents of circuit 2:  Circuit: 'sky130_fd_sc_hd__xor2_1'
Circuit sky130_fd_sc_hd__xor2_1 contains 10 device instances.
  Class: sky130_fd_pr__nfet_01v8 instances:   5
  Class: sky130_fd_pr__pfet_01v8_hvt instances:   5
Circuit contains 11 nets.

Circuit sky130_fd_sc_hd__xor2_1 contains no devices.

Contents of circuit 1:  Circuit: 'sky130_fd_sc_hd__nor3_2'
Circuit sky130_fd_sc_hd__nor3_2 contains 0 device instances.
Circuit contains 0 nets, and 8 disconnected pins.
Contents of circuit 2:  Circuit: 'sky130_fd_sc_hd__nor3_2'
Circuit sky130_fd_sc_hd__nor3_2 contains 12 device instances.
  Class: sky130_fd_pr__nfet_01v8 instances:   6
  Class: sky130_fd_pr__pfet_01v8_hvt instances:   6
Circuit contains 10 nets.

Circuit sky130_fd_sc_hd__nor3_2 contains no devices.

Contents of circuit 1:  Circuit: 'sky130_fd_sc_hd__xor2_2'
Circuit sky130_fd_sc_hd__xor2_2 contains 0 device instances.
Circuit contains 0 nets, and 7 disconnected pins.
Contents of circuit 2:  Circuit: 'sky130_fd_sc_hd__xor2_2'
Circuit sky130_fd_sc_hd__xor2_2 contains 20 device instances.
  Class: sky130_fd_pr__nfet_01v8 instances:  10
  Class: sky130_fd_pr__pfet_01v8_hvt instances:  10
Circuit contains 11 nets.

Circuit sky130_fd_sc_hd__xor2_2 contains no devices.

Contents of circuit 1:  Circuit: 'sky130_fd_sc_hd__nor3_1'
Circuit sky130_fd_sc_hd__nor3_1 contains 0 device instances.
Circuit contains 0 nets, and 8 disconnected pins.
Contents of circuit 2:  Circuit: 'sky130_fd_sc_hd__nor3_1'
Circuit sky130_fd_sc_hd__nor3_1 contains 6 device instances.
  Class: sky130_fd_pr__nfet_01v8 instances:   3
  Class: sky130_fd_pr__pfet_01v8_hvt instances:   3
Circuit contains 10 nets.

Circuit sky130_fd_sc_hd__nor3_1 contains no devices.

Contents of circuit 1:  Circuit: 'sky130_fd_sc_hd__o21ba_1'
Circuit sky130_fd_sc_hd__o21ba_1 contains 0 device instances.
Circuit contains 0 nets, and 8 disconnected pins.
Contents of circuit 2:  Circuit: 'sky130_fd_sc_hd__o21ba_1'
Circuit sky130_fd_sc_hd__o21ba_1 contains 10 device instances.
  Class: sky130_fd_pr__nfet_01v8 instances:   5
  Class: sky130_fd_pr__pfet_01v8_hvt instances:   5
Circuit contains 12 nets.

Circuit sky130_fd_sc_hd__o21ba_1 contains no devices.

Contents of circuit 1:  Circuit: 'top_soc'
Circuit top_soc contains 10709 device instances.
  Class: sky130_fd_sc_hd__bufinv_16 instances:   2
  Class: sky130_fd_sc_hd__a41o_1 instances:   1
  Class: sky130_fd_sc_hd__a31o_1 instances:   4
  Class: sky130_fd_sc_hd__a21o_1 instances:   4
  Class: sky130_fd_sc_hd__clkbuf_16 instances:   9
  Class: sky130_fd_sc_hd__or4_1 instances:   2
  Class: sky130_fd_sc_hd__buf_1 instances:  14
  Class: sky130_fd_sc_hd__buf_2 instances:  20
  Class: sky130_fd_sc_hd__buf_4 instances:   3
  Class: sky130_fd_sc_hd__buf_6 instances:   1
  Class: sky130_fd_sc_hd__buf_8 instances:   3
  Class: sky130_fd_sc_hd__and3b_1 instances:   1
  Class: sky130_fd_sc_hd__xor2_1 instances:   1
  Class: sky130_fd_sc_hd__xor2_2 instances:   1
  Class: sky130_fd_sc_hd__dfstp_1 instances:  14
  Class: sky130_fd_sc_hd__dfrtp_1 instances:  51
  Class: sky130_fd_sc_hd__dfrtp_2 instances:   7
  Class: sky130_fd_sc_hd__dfrtp_4 instances:   8
  Class: sky130_fd_sc_hd__and4_1 instances:   2
  Class: sky130_fd_sc_hd__and4_4 instances:   1
  Class: sky130_fd_sc_hd__inv_2 instances:  84
  Class: sky130_fd_sc_hd__inv_6 instances:   3
  Class: sky130_fd_sc_hd__clkbuf_1 instances:  14
  Class: sky130_fd_sc_hd__clkbuf_2 instances:   5
  Class: sky130_fd_sc_hd__clkbuf_4 instances:   1
  Class: sky130_fd_sc_hd__or3_1 instances:   1
  Class: sky130_fd_sc_hd__nand3_1 instances:   1
  Class: sky130_fd_sc_hd__o21ba_1 instances:   1
  Class: sky130_fd_sc_hd__and2b_1 instances:   8
  Class: sky130_fd_sc_hd__conb_1 instances: 222
  Class: sky130_fd_sc_hd__a21boi_1 instances:   6
  Class: sky130_fd_sc_hd__a21bo_1 instances:   3
  Class: sky130_fd_sc_hd__clkinv_4 instances:   1
  Class: sky130_fd_sc_hd__clkinv_8 instances:   1
  Class: sky130_fd_sc_hd__and3_1 instances:   7
  Class: sky130_fd_sc_hd__and3_2 instances:   1
  Class: sky130_fd_sc_hd__and3_4 instances:   1
  Class: sky130_fd_sc_hd__decap_3 instances: 204
  Class: sky130_fd_sc_hd__dlygate4sd3_1 instances:  91
  Class: sky130_fd_sc_hd__or2_1 instances:   2
  Class: sky130_fd_sc_hd__or2_4 instances:   1
  Class: sky130_fd_sc_hd__nand2_1 instances:   5
  Class: sky130_fd_sc_hd__nand2_2 instances:   1
  Class: sky130_fd_sc_hd__nand2_4 instances:   1
  Class: sky130_fd_sc_hd__nand2_8 instances:   1
  Class: sky130_fd_sc_hd__mux2_1 instances:  25
  Class: sky130_fd_sc_hd__and2_1 instances:   1
  Class: sky130_fd_sc_hd__and2_4 instances:   1
  Class: sky130_fd_sc_hd__or4b_2 instances:   1
  Class: sky130_fd_sc_hd__nor4_2 instances:   1
  Class: sky130_fd_sc_hd__o22a_1 instances:   8
  Class: sky130_fd_sc_hd__xnor2_1 instances:   6
  Class: sky130_fd_sc_hd__xnor2_2 instances:   2
  Class: sky130_fd_sc_hd__o211a_1 instances:   5
  Class: sky130_fd_sc_hd__nand2b_1 instances:  13
  Class: sky130_fd_sc_hd__nand2b_2 instances:   2
  Class: sky130_fd_sc_hd__diode_2 instances: 474
  Class: sky130_fd_sc_hd__a221o_1 instances:  14
  Class: sky130_fd_sc_hd__a211o_1 instances:   2
  Class: sky130_fd_sc_hd__dlymetal6s2s_1 instances:   5
  Class: sky130_fd_sc_hd__or4bb_1 instances:   1
  Class: sky130_fd_sc_hd__nor3_1 instances:   1
  Class: sky130_fd_sc_hd__nor3_2 instances:   1
  Class: sky130_fd_sc_hd__a22o_1 instances:  12
  Class: sky130_fd_sc_hd__o31a_1 instances:   1
  Class: sky130_fd_sc_hd__o2bb2a_1 instances:   3
  Class: sky130_fd_sc_hd__o21a_1 instances:   3
  Class: sky130_fd_sc_hd__a41oi_1 instances:   1
  Class: sky130_fd_sc_hd__and4b_1 instances:   5
  Class: sky130_fd_sc_hd__o21ai_2 instances:   2
  Class: sky130_fd_sc_hd__tapvpwrvgnd_1 instances: 1144
  Class: sky130_fd_sc_hd__and4b_4 instances:   1
  Class: sky130_fd_sc_hd__a21oi_1 instances:   6
  Class: sky130_fd_sc_hd__a21oi_2 instances:   1
  Class: sky130_fd_sc_hd__fill_1 instances: 1468
  Class: sky130_fd_sc_hd__fill_2 instances: 1560
  Class: sky130_fd_sc_hd__fill_4 instances: 1107
  Class: sky130_fd_sc_hd__fill_8 instances: 224
  Class: sky130_ef_sc_hd__decap_40_12 instances: 3783
  Class: sky130_fd_sc_hd__and4bb_1 instances:   1
  Class: sky130_fd_sc_hd__nor2_1 instances:   7
  Class: sky130_fd_sc_hd__nor2_2 instances:   1
  Class: sky130_fd_sc_hd__nor2_4 instances:   1
Circuit contains 1010 nets, and 44 disconnected pins.
Contents of circuit 2:  Circuit: 'top_soc'
Circuit top_soc contains 10709 device instances.
  Class: sky130_fd_sc_hd__bufinv_16 instances:   2
  Class: sky130_fd_sc_hd__a41o_1 instances:   1
  Class: sky130_fd_sc_hd__a31o_1 instances:   4
  Class: sky130_fd_sc_hd__a21o_1 instances:   4
  Class: sky130_fd_sc_hd__clkbuf_16 instances:   9
  Class: sky130_fd_sc_hd__or4_1 instances:   2
  Class: sky130_fd_sc_hd__buf_1 instances:  14
  Class: sky130_fd_sc_hd__buf_2 instances:  20
  Class: sky130_fd_sc_hd__buf_4 instances:   3
  Class: sky130_fd_sc_hd__buf_6 instances:   1
  Class: sky130_fd_sc_hd__buf_8 instances:   3
  Class: sky130_fd_sc_hd__and3b_1 instances:   1
  Class: sky130_fd_sc_hd__xor2_1 instances:   1
  Class: sky130_fd_sc_hd__xor2_2 instances:   1
  Class: sky130_fd_sc_hd__dfstp_1 instances:  14
  Class: sky130_fd_sc_hd__dfrtp_1 instances:  51
  Class: sky130_fd_sc_hd__dfrtp_2 instances:   7
  Class: sky130_fd_sc_hd__dfrtp_4 instances:   8
  Class: sky130_fd_sc_hd__and4_1 instances:   2
  Class: sky130_fd_sc_hd__and4_4 instances:   1
  Class: sky130_fd_sc_hd__inv_2 instances:  84
  Class: sky130_fd_sc_hd__inv_6 instances:   3
  Class: sky130_fd_sc_hd__clkbuf_1 instances:  14
  Class: sky130_fd_sc_hd__clkbuf_2 instances:   5
  Class: sky130_fd_sc_hd__clkbuf_4 instances:   1
  Class: sky130_fd_sc_hd__or3_1 instances:   1
  Class: sky130_fd_sc_hd__nand3_1 instances:   1
  Class: sky130_fd_sc_hd__o21ba_1 instances:   1
  Class: sky130_fd_sc_hd__and2b_1 instances:   8
  Class: sky130_fd_sc_hd__conb_1 instances: 222
  Class: sky130_fd_sc_hd__a21boi_1 instances:   6
  Class: sky130_fd_sc_hd__a21bo_1 instances:   3
  Class: sky130_fd_sc_hd__clkinv_4 instances:   1
  Class: sky130_fd_sc_hd__clkinv_8 instances:   1
  Class: sky130_fd_sc_hd__and3_1 instances:   7
  Class: sky130_fd_sc_hd__and3_2 instances:   1
  Class: sky130_fd_sc_hd__and3_4 instances:   1
  Class: sky130_fd_sc_hd__decap_3 instances: 204
  Class: sky130_fd_sc_hd__dlygate4sd3_1 instances:  91
  Class: sky130_fd_sc_hd__or2_1 instances:   2
  Class: sky130_fd_sc_hd__or2_4 instances:   1
  Class: sky130_fd_sc_hd__nand2_1 instances:   5
  Class: sky130_fd_sc_hd__nand2_2 instances:   1
  Class: sky130_fd_sc_hd__nand2_4 instances:   1
  Class: sky130_fd_sc_hd__nand2_8 instances:   1
  Class: sky130_fd_sc_hd__mux2_1 instances:  25
  Class: sky130_fd_sc_hd__and2_1 instances:   1
  Class: sky130_fd_sc_hd__and2_4 instances:   1
  Class: sky130_fd_sc_hd__or4b_2 instances:   1
  Class: sky130_fd_sc_hd__nor4_2 instances:   1
  Class: sky130_fd_sc_hd__o22a_1 instances:   8
  Class: sky130_fd_sc_hd__xnor2_1 instances:   6
  Class: sky130_fd_sc_hd__xnor2_2 instances:   2
  Class: sky130_fd_sc_hd__o211a_1 instances:   5
  Class: sky130_fd_sc_hd__nand2b_1 instances:  13
  Class: sky130_fd_sc_hd__nand2b_2 instances:   2
  Class: sky130_fd_sc_hd__diode_2 instances: 474
  Class: sky130_fd_sc_hd__a221o_1 instances:  14
  Class: sky130_fd_sc_hd__a211o_1 instances:   2
  Class: sky130_fd_sc_hd__dlymetal6s2s_1 instances:   5
  Class: sky130_fd_sc_hd__or4bb_1 instances:   1
  Class: sky130_fd_sc_hd__nor3_1 instances:   1
  Class: sky130_fd_sc_hd__nor3_2 instances:   1
  Class: sky130_fd_sc_hd__a22o_1 instances:  12
  Class: sky130_fd_sc_hd__o31a_1 instances:   1
  Class: sky130_fd_sc_hd__o2bb2a_1 instances:   3
  Class: sky130_fd_sc_hd__o21a_1 instances:   3
  Class: sky130_fd_sc_hd__a41oi_1 instances:   1
  Class: sky130_fd_sc_hd__and4b_1 instances:   5
  Class: sky130_fd_sc_hd__tapvpwrvgnd_1 instances: 1144
  Class: sky130_fd_sc_hd__o21ai_2 instances:   2
  Class: sky130_fd_sc_hd__and4b_4 instances:   1
  Class: sky130_fd_sc_hd__a21oi_1 instances:   6
  Class: sky130_fd_sc_hd__a21oi_2 instances:   1
  Class: sky130_fd_sc_hd__fill_1 instances: 1468
  Class: sky130_fd_sc_hd__fill_2 instances: 1560
  Class: sky130_fd_sc_hd__fill_4 instances: 1107
  Class: sky130_fd_sc_hd__fill_8 instances: 224
  Class: sky130_ef_sc_hd__decap_40_12 instances: 3783
  Class: sky130_fd_sc_hd__and4bb_1 instances:   1
  Class: sky130_fd_sc_hd__nor2_1 instances:   7
  Class: sky130_fd_sc_hd__nor2_2 instances:   1
  Class: sky130_fd_sc_hd__nor2_4 instances:   1
Circuit contains 1010 nets, and 44 disconnected pins.

Circuit was modified by parallel/series device merging.
New circuit summary:

Contents of circuit 1:  Circuit: 'top_soc'
Circuit top_soc contains 857 device instances.
  Class: sky130_fd_sc_hd__bufinv_16 instances:   2
  Class: sky130_fd_sc_hd__a41o_1 instances:   1
  Class: sky130_fd_sc_hd__a31o_1 instances:   4
  Class: sky130_fd_sc_hd__a21o_1 instances:   4
  Class: sky130_fd_sc_hd__clkbuf_16 instances:   9
  Class: sky130_fd_sc_hd__or4_1 instances:   2
  Class: sky130_fd_sc_hd__buf_1 instances:  14
  Class: sky130_fd_sc_hd__buf_2 instances:  20
  Class: sky130_fd_sc_hd__buf_4 instances:   3
  Class: sky130_fd_sc_hd__buf_6 instances:   1
  Class: sky130_fd_sc_hd__buf_8 instances:   3
  Class: sky130_fd_sc_hd__and3b_1 instances:   1
  Class: sky130_fd_sc_hd__xor2_1 instances:   1
  Class: sky130_fd_sc_hd__xor2_2 instances:   1
  Class: sky130_fd_sc_hd__dfstp_1 instances:  14
  Class: sky130_fd_sc_hd__dfrtp_1 instances:  51
  Class: sky130_fd_sc_hd__dfrtp_2 instances:   7
  Class: sky130_fd_sc_hd__dfrtp_4 instances:   8
  Class: sky130_fd_sc_hd__and4_1 instances:   2
  Class: sky130_fd_sc_hd__and4_4 instances:   1
  Class: sky130_fd_sc_hd__inv_2 instances:  84
  Class: sky130_fd_sc_hd__inv_6 instances:   3
  Class: sky130_fd_sc_hd__clkbuf_1 instances:  14
  Class: sky130_fd_sc_hd__clkbuf_2 instances:   5
  Class: sky130_fd_sc_hd__clkbuf_4 instances:   1
  Class: sky130_fd_sc_hd__or3_1 instances:   1
  Class: sky130_fd_sc_hd__nand3_1 instances:   1
  Class: sky130_fd_sc_hd__o21ba_1 instances:   1
  Class: sky130_fd_sc_hd__and2b_1 instances:   8
  Class: sky130_fd_sc_hd__conb_1 instances: 222
  Class: sky130_fd_sc_hd__a21boi_1 instances:   6
  Class: sky130_fd_sc_hd__a21bo_1 instances:   3
  Class: sky130_fd_sc_hd__clkinv_4 instances:   1
  Class: sky130_fd_sc_hd__clkinv_8 instances:   1
  Class: sky130_fd_sc_hd__and3_1 instances:   7
  Class: sky130_fd_sc_hd__and3_2 instances:   1
  Class: sky130_fd_sc_hd__and3_4 instances:   1
  Class: sky130_fd_sc_hd__decap_3 instances:   1
  Class: sky130_fd_sc_hd__dlygate4sd3_1 instances:  91
  Class: sky130_fd_sc_hd__or2_1 instances:   2
  Class: sky130_fd_sc_hd__or2_4 instances:   1
  Class: sky130_fd_sc_hd__nand2_1 instances:   5
  Class: sky130_fd_sc_hd__nand2_2 instances:   1
  Class: sky130_fd_sc_hd__nand2_4 instances:   1
  Class: sky130_fd_sc_hd__nand2_8 instances:   1
  Class: sky130_fd_sc_hd__mux2_1 instances:  25
  Class: sky130_fd_sc_hd__and2_1 instances:   1
  Class: sky130_fd_sc_hd__and2_4 instances:   1
  Class: sky130_fd_sc_hd__or4b_2 instances:   1
  Class: sky130_fd_sc_hd__nor4_2 instances:   1
  Class: sky130_fd_sc_hd__o22a_1 instances:   8
  Class: sky130_fd_sc_hd__xnor2_1 instances:   6
  Class: sky130_fd_sc_hd__xnor2_2 instances:   2
  Class: sky130_fd_sc_hd__o211a_1 instances:   5
  Class: sky130_fd_sc_hd__nand2b_1 instances:  13
  Class: sky130_fd_sc_hd__nand2b_2 instances:   2
  Class: sky130_fd_sc_hd__diode_2 instances: 105
  Class: sky130_fd_sc_hd__a221o_1 instances:  14
  Class: sky130_fd_sc_hd__a211o_1 instances:   2
  Class: sky130_fd_sc_hd__dlymetal6s2s_1 instances:   5
  Class: sky130_fd_sc_hd__or4bb_1 instances:   1
  Class: sky130_fd_sc_hd__nor3_1 instances:   1
  Class: sky130_fd_sc_hd__nor3_2 instances:   1
  Class: sky130_fd_sc_hd__a22o_1 instances:  12
  Class: sky130_fd_sc_hd__o31a_1 instances:   1
  Class: sky130_fd_sc_hd__o2bb2a_1 instances:   3
  Class: sky130_fd_sc_hd__o21a_1 instances:   3
  Class: sky130_fd_sc_hd__a41oi_1 instances:   1
  Class: sky130_fd_sc_hd__and4b_1 instances:   5
  Class: sky130_fd_sc_hd__o21ai_2 instances:   2
  Class: sky130_fd_sc_hd__tapvpwrvgnd_1 instances:   1
  Class: sky130_fd_sc_hd__and4b_4 instances:   1
  Class: sky130_fd_sc_hd__a21oi_1 instances:   6
  Class: sky130_fd_sc_hd__a21oi_2 instances:   1
  Class: sky130_fd_sc_hd__fill_1 instances:   1
  Class: sky130_fd_sc_hd__fill_2 instances:   1
  Class: sky130_fd_sc_hd__fill_4 instances:   1
  Class: sky130_fd_sc_hd__fill_8 instances:   1
  Class: sky130_ef_sc_hd__decap_40_12 instances:   1
  Class: sky130_fd_sc_hd__and4bb_1 instances:   1
  Class: sky130_fd_sc_hd__nor2_1 instances:   7
  Class: sky130_fd_sc_hd__nor2_2 instances:   1
  Class: sky130_fd_sc_hd__nor2_4 instances:   1
Circuit contains 1010 nets, and 44 disconnected pins.
Contents of circuit 2:  Circuit: 'top_soc'
Circuit top_soc contains 857 device instances.
  Class: sky130_fd_sc_hd__bufinv_16 instances:   2
  Class: sky130_fd_sc_hd__a41o_1 instances:   1
  Class: sky130_fd_sc_hd__a31o_1 instances:   4
  Class: sky130_fd_sc_hd__a21o_1 instances:   4
  Class: sky130_fd_sc_hd__clkbuf_16 instances:   9
  Class: sky130_fd_sc_hd__or4_1 instances:   2
  Class: sky130_fd_sc_hd__buf_1 instances:  14
  Class: sky130_fd_sc_hd__buf_2 instances:  20
  Class: sky130_fd_sc_hd__buf_4 instances:   3
  Class: sky130_fd_sc_hd__buf_6 instances:   1
  Class: sky130_fd_sc_hd__buf_8 instances:   3
  Class: sky130_fd_sc_hd__and3b_1 instances:   1
  Class: sky130_fd_sc_hd__xor2_1 instances:   1
  Class: sky130_fd_sc_hd__xor2_2 instances:   1
  Class: sky130_fd_sc_hd__dfstp_1 instances:  14
  Class: sky130_fd_sc_hd__dfrtp_1 instances:  51
  Class: sky130_fd_sc_hd__dfrtp_2 instances:   7
  Class: sky130_fd_sc_hd__dfrtp_4 instances:   8
  Class: sky130_fd_sc_hd__and4_1 instances:   2
  Class: sky130_fd_sc_hd__and4_4 instances:   1
  Class: sky130_fd_sc_hd__inv_2 instances:  84
  Class: sky130_fd_sc_hd__inv_6 instances:   3
  Class: sky130_fd_sc_hd__clkbuf_1 instances:  14
  Class: sky130_fd_sc_hd__clkbuf_2 instances:   5
  Class: sky130_fd_sc_hd__clkbuf_4 instances:   1
  Class: sky130_fd_sc_hd__or3_1 instances:   1
  Class: sky130_fd_sc_hd__nand3_1 instances:   1
  Class: sky130_fd_sc_hd__o21ba_1 instances:   1
  Class: sky130_fd_sc_hd__and2b_1 instances:   8
  Class: sky130_fd_sc_hd__conb_1 instances: 222
  Class: sky130_fd_sc_hd__a21boi_1 instances:   6
  Class: sky130_fd_sc_hd__a21bo_1 instances:   3
  Class: sky130_fd_sc_hd__clkinv_4 instances:   1
  Class: sky130_fd_sc_hd__clkinv_8 instances:   1
  Class: sky130_fd_sc_hd__and3_1 instances:   7
  Class: sky130_fd_sc_hd__and3_2 instances:   1
  Class: sky130_fd_sc_hd__and3_4 instances:   1
  Class: sky130_fd_sc_hd__decap_3 instances:   1
  Class: sky130_fd_sc_hd__dlygate4sd3_1 instances:  91
  Class: sky130_fd_sc_hd__or2_1 instances:   2
  Class: sky130_fd_sc_hd__or2_4 instances:   1
  Class: sky130_fd_sc_hd__nand2_1 instances:   5
  Class: sky130_fd_sc_hd__nand2_2 instances:   1
  Class: sky130_fd_sc_hd__nand2_4 instances:   1
  Class: sky130_fd_sc_hd__nand2_8 instances:   1
  Class: sky130_fd_sc_hd__mux2_1 instances:  25
  Class: sky130_fd_sc_hd__and2_1 instances:   1
  Class: sky130_fd_sc_hd__and2_4 instances:   1
  Class: sky130_fd_sc_hd__or4b_2 instances:   1
  Class: sky130_fd_sc_hd__nor4_2 instances:   1
  Class: sky130_fd_sc_hd__o22a_1 instances:   8
  Class: sky130_fd_sc_hd__xnor2_1 instances:   6
  Class: sky130_fd_sc_hd__xnor2_2 instances:   2
  Class: sky130_fd_sc_hd__o211a_1 instances:   5
  Class: sky130_fd_sc_hd__nand2b_1 instances:  13
  Class: sky130_fd_sc_hd__nand2b_2 instances:   2
  Class: sky130_fd_sc_hd__diode_2 instances: 105
  Class: sky130_fd_sc_hd__a221o_1 instances:  14
  Class: sky130_fd_sc_hd__a211o_1 instances:   2
  Class: sky130_fd_sc_hd__dlymetal6s2s_1 instances:   5
  Class: sky130_fd_sc_hd__or4bb_1 instances:   1
  Class: sky130_fd_sc_hd__nor3_1 instances:   1
  Class: sky130_fd_sc_hd__nor3_2 instances:   1
  Class: sky130_fd_sc_hd__a22o_1 instances:  12
  Class: sky130_fd_sc_hd__o31a_1 instances:   1
  Class: sky130_fd_sc_hd__o2bb2a_1 instances:   3
  Class: sky130_fd_sc_hd__o21a_1 instances:   3
  Class: sky130_fd_sc_hd__a41oi_1 instances:   1
  Class: sky130_fd_sc_hd__and4b_1 instances:   5
  Class: sky130_fd_sc_hd__tapvpwrvgnd_1 instances:   1
  Class: sky130_fd_sc_hd__o21ai_2 instances:   2
  Class: sky130_fd_sc_hd__and4b_4 instances:   1
  Class: sky130_fd_sc_hd__a21oi_1 instances:   6
  Class: sky130_fd_sc_hd__a21oi_2 instances:   1
  Class: sky130_fd_sc_hd__fill_1 instances:   1
  Class: sky130_fd_sc_hd__fill_2 instances:   1
  Class: sky130_fd_sc_hd__fill_4 instances:   1
  Class: sky130_fd_sc_hd__fill_8 instances:   1
  Class: sky130_ef_sc_hd__decap_40_12 instances:   1
  Class: sky130_fd_sc_hd__and4bb_1 instances:   1
  Class: sky130_fd_sc_hd__nor2_1 instances:   7
  Class: sky130_fd_sc_hd__nor2_2 instances:   1
  Class: sky130_fd_sc_hd__nor2_4 instances:   1
Circuit contains 1010 nets, and 44 disconnected pins.

Circuit 1 contains 857 devices, Circuit 2 contains 857 devices.
Circuit 1 contains 1010 nets,    Circuit 2 contains 1010 nets.


Final result: 
Circuits match uniquely.
.
Logging to file "/home/shikha/caravel-fault-analyzer/openlane/top_soc/runs/26_05_02_22_03/70-netgen-lvs/reports/lvs.netgen.rpt" disabled
LVS Done.
