
===========================================================================
report_checks -unconstrained
===========================================================================
======================= min_ss_100C_1v60 Corner ===================================

Startpoint: wb_rst_i (input port clocked by wb_clk_i)
Endpoint: _594_ (recovery check against rising-edge clock wb_clk_i)
Path Group: asynchronous
Path Type: max

Fanout         Cap        Slew       Delay        Time   Description
---------------------------------------------------------------------------------------------
                                  0.000000    0.000000   clock wb_clk_i (rise edge)
                                  0.000000    0.000000   clock network delay (propagated)
                                  5.000000    5.000000 v input external delay
     2    0.004469    0.025001    0.014461    5.014461 v wb_rst_i (in)
                                                         wb_rst_i (net)
                      0.025001    0.000000    5.014461 v input13/A (sky130_fd_sc_hd__clkbuf_4)
     9    0.069053    0.249210    0.386978    5.401439 v input13/X (sky130_fd_sc_hd__clkbuf_4)
                                                         net13 (net)
                      0.249563    0.006647    5.408086 v fanout65/A (sky130_fd_sc_hd__buf_8)
    33    0.130146    0.169296    0.408856    5.816942 v fanout65/X (sky130_fd_sc_hd__buf_8)
                                                         net65 (net)
                      0.169410    0.003677    5.820619 v fanout64/A (sky130_fd_sc_hd__buf_8)
    33    0.114143    0.150632    0.359328    6.179947 v fanout64/X (sky130_fd_sc_hd__buf_8)
                                                         net64 (net)
                      0.150821    0.004812    6.184759 v _514_/A (sky130_fd_sc_hd__inv_2)
     1    0.003412    0.054194    0.099503    6.284262 ^ _514_/Y (sky130_fd_sc_hd__inv_2)
                                                         _067_ (net)
                      0.054194    0.000026    6.284288 ^ _594_/SET_B (sky130_fd_sc_hd__dfstp_1)
                                              6.284288   data arrival time

                                 25.000000   25.000000   clock wb_clk_i (rise edge)
                                  0.000000   25.000000   clock source latency
     2    0.029063    0.213260    0.147073   25.147072 ^ wb_clk_i (in)
                                                         wb_clk_i (net)
                      0.213264    0.000000   25.147072 ^ clkbuf_0_wb_clk_i/A (sky130_fd_sc_hd__clkbuf_16)
    17    0.119233    0.203446    0.401407   25.548479 ^ clkbuf_0_wb_clk_i/X (sky130_fd_sc_hd__clkbuf_16)
                                                         clknet_0_wb_clk_i (net)
                      0.203487    0.002872   25.551352 ^ clkbuf_3_5__f_wb_clk_i/A (sky130_fd_sc_hd__clkbuf_16)
    13    0.047437    0.103741    0.319845   25.871197 ^ clkbuf_3_5__f_wb_clk_i/X (sky130_fd_sc_hd__clkbuf_16)
                                                         clknet_3_5__leaf_wb_clk_i (net)
                      0.103741    0.000412   25.871609 ^ _594_/CLK (sky130_fd_sc_hd__dfstp_1)
                                 -0.250000   25.621611   clock uncertainty
                                  0.000000   25.621611   clock reconvergence pessimism
                                  0.280572   25.902182   library recovery time
                                             25.902182   data required time
---------------------------------------------------------------------------------------------
                                             25.902182   data required time
                                             -6.284288   data arrival time
---------------------------------------------------------------------------------------------
                                             19.617893   slack (MET)


Startpoint: wbs_adr_i[7] (input port clocked by wb_clk_i)
Endpoint: _568_ (rising edge-triggered flip-flop clocked by wb_clk_i)
Path Group: wb_clk_i
Path Type: max

Fanout         Cap        Slew       Delay        Time   Description
---------------------------------------------------------------------------------------------
                                  0.000000    0.000000   clock wb_clk_i (rise edge)
                                  0.000000    0.000000   clock network delay (propagated)
                                  5.000000    5.000000 v input external delay
     2    0.006448    0.032898    0.020608    5.020608 v wbs_adr_i[7] (in)
                                                         wbs_adr_i[7] (net)
                      0.032899    0.000000    5.020608 v input21/A (sky130_fd_sc_hd__buf_1)
     5    0.022693    0.261217    0.305147    5.325755 v input21/X (sky130_fd_sc_hd__buf_1)
                                                         net21 (net)
                      0.261221    0.001403    5.327158 v _309_/B (sky130_fd_sc_hd__or4b_2)
     2    0.016919    0.318246    1.748768    7.075926 v _309_/X (sky130_fd_sc_hd__or4b_2)
                                                         _142_ (net)
                      0.318246    0.000814    7.076740 v _310_/C (sky130_fd_sc_hd__nor3_2)
     4    0.020167    0.603125    0.573090    7.649830 ^ _310_/Y (sky130_fd_sc_hd__nor3_2)
                                                         _143_ (net)
                      0.603125    0.000175    7.650005 ^ max_cap59/A (sky130_fd_sc_hd__buf_4)
    19    0.059871    0.273013    0.579504    8.229508 ^ max_cap59/X (sky130_fd_sc_hd__buf_4)
                                                         net59 (net)
                      0.273105    0.004758    8.234267 ^ _311_/C (sky130_fd_sc_hd__and3_1)
     1    0.009939    0.188740    0.455988    8.690255 ^ _311_/X (sky130_fd_sc_hd__and3_1)
                                                         _144_ (net)
                      0.188740    0.000385    8.690640 ^ _312_/C1 (sky130_fd_sc_hd__a221o_1)
     1    0.002545    0.085615    0.228079    8.918719 ^ _312_/X (sky130_fd_sc_hd__a221o_1)
                                                         _094_ (net)
                      0.085615    0.000030    8.918750 ^ hold25/A (sky130_fd_sc_hd__dlygate4sd3_1)
     1    0.003270    0.097375    1.054569    9.973318 ^ hold25/X (sky130_fd_sc_hd__dlygate4sd3_1)
                                                         net312 (net)
                      0.097375    0.000039    9.973357 ^ _568_/D (sky130_fd_sc_hd__dfrtp_1)
                                              9.973357   data arrival time

                                 25.000000   25.000000   clock wb_clk_i (rise edge)
                                  0.000000   25.000000   clock source latency
     2    0.029063    0.213260    0.147073   25.147072 ^ wb_clk_i (in)
                                                         wb_clk_i (net)
                      0.213264    0.000000   25.147072 ^ clkbuf_0_wb_clk_i/A (sky130_fd_sc_hd__clkbuf_16)
    17    0.119233    0.203446    0.401407   25.548479 ^ clkbuf_0_wb_clk_i/X (sky130_fd_sc_hd__clkbuf_16)
                                                         clknet_0_wb_clk_i (net)
                      0.203448    0.001137   25.549616 ^ clkbuf_3_3__f_wb_clk_i/A (sky130_fd_sc_hd__clkbuf_16)
     6    0.040413    0.095022    0.311779   25.861395 ^ clkbuf_3_3__f_wb_clk_i/X (sky130_fd_sc_hd__clkbuf_16)
                                                         clknet_3_3__leaf_wb_clk_i (net)
                      0.095022    0.000353   25.861750 ^ _568_/CLK (sky130_fd_sc_hd__dfrtp_1)
                                 -0.250000   25.611750   clock uncertainty
                                  0.000000   25.611750   clock reconvergence pessimism
                                 -0.135546   25.476204   library setup time
                                             25.476204   data required time
---------------------------------------------------------------------------------------------
                                             25.476204   data required time
                                             -9.973357   data arrival time
---------------------------------------------------------------------------------------------
                                             15.502846   slack (MET)




===========================================================================
report_checks --slack_max -0.01
============================================================================
======================= min_ss_100C_1v60 Corner ===================================

No paths found.


===========================================================================
 report_check_types -max_slew -max_cap -max_fanout -violators
============================================================================
======================= min_ss_100C_1v60 Corner ===================================

max fanout

Pin                                   Limit Fanout  Slack
---------------------------------------------------------
_272_/Y                                  16     33    -17 (VIOLATED)
_303_/X                                  16     33    -17 (VIOLATED)
clkbuf_3_4__f_wb_clk_i/X                 16     33    -17 (VIOLATED)
fanout60/X                               16     33    -17 (VIOLATED)
fanout63/X                               16     33    -17 (VIOLATED)
fanout64/X                               16     33    -17 (VIOLATED)
fanout65/X                               16     33    -17 (VIOLATED)
_302_/Y                                  16     27    -11 (VIOLATED)
clkbuf_3_7__f_wb_clk_i/X                 16     27    -11 (VIOLATED)
clkbuf_3_0__f_wb_clk_i/X                 16     23     -7 (VIOLATED)
_271_/X                                  16     21     -5 (VIOLATED)
clkbuf_3_1__f_wb_clk_i/X                 16     21     -5 (VIOLATED)
_290_/X                                  16     19     -3 (VIOLATED)
clkbuf_3_2__f_wb_clk_i/X                 16     19     -3 (VIOLATED)
clkbuf_3_6__f_wb_clk_i/X                 16     19     -3 (VIOLATED)
fanout61/X                               16     19     -3 (VIOLATED)
fanout62/X                               16     19     -3 (VIOLATED)
max_cap59/X                              16     19     -3 (VIOLATED)
_291_/Y                                  16     17        (VIOLATED)
_304_/X                                  16     17        (VIOLATED)
_320_/X                                  16     17        (VIOLATED)
_440_/Y                                  16     17        (VIOLATED)
clkbuf_0_wb_clk_i/X                      16     17        (VIOLATED)



===========================================================================
report_parasitic_annotation -report_unannotated
============================================================================
Found 273 unannotated drivers.
 wbs_adr_i[10]
 wbs_adr_i[11]
 wbs_adr_i[12]
 wbs_adr_i[13]
 wbs_adr_i[14]
 wbs_adr_i[15]
 wbs_adr_i[16]
 wbs_adr_i[17]
 wbs_adr_i[18]
 wbs_adr_i[19]
 wbs_adr_i[20]
 wbs_adr_i[21]
 wbs_adr_i[22]
 wbs_adr_i[23]
 wbs_adr_i[24]
 wbs_adr_i[25]
 wbs_adr_i[26]
 wbs_adr_i[27]
 wbs_adr_i[28]
 wbs_adr_i[29]
 wbs_adr_i[30]
 wbs_adr_i[31]
 wbs_adr_i[8]
 wbs_adr_i[9]
 wbs_dat_i[16]
 wbs_dat_i[17]
 wbs_dat_i[18]
 wbs_dat_i[19]
 wbs_dat_i[20]
 wbs_dat_i[21]
 wbs_dat_i[22]
 wbs_dat_i[23]
 wbs_dat_i[24]
 wbs_dat_i[25]
 wbs_dat_i[26]
 wbs_dat_i[27]
 wbs_dat_i[28]
 wbs_dat_i[29]
 wbs_dat_i[30]
 wbs_dat_i[31]
 wbs_sel_i[0]
 wbs_sel_i[1]
 wbs_sel_i[2]
 wbs_sel_i[3]
 clkload0/Y
 clkload1/Y
 clkload2/Y
 clkload3/Y
 clkload4/Y
 clkload5/Y
 clkload6/Y
 top_soc_100/HI
 top_soc_101/HI
 top_soc_102/HI
 top_soc_103/HI
 top_soc_104/HI
 top_soc_105/HI
 top_soc_106/HI
 top_soc_107/HI
 top_soc_108/HI
 top_soc_109/HI
 top_soc_110/HI
 top_soc_111/HI
 top_soc_112/HI
 top_soc_113/HI
 top_soc_114/HI
 top_soc_115/HI
 top_soc_116/HI
 top_soc_117/HI
 top_soc_118/HI
 top_soc_119/HI
 top_soc_120/HI
 top_soc_121/HI
 top_soc_122/HI
 top_soc_123/HI
 top_soc_124/HI
 top_soc_125/HI
 top_soc_126/HI
 top_soc_127/HI
 top_soc_128/HI
 top_soc_129/HI
 top_soc_130/HI
 top_soc_131/HI
 top_soc_132/HI
 top_soc_133/HI
 top_soc_134/HI
 top_soc_135/HI
 top_soc_136/HI
 top_soc_137/HI
 top_soc_138/HI
 top_soc_139/HI
 top_soc_140/HI
 top_soc_141/HI
 top_soc_142/HI
 top_soc_143/HI
 top_soc_144/HI
 top_soc_145/HI
 top_soc_146/HI
 top_soc_147/HI
 top_soc_148/HI
 top_soc_149/HI
 top_soc_150/HI
 top_soc_151/HI
 top_soc_152/HI
 top_soc_153/HI
 top_soc_154/HI
 top_soc_155/HI
 top_soc_156/HI
 top_soc_157/HI
 top_soc_158/HI
 top_soc_159/HI
 top_soc_160/HI
 top_soc_161/HI
 top_soc_162/HI
 top_soc_163/HI
 top_soc_164/HI
 top_soc_165/HI
 top_soc_166/HI
 top_soc_167/HI
 top_soc_168/HI
 top_soc_169/HI
 top_soc_170/HI
 top_soc_171/HI
 top_soc_172/HI
 top_soc_173/HI
 top_soc_174/HI
 top_soc_175/HI
 top_soc_176/HI
 top_soc_177/HI
 top_soc_178/HI
 top_soc_179/HI
 top_soc_180/HI
 top_soc_181/HI
 top_soc_182/HI
 top_soc_183/HI
 top_soc_184/HI
 top_soc_185/HI
 top_soc_186/HI
 top_soc_187/HI
 top_soc_188/HI
 top_soc_189/HI
 top_soc_190/HI
 top_soc_191/HI
 top_soc_192/HI
 top_soc_193/HI
 top_soc_194/HI
 top_soc_195/HI
 top_soc_196/HI
 top_soc_197/HI
 top_soc_198/HI
 top_soc_199/HI
 top_soc_200/HI
 top_soc_201/HI
 top_soc_202/HI
 top_soc_203/HI
 top_soc_204/HI
 top_soc_205/HI
 top_soc_206/HI
 top_soc_207/HI
 top_soc_208/HI
 top_soc_209/HI
 top_soc_210/HI
 top_soc_211/HI
 top_soc_212/HI
 top_soc_213/HI
 top_soc_214/HI
 top_soc_215/HI
 top_soc_216/HI
 top_soc_217/HI
 top_soc_218/HI
 top_soc_219/HI
 top_soc_220/HI
 top_soc_221/HI
 top_soc_222/HI
 top_soc_223/HI
 top_soc_224/HI
 top_soc_225/HI
 top_soc_226/HI
 top_soc_227/HI
 top_soc_228/HI
 top_soc_229/HI
 top_soc_230/HI
 top_soc_231/HI
 top_soc_232/HI
 top_soc_233/HI
 top_soc_234/HI
 top_soc_235/HI
 top_soc_236/HI
 top_soc_237/HI
 top_soc_238/HI
 top_soc_239/HI
 top_soc_240/HI
 top_soc_241/HI
 top_soc_242/HI
 top_soc_243/HI
 top_soc_244/HI
 top_soc_245/HI
 top_soc_246/HI
 top_soc_247/HI
 top_soc_248/HI
 top_soc_249/HI
 top_soc_250/LO
 top_soc_251/LO
 top_soc_252/LO
 top_soc_253/LO
 top_soc_254/LO
 top_soc_255/LO
 top_soc_256/LO
 top_soc_257/LO
 top_soc_258/LO
 top_soc_259/LO
 top_soc_260/LO
 top_soc_261/LO
 top_soc_262/LO
 top_soc_263/LO
 top_soc_264/LO
 top_soc_265/LO
 top_soc_266/LO
 top_soc_267/LO
 top_soc_268/LO
 top_soc_269/LO
 top_soc_270/LO
 top_soc_271/LO
 top_soc_272/LO
 top_soc_273/LO
 top_soc_274/LO
 top_soc_275/LO
 top_soc_276/LO
 top_soc_277/LO
 top_soc_278/LO
 top_soc_279/LO
 top_soc_280/LO
 top_soc_281/LO
 top_soc_282/LO
 top_soc_283/LO
 top_soc_284/LO
 top_soc_285/LO
 top_soc_286/LO
 top_soc_287/LO
 top_soc_66/HI
 top_soc_67/HI
 top_soc_68/HI
 top_soc_69/HI
 top_soc_70/HI
 top_soc_71/HI
 top_soc_72/HI
 top_soc_73/HI
 top_soc_74/HI
 top_soc_75/HI
 top_soc_76/HI
 top_soc_77/HI
 top_soc_78/HI
 top_soc_79/HI
 top_soc_80/HI
 top_soc_81/HI
 top_soc_82/HI
 top_soc_83/HI
 top_soc_84/HI
 top_soc_85/HI
 top_soc_86/HI
 top_soc_87/HI
 top_soc_88/HI
 top_soc_89/HI
 top_soc_90/HI
 top_soc_91/HI
 top_soc_92/HI
 top_soc_93/HI
 top_soc_94/HI
 top_soc_95/HI
 top_soc_96/HI
 top_soc_97/HI
 top_soc_98/HI
 top_soc_99/HI
Found 0 partially unannotated drivers.

===========================================================================
max slew violation count 0
max fanout violation count 23
max cap violation count 0
============================================================================

===========================================================================
check_setup -verbose -unconstrained_endpoints -multiple_clock -no_clock -no_input_delay -loops -generated_clocks
===========================================================================
Warning: There are 222 unconstrained endpoints.
  io_oeb[0]
  io_oeb[10]
  io_oeb[11]
  io_oeb[12]
  io_oeb[13]
  io_oeb[14]
  io_oeb[15]
  io_oeb[16]
  io_oeb[17]
  io_oeb[18]
  io_oeb[19]
  io_oeb[1]
  io_oeb[20]
  io_oeb[21]
  io_oeb[22]
  io_oeb[23]
  io_oeb[24]
  io_oeb[25]
  io_oeb[26]
  io_oeb[27]
  io_oeb[28]
  io_oeb[29]
  io_oeb[2]
  io_oeb[30]
  io_oeb[31]
  io_oeb[32]
  io_oeb[33]
  io_oeb[34]
  io_oeb[35]
  io_oeb[36]
  io_oeb[37]
  io_oeb[3]
  io_oeb[4]
  io_oeb[5]
  io_oeb[6]
  io_oeb[7]
  io_oeb[8]
  io_oeb[9]
  io_out[0]
  io_out[10]
  io_out[11]
  io_out[12]
  io_out[13]
  io_out[14]
  io_out[15]
  io_out[16]
  io_out[17]
  io_out[18]
  io_out[19]
  io_out[1]
  io_out[20]
  io_out[21]
  io_out[22]
  io_out[23]
  io_out[24]
  io_out[25]
  io_out[26]
  io_out[27]
  io_out[28]
  io_out[29]
  io_out[2]
  io_out[30]
  io_out[31]
  io_out[32]
  io_out[33]
  io_out[34]
  io_out[35]
  io_out[36]
  io_out[37]
  io_out[3]
  io_out[4]
  io_out[5]
  io_out[6]
  io_out[7]
  io_out[8]
  io_out[9]
  la_data_out[0]
  la_data_out[100]
  la_data_out[101]
  la_data_out[102]
  la_data_out[103]
  la_data_out[104]
  la_data_out[105]
  la_data_out[106]
  la_data_out[107]
  la_data_out[108]
  la_data_out[109]
  la_data_out[10]
  la_data_out[110]
  la_data_out[111]
  la_data_out[112]
  la_data_out[113]
  la_data_out[114]
  la_data_out[115]
  la_data_out[116]
  la_data_out[117]
  la_data_out[118]
  la_data_out[119]
  la_data_out[11]
  la_data_out[120]
  la_data_out[121]
  la_data_out[122]
  la_data_out[123]
  la_data_out[124]
  la_data_out[125]
  la_data_out[126]
  la_data_out[127]
  la_data_out[12]
  la_data_out[13]
  la_data_out[14]
  la_data_out[15]
  la_data_out[16]
  la_data_out[17]
  la_data_out[18]
  la_data_out[19]
  la_data_out[1]
  la_data_out[20]
  la_data_out[21]
  la_data_out[22]
  la_data_out[23]
  la_data_out[24]
  la_data_out[25]
  la_data_out[26]
  la_data_out[27]
  la_data_out[28]
  la_data_out[29]
  la_data_out[2]
  la_data_out[30]
  la_data_out[31]
  la_data_out[32]
  la_data_out[33]
  la_data_out[34]
  la_data_out[35]
  la_data_out[36]
  la_data_out[37]
  la_data_out[38]
  la_data_out[39]
  la_data_out[3]
  la_data_out[40]
  la_data_out[41]
  la_data_out[42]
  la_data_out[43]
  la_data_out[44]
  la_data_out[45]
  la_data_out[46]
  la_data_out[47]
  la_data_out[48]
  la_data_out[49]
  la_data_out[4]
  la_data_out[50]
  la_data_out[51]
  la_data_out[52]
  la_data_out[53]
  la_data_out[54]
  la_data_out[55]
  la_data_out[56]
  la_data_out[57]
  la_data_out[58]
  la_data_out[59]
  la_data_out[5]
  la_data_out[60]
  la_data_out[61]
  la_data_out[62]
  la_data_out[63]
  la_data_out[64]
  la_data_out[65]
  la_data_out[66]
  la_data_out[67]
  la_data_out[68]
  la_data_out[69]
  la_data_out[6]
  la_data_out[70]
  la_data_out[71]
  la_data_out[72]
  la_data_out[73]
  la_data_out[74]
  la_data_out[75]
  la_data_out[76]
  la_data_out[77]
  la_data_out[78]
  la_data_out[79]
  la_data_out[7]
  la_data_out[80]
  la_data_out[81]
  la_data_out[82]
  la_data_out[83]
  la_data_out[84]
  la_data_out[85]
  la_data_out[86]
  la_data_out[87]
  la_data_out[88]
  la_data_out[89]
  la_data_out[8]
  la_data_out[90]
  la_data_out[91]
  la_data_out[92]
  la_data_out[93]
  la_data_out[94]
  la_data_out[95]
  la_data_out[96]
  la_data_out[97]
  la_data_out[98]
  la_data_out[99]
  la_data_out[9]
  user_irq[1]
  user_irq[2]
  wbs_dat_o[16]
  wbs_dat_o[17]
  wbs_dat_o[18]
  wbs_dat_o[19]
  wbs_dat_o[20]
  wbs_dat_o[21]
  wbs_dat_o[22]
  wbs_dat_o[23]
  wbs_dat_o[24]
  wbs_dat_o[25]
  wbs_dat_o[26]
  wbs_dat_o[27]
  wbs_dat_o[28]
  wbs_dat_o[29]
  wbs_dat_o[30]
  wbs_dat_o[31]
