Clock: wb_clk_i
Sources: wb_clk_i 
Generated: no
Virtual: yes
Propagated: no
Period: 25.000000

===========================================================================
report_clock_properties
============================================================================
Clock                   Period          Waveform
----------------------------------------------------
wb_clk_i             25.000000    0.000000 12.500000

===========================================================================
report_clock_latency
============================================================================
Clock wb_clk_i
rise -> rise
    min     max
0.000000 0.000000 source latency
0.861651         network latency _599_/CLK
        0.902414 network latency _569_/CLK
---------------
0.861651 0.902414 latency
        0.040763 skew

fall -> fall
    min     max
0.000000 0.000000 source latency
0.764263         network latency _599_/CLK
        0.796588 network latency _569_/CLK
---------------
0.764263 0.796588 latency
        0.032324 skew



===========================================================================
report_clock_min_period
============================================================================
wb_clk_i period_min = 9.25 fmax = 108.16
