Clock: wb_clk_i
Sources: wb_clk_i 
Generated: no
Virtual: yes
Propagated: no
Period: 25.000000

===========================================================================
report_clock_properties
============================================================================
Clock                   Period          Waveform
----------------------------------------------------
wb_clk_i             25.000000    0.000000 12.500000

===========================================================================
report_clock_latency
============================================================================
Clock wb_clk_i
rise -> rise
    min     max
0.000000 0.000000 source latency
0.521279         network latency _599_/CLK
        0.554785 network latency _569_/CLK
---------------
0.521279 0.554785 latency
        0.033506 skew

fall -> fall
    min     max
0.000000 0.000000 source latency
0.443528         network latency _599_/CLK
        0.469422 network latency _563_/CLK
---------------
0.443528 0.469422 latency
        0.025894 skew



===========================================================================
report_clock_min_period
============================================================================
wb_clk_i period_min = 4.81 fmax = 207.69
