Clock: wb_clk_i
Sources: wb_clk_i 
Generated: no
Virtual: yes
Propagated: no
Period: 25.000000

===========================================================================
report_clock_properties
============================================================================
Clock                   Period          Waveform
----------------------------------------------------
wb_clk_i             25.000000    0.000000 12.500000

===========================================================================
report_clock_latency
============================================================================
Clock wb_clk_i
rise -> rise
    min     max
0.000000 0.000000 source latency
0.358123         network latency _555_/CLK
        0.376649 network latency _536_/CLK
---------------
0.358123 0.376649 latency
        0.018526 skew

fall -> fall
    min     max
0.000000 0.000000 source latency
0.304211         network latency _555_/CLK
        0.319334 network latency _536_/CLK
---------------
0.304211 0.319334 latency
        0.015123 skew



===========================================================================
report_clock_min_period
============================================================================
wb_clk_i period_min = 3.14 fmax = 318.12
