"input" in: sky130A_mr.drc:180
    Polygons (raw): 10466 (flat)  229 (hierarchical)
    Elapsed: 0.020s  Memory: 581.00M
"polygons" in: sky130A_mr.drc:181
    Polygons (raw): 2288 (flat)  2 (hierarchical)
    Elapsed: 0.010s  Memory: 581.00M
"polygons" in: sky130A_mr.drc:182
    Polygons (raw): 10205 (flat)  84 (hierarchical)
    Elapsed: 0.000s  Memory: 581.00M
"polygons" in: sky130A_mr.drc:183
    Polygons (raw): 0 (flat)  0 (hierarchical)
    Elapsed: 0.000s  Memory: 581.00M
"polygons" in: sky130A_mr.drc:184
    Polygons (raw): 0 (flat)  0 (hierarchical)
    Elapsed: 0.000s  Memory: 581.00M
"polygons" in: sky130A_mr.drc:185
    Polygons (raw): 0 (flat)  0 (hierarchical)
    Elapsed: 0.000s  Memory: 581.00M
"polygons" in: sky130A_mr.drc:186
    Polygons (raw): 0 (flat)  0 (hierarchical)
    Elapsed: 0.000s  Memory: 581.00M
"polygons" in: sky130A_mr.drc:187
    Polygons (raw): 0 (flat)  0 (hierarchical)
    Elapsed: 0.000s  Memory: 581.00M
"polygons" in: sky130A_mr.drc:188
    Polygons (raw): 10247 (flat)  90 (hierarchical)
    Elapsed: 0.010s  Memory: 581.00M
"polygons" in: sky130A_mr.drc:189
    Polygons (raw): 0 (flat)  0 (hierarchical)
    Elapsed: 0.000s  Memory: 581.00M
"polygons" in: sky130A_mr.drc:190
    Polygons (raw): 0 (flat)  0 (hierarchical)
    Elapsed: 0.000s  Memory: 581.00M
"polygons" in: sky130A_mr.drc:191
    Polygons (raw): 0 (flat)  0 (hierarchical)
    Elapsed: 0.000s  Memory: 581.00M
"polygons" in: sky130A_mr.drc:192
    Polygons (raw): 0 (flat)  0 (hierarchical)
    Elapsed: 0.010s  Memory: 581.00M
"polygons" in: sky130A_mr.drc:193
    Polygons (raw): 11957 (flat)  467 (hierarchical)
    Elapsed: 0.000s  Memory: 581.00M
"polygons" in: sky130A_mr.drc:194
    Polygons (raw): 0 (flat)  0 (hierarchical)
    Elapsed: 0.000s  Memory: 581.00M
"polygons" in: sky130A_mr.drc:195
    Polygons (raw): 11349 (flat)  85 (hierarchical)
    Elapsed: 0.000s  Memory: 581.00M
"polygons" in: sky130A_mr.drc:196
    Polygons (raw): 11349 (flat)  85 (hierarchical)
    Elapsed: 0.010s  Memory: 581.00M
"polygons" in: sky130A_mr.drc:197
    Polygons (raw): 0 (flat)  0 (hierarchical)
    Elapsed: 0.000s  Memory: 581.00M
"polygons" in: sky130A_mr.drc:198
    Polygons (raw): 0 (flat)  0 (hierarchical)
    Elapsed: 0.000s  Memory: 581.00M
"polygons" in: sky130A_mr.drc:199
    Polygons (raw): 5063 (flat)  106 (hierarchical)
    Elapsed: 0.010s  Memory: 581.00M
"polygons" in: sky130A_mr.drc:200
    Polygons (raw): 58886 (flat)  2154 (hierarchical)
    Elapsed: 0.010s  Memory: 581.00M
"polygons" in: sky130A_mr.drc:202
    Polygons (raw): 46755 (flat)  2881 (hierarchical)
    Elapsed: 0.010s  Memory: 581.00M
"polygons" in: sky130A_mr.drc:203
    Polygons (raw): 0 (flat)  0 (hierarchical)
    Elapsed: 0.000s  Memory: 582.00M
"polygons" in: sky130A_mr.drc:204
    Polygons (raw): 130754 (flat)  3218 (hierarchical)
    Elapsed: 0.000s  Memory: 582.00M
"polygons" in: sky130A_mr.drc:206
    Polygons (raw): 28572 (flat)  7708 (hierarchical)
    Elapsed: 0.010s  Memory: 582.00M
"polygons" in: sky130A_mr.drc:207
    Polygons (raw): 2983 (flat)  2983 (hierarchical)
    Elapsed: 0.000s  Memory: 582.00M
"polygons" in: sky130A_mr.drc:209
    Polygons (raw): 4905 (flat)  4905 (hierarchical)
    Elapsed: 0.010s  Memory: 582.00M
"polygons" in: sky130A_mr.drc:210
    Polygons (raw): 1178 (flat)  1178 (hierarchical)
    Elapsed: 0.010s  Memory: 582.00M
"polygons" in: sky130A_mr.drc:212
    Polygons (raw): 1562 (flat)  1562 (hierarchical)
    Elapsed: 0.000s  Memory: 582.00M
"polygons" in: sky130A_mr.drc:213
    Polygons (raw): 896 (flat)  896 (hierarchical)
    Elapsed: 0.000s  Memory: 582.00M
"polygons" in: sky130A_mr.drc:215
    Polygons (raw): 304 (flat)  304 (hierarchical)
    Elapsed: 0.010s  Memory: 583.00M
"polygons" in: sky130A_mr.drc:216
    Polygons (raw): 12592 (flat)  12592 (hierarchical)
    Elapsed: 0.010s  Memory: 583.00M
"polygons" in: sky130A_mr.drc:218
    Polygons (raw): 186 (flat)  186 (hierarchical)
    Elapsed: 0.000s  Memory: 583.00M
"polygons" in: sky130A_mr.drc:220
    Polygons (raw): 0 (flat)  0 (hierarchical)
    Elapsed: 0.000s  Memory: 583.00M
"polygons" in: sky130A_mr.drc:221
    Polygons (raw): 0 (flat)  0 (hierarchical)
    Elapsed: 0.000s  Memory: 583.00M
"polygons" in: sky130A_mr.drc:222
    Polygons (raw): 0 (flat)  0 (hierarchical)
    Elapsed: 0.000s  Memory: 583.00M
"polygons" in: sky130A_mr.drc:223
    Polygons (raw): 0 (flat)  0 (hierarchical)
    Elapsed: 0.000s  Memory: 583.00M
"polygons" in: sky130A_mr.drc:224
    Polygons (raw): 0 (flat)  0 (hierarchical)
    Elapsed: 0.000s  Memory: 583.00M
"polygons" in: sky130A_mr.drc:225
    Polygons (raw): 0 (flat)  0 (hierarchical)
    Elapsed: 0.000s  Memory: 583.00M
"polygons" in: sky130A_mr.drc:226
    Polygons (raw): 0 (flat)  0 (hierarchical)
    Elapsed: 0.000s  Memory: 583.00M
"polygons" in: sky130A_mr.drc:227
    Polygons (raw): 0 (flat)  0 (hierarchical)
    Elapsed: 0.000s  Memory: 584.00M
"polygons" in: sky130A_mr.drc:228
    Polygons (raw): 0 (flat)  0 (hierarchical)
    Elapsed: 0.010s  Memory: 584.00M
"polygons" in: sky130A_mr.drc:229
    Polygons (raw): 0 (flat)  0 (hierarchical)
    Elapsed: 0.000s  Memory: 584.00M
"polygons" in: sky130A_mr.drc:230
    Polygons (raw): 0 (flat)  0 (hierarchical)
    Elapsed: 0.000s  Memory: 584.00M
"polygons" in: sky130A_mr.drc:231
    Polygons (raw): 0 (flat)  0 (hierarchical)
    Elapsed: 0.000s  Memory: 584.00M
"polygons" in: sky130A_mr.drc:232
    Polygons (raw): 0 (flat)  0 (hierarchical)
    Elapsed: 0.000s  Memory: 584.00M
"polygons" in: sky130A_mr.drc:233
    Polygons (raw): 0 (flat)  0 (hierarchical)
    Elapsed: 0.000s  Memory: 584.00M
"polygons" in: sky130A_mr.drc:234
    Polygons (raw): 0 (flat)  0 (hierarchical)
    Elapsed: 0.000s  Memory: 584.00M
"polygons" in: sky130A_mr.drc:235
    Polygons (raw): 0 (flat)  0 (hierarchical)
    Elapsed: 0.000s  Memory: 584.00M
"polygons" in: sky130A_mr.drc:236
    Polygons (raw): 0 (flat)  0 (hierarchical)
    Elapsed: 0.000s  Memory: 584.00M
"polygons" in: sky130A_mr.drc:237
    Polygons (raw): 0 (flat)  0 (hierarchical)
    Elapsed: 0.000s  Memory: 584.00M
"polygons" in: sky130A_mr.drc:238
    Polygons (raw): 10205 (flat)  84 (hierarchical)
    Elapsed: 0.000s  Memory: 584.00M
"polygons" in: sky130A_mr.drc:239
    Polygons (raw): 0 (flat)  0 (hierarchical)
    Elapsed: 0.000s  Memory: 584.00M
"polygons" in: sky130A_mr.drc:240
    Polygons (raw): 0 (flat)  0 (hierarchical)
    Elapsed: 0.000s  Memory: 585.00M
"polygons" in: sky130A_mr.drc:241
    Polygons (raw): 0 (flat)  0 (hierarchical)
    Elapsed: 0.000s  Memory: 585.00M
"polygons" in: sky130A_mr.drc:242
    Polygons (raw): 0 (flat)  0 (hierarchical)
    Elapsed: 0.000s  Memory: 585.00M
"polygons" in: sky130A_mr.drc:243
    Polygons (raw): 0 (flat)  0 (hierarchical)
    Elapsed: 0.000s  Memory: 585.00M
"polygons" in: sky130A_mr.drc:244
    Polygons (raw): 0 (flat)  0 (hierarchical)
    Elapsed: 0.000s  Memory: 585.00M
"polygons" in: sky130A_mr.drc:245
    Polygons (raw): 0 (flat)  0 (hierarchical)
    Elapsed: 0.000s  Memory: 585.00M
"polygons" in: sky130A_mr.drc:246
    Polygons (raw): 1 (flat)  1 (hierarchical)
    Elapsed: 0.000s  Memory: 585.00M
"polygons" in: sky130A_mr.drc:247
    Polygons (raw): 0 (flat)  0 (hierarchical)
    Elapsed: 0.000s  Memory: 585.00M
"polygons" in: sky130A_mr.drc:248
    Polygons (raw): 0 (flat)  0 (hierarchical)
    Elapsed: 0.000s  Memory: 585.00M
"polygons" in: sky130A_mr.drc:249
    Polygons (raw): 0 (flat)  0 (hierarchical)
    Elapsed: 0.000s  Memory: 585.00M
"polygons" in: sky130A_mr.drc:250
    Polygons (raw): 0 (flat)  0 (hierarchical)
    Elapsed: 0.000s  Memory: 585.00M
"polygons" in: sky130A_mr.drc:251
    Polygons (raw): 331 (flat)  1 (hierarchical)
    Elapsed: 0.000s  Memory: 585.00M
"polygons" in: sky130A_mr.drc:252
    Polygons (raw): 0 (flat)  0 (hierarchical)
    Elapsed: 0.000s  Memory: 586.00M
"polygons" in: sky130A_mr.drc:253
    Polygons (raw): 0 (flat)  0 (hierarchical)
    Elapsed: 0.000s  Memory: 586.00M
"polygons" in: sky130A_mr.drc:254
    Polygons (raw): 0 (flat)  0 (hierarchical)
    Elapsed: 0.000s  Memory: 586.00M
"polygons" in: sky130A_mr.drc:255
    Polygons (raw): 0 (flat)  0 (hierarchical)
    Elapsed: 0.000s  Memory: 586.00M
"polygons" in: sky130A_mr.drc:256
    Polygons (raw): 0 (flat)  0 (hierarchical)
    Elapsed: 0.000s  Memory: 586.00M
"polygons" in: sky130A_mr.drc:257
    Polygons (raw): 0 (flat)  0 (hierarchical)
    Elapsed: 0.000s  Memory: 586.00M
"polygons" in: sky130A_mr.drc:258
    Polygons (raw): 0 (flat)  0 (hierarchical)
    Elapsed: 0.000s  Memory: 586.00M
"polygons" in: sky130A_mr.drc:259
    Polygons (raw): 0 (flat)  0 (hierarchical)
    Elapsed: 0.000s  Memory: 586.00M
"polygons" in: sky130A_mr.drc:260
    Polygons (raw): 0 (flat)  0 (hierarchical)
    Elapsed: 0.000s  Memory: 586.00M
"polygons" in: sky130A_mr.drc:261
    Polygons (raw): 0 (flat)  0 (hierarchical)
    Elapsed: 0.000s  Memory: 586.00M
"polygons" in: sky130A_mr.drc:262
    Polygons (raw): 0 (flat)  0 (hierarchical)
    Elapsed: 0.000s  Memory: 586.00M
"polygons" in: sky130A_mr.drc:263
    Polygons (raw): 0 (flat)  0 (hierarchical)
    Elapsed: 0.000s  Memory: 586.00M
"polygons" in: sky130A_mr.drc:264
    Polygons (raw): 0 (flat)  0 (hierarchical)
    Elapsed: 0.000s  Memory: 587.00M
"polygons" in: sky130A_mr.drc:265
    Polygons (raw): 0 (flat)  0 (hierarchical)
    Elapsed: 0.000s  Memory: 587.00M
"polygons" in: sky130A_mr.drc:266
    Polygons (raw): 0 (flat)  0 (hierarchical)
    Elapsed: 0.000s  Memory: 587.00M
"polygons" in: sky130A_mr.drc:267
    Polygons (raw): 0 (flat)  0 (hierarchical)
    Elapsed: 0.000s  Memory: 587.00M
"polygons" in: sky130A_mr.drc:268
    Polygons (raw): 0 (flat)  0 (hierarchical)
    Elapsed: 0.000s  Memory: 587.00M
"polygons" in: sky130A_mr.drc:269
    Polygons (raw): 0 (flat)  0 (hierarchical)
    Elapsed: 0.000s  Memory: 587.00M
"polygons" in: sky130A_mr.drc:270
    Polygons (raw): 0 (flat)  0 (hierarchical)
    Elapsed: 0.000s  Memory: 587.00M
"polygons" in: sky130A_mr.drc:271
    Polygons (raw): 0 (flat)  0 (hierarchical)
    Elapsed: 0.000s  Memory: 587.00M
"polygons" in: sky130A_mr.drc:272
    Polygons (raw): 0 (flat)  0 (hierarchical)
    Elapsed: 0.000s  Memory: 587.00M
"polygons" in: sky130A_mr.drc:273
    Polygons (raw): 0 (flat)  0 (hierarchical)
    Elapsed: 0.000s  Memory: 587.00M
"polygons" in: sky130A_mr.drc:274
    Polygons (raw): 0 (flat)  0 (hierarchical)
    Elapsed: 0.010s  Memory: 587.00M
"polygons" in: sky130A_mr.drc:275
    Polygons (raw): 0 (flat)  0 (hierarchical)
    Elapsed: 0.000s  Memory: 587.00M
"merged" in: sky130A_mr.drc:277
    Polygons (raw): 0 (flat)  0 (hierarchical)
    Elapsed: 0.000s  Memory: 588.00M
DRC section
BEOL section
START: 67/20 (li)
"outside" in: sky130A_mr.drc:1067
    Polygons (raw): 46755 (flat)  2881 (hierarchical)
    Elapsed: 0.000s  Memory: 588.00M
"interacting" in: sky130A_mr.drc:1068
    Polygons (raw): 0 (flat)  0 (hierarchical)
    Elapsed: 0.000s  Memory: 588.00M
"inside" in: sky130A_mr.drc:1068
    Polygons (raw): 0 (flat)  0 (hierarchical)
    Elapsed: 0.000s  Memory: 588.00M
"-" in: sky130A_mr.drc:1068
    Polygons (raw): 0 (flat)  0 (hierarchical)
    Elapsed: 0.000s  Memory: 588.00M
"or" in: sky130A_mr.drc:1067
    Polygons (raw): 3796 (flat)  2142 (hierarchical)
    Elapsed: 0.340s  Memory: 592.00M
"width" in: sky130A_mr.drc:1070
    Edge pairs: 0 (flat)  0 (hierarchical)
    Elapsed: 0.090s  Memory: 592.00M
"output" in: sky130A_mr.drc:1070
    Edge pairs: 0 (flat)  0 (hierarchical)
    Elapsed: 0.000s  Memory: 592.00M
"space" in: sky130A_mr.drc:1074
    Edge pairs: 0 (flat)  0 (hierarchical)
    Elapsed: 0.380s  Memory: 880.00M
"output" in: sky130A_mr.drc:1074
    Edge pairs: 0 (flat)  0 (hierarchical)
    Elapsed: 0.000s  Memory: 880.00M
"-" in: sky130A_mr.drc:1078
    Polygons (raw): 58886 (flat)  2154 (hierarchical)
    Elapsed: 0.000s  Memory: 880.00M
"enclosing" in: sky130A_mr.drc:1080
    Edge pairs: 60350 (flat)  53770 (hierarchical)
    Elapsed: 1.780s  Memory: 880.00M
"second_edges" in: sky130A_mr.drc:1080
    Edges: 60350 (flat)  53770 (hierarchical)
    Elapsed: 0.030s  Memory: 880.00M
"width" in: sky130A_mr.drc:1081
    Edge pairs: 0 (flat)  0 (hierarchical)
    Elapsed: 0.200s  Memory: 888.00M
"polygons" in: sky130A_mr.drc:1082
    Polygons (raw): 0 (flat)  0 (hierarchical)
    Elapsed: 0.000s  Memory: 888.00M
"interacting" in: sky130A_mr.drc:1082
    Polygons (raw): 0 (flat)  0 (hierarchical)
    Elapsed: 0.000s  Memory: 888.00M
"output" in: sky130A_mr.drc:1083
    Polygons (raw): 0 (flat)  0 (hierarchical)
    Elapsed: 0.000s  Memory: 888.00M
"interacting" in: sky130A_mr.drc:1087
    Polygons (raw): 0 (flat)  0 (hierarchical)
    Elapsed: 0.000s  Memory: 888.00M
"-" in: sky130A_mr.drc:1087
    Polygons (raw): 46755 (flat)  2881 (hierarchical)
    Elapsed: 0.010s  Memory: 888.00M
"with_area" in: sky130A_mr.drc:1088
    Polygons (raw): 0 (flat)  0 (hierarchical)
    Elapsed: 0.360s  Memory: 888.00M
"output" in: sky130A_mr.drc:1088
    Polygons (raw): 0 (flat)  0 (hierarchical)
    Elapsed: 0.020s  Memory: 888.00M
"&" in: sky130A_mr.drc:1092
    Polygons (raw): 0 (flat)  0 (hierarchical)
    Elapsed: 0.000s  Memory: 888.00M
"space" in: sky130A_mr.drc:1093
    Edge pairs: 0 (flat)  0 (hierarchical)
    Elapsed: 0.000s  Memory: 888.00M
"output" in: sky130A_mr.drc:1093
    Edge pairs: 0 (flat)  0 (hierarchical)
    Elapsed: 0.000s  Memory: 888.00M
"width" in: sky130A_mr.drc:1097
    Edge pairs: 0 (flat)  0 (hierarchical)
    Elapsed: 0.000s  Memory: 888.00M
"output" in: sky130A_mr.drc:1097
    Edge pairs: 0 (flat)  0 (hierarchical)
    Elapsed: 0.000s  Memory: 888.00M
END: 67/20 (li)
START: 67/13 (li_res)
"width" in: sky130A_mr.drc:1105
    Edge pairs: 0 (flat)  0 (hierarchical)
    Elapsed: 0.000s  Memory: 888.00M
"output" in: sky130A_mr.drc:1105
    Edge pairs: 0 (flat)  0 (hierarchical)
    Elapsed: 0.000s  Memory: 888.00M
END: 67/13 (li_res)
START: 67/44 (mcon)
"-" in: sky130A_mr.drc:1113
    Polygons (raw): 130754 (flat)  3218 (hierarchical)
    Elapsed: 0.000s  Memory: 888.00M
"drc" in: sky130A_mr.drc:1115
    Polygons (raw): 0 (flat)  0 (hierarchical)
    Elapsed: 1.050s  Memory: 906.00M
"-" in: sky130A_mr.drc:1116
    Polygons (raw): 130754 (flat)  3218 (hierarchical)
    Elapsed: 0.020s  Memory: 906.00M
"outside" in: sky130A_mr.drc:1120
    Polygons (raw): 130754 (flat)  3218 (hierarchical)
    Elapsed: 0.000s  Memory: 906.00M
"non_rectangles" in: sky130A_mr.drc:1121
    Polygons (raw): 0 (flat)  0 (hierarchical)
    Elapsed: 0.910s  Memory: 908.00M
"output" in: sky130A_mr.drc:1121
    Polygons (raw): 0 (flat)  0 (hierarchical)
    Elapsed: 0.020s  Memory: 908.00M
"drc" in: sky130A_mr.drc:1126
    Edge pairs: 0 (flat)  0 (hierarchical)
    Elapsed: 1.110s  Memory: 910.00M
"output" in: sky130A_mr.drc:1126
    Edge pairs: 0 (flat)  0 (hierarchical)
    Elapsed: 0.020s  Memory: 910.00M
"drc" in: sky130A_mr.drc:1130
    Edges: 0 (flat)  0 (hierarchical)
    Elapsed: 0.210s  Memory: 910.00M
"output" in: sky130A_mr.drc:1130
    Edges: 0 (flat)  0 (hierarchical)
    Elapsed: 0.000s  Memory: 910.00M
"space" in: sky130A_mr.drc:1134
    Edge pairs: 0 (flat)  0 (hierarchical)
    Elapsed: 0.870s  Memory: 910.00M
"output" in: sky130A_mr.drc:1134
    Edge pairs: 0 (flat)  0 (hierarchical)
    Elapsed: 0.020s  Memory: 910.00M
"width" in: sky130A_mr.drc:1139
    Edge pairs: 0 (flat)  0 (hierarchical)
    Elapsed: 0.000s  Memory: 910.00M
"output" in: sky130A_mr.drc:1139
    Edge pairs: 0 (flat)  0 (hierarchical)
    Elapsed: 0.000s  Memory: 910.00M
"drc" in: sky130A_mr.drc:1143
    Edge pairs: 0 (flat)  0 (hierarchical)
    Elapsed: 0.000s  Memory: 910.00M
"output" in: sky130A_mr.drc:1143
    Edge pairs: 0 (flat)  0 (hierarchical)
    Elapsed: 0.000s  Memory: 910.00M
"-" in: sky130A_mr.drc:1147
    Polygons (raw): 0 (flat)  0 (hierarchical)
    Elapsed: 0.000s  Memory: 910.00M
"output" in: sky130A_mr.drc:1147
    Polygons (raw): 0 (flat)  0 (hierarchical)
    Elapsed: 0.000s  Memory: 910.00M
"-" in: sky130A_mr.drc:1152
    Polygons (raw): 0 (flat)  0 (hierarchical)
    Elapsed: 0.680s  Memory: 910.00M
"output" in: sky130A_mr.drc:1152
    Polygons (raw): 0 (flat)  0 (hierarchical)
    Elapsed: 0.020s  Memory: 910.00M
END: 67/44 (mcon)
START: 68/20 (m1)
"width" in: sky130A_mr.drc:1157
    Edge pairs: 0 (flat)  0 (hierarchical)
    Elapsed: 0.350s  Memory: 910.00M
"output" in: sky130A_mr.drc:1157
    Edge pairs: 0 (flat)  0 (hierarchical)
    Elapsed: 0.000s  Memory: 910.00M
"sized" in: sky130A_mr.drc:1158
    Polygons (raw): 0 (flat)  0 (hierarchical)
    Elapsed: 0.050s  Memory: 910.00M
"sized" in: sky130A_mr.drc:1158
    Polygons (raw): 0 (flat)  0 (hierarchical)
    Elapsed: 0.000s  Memory: 910.00M
"snap" in: sky130A_mr.drc:1158
    Polygons (raw): 0 (flat)  0 (hierarchical)
    Elapsed: 0.000s  Memory: 910.00M
"&" in: sky130A_mr.drc:1158
    Polygons (raw): 0 (flat)  0 (hierarchical)
    Elapsed: 0.000s  Memory: 910.00M
"edges" in: sky130A_mr.drc:1159
    Edges: 24860 (flat)  21808 (hierarchical)
    Elapsed: 0.010s  Memory: 910.00M
"-" in: sky130A_mr.drc:1159
    Edges: 24860 (flat)  21808 (hierarchical)
    Elapsed: 0.000s  Memory: 910.00M
"edges" in: sky130A_mr.drc:1160
    Edges: 0 (flat)  0 (hierarchical)
    Elapsed: 0.000s  Memory: 910.00M
"merged" in: sky130A_mr.drc:1160
    Polygons (raw): 1945 (flat)  1792 (hierarchical)
    Elapsed: 0.000s  Memory: 910.00M
"outside_part" in: sky130A_mr.drc:1160
    Edges: 0 (flat)  0 (hierarchical)
    Elapsed: 0.000s  Memory: 910.00M
"space" in: sky130A_mr.drc:1162
    Edge pairs: 0 (flat)  0 (hierarchical)
    Elapsed: 0.060s  Memory: 910.00M
"output" in: sky130A_mr.drc:1162
    Edge pairs: 0 (flat)  0 (hierarchical)
    Elapsed: 0.000s  Memory: 910.00M
"separation" in: sky130A_mr.drc:1168
    Edge pairs: 0 (flat)  0 (hierarchical)
    Elapsed: 0.000s  Memory: 910.00M
"space" in: sky130A_mr.drc:1169
    Edge pairs: 0 (flat)  0 (hierarchical)
    Elapsed: 0.020s  Memory: 910.00M
"+" in: sky130A_mr.drc:1168
    Edge pairs: 0 (flat)  0 (hierarchical)
    Elapsed: 0.000s  Memory: 910.00M
"output" in: sky130A_mr.drc:1170
    Edge pairs: 0 (flat)  0 (hierarchical)
    Elapsed: 0.000s  Memory: 910.00M
"input" in: sky130A_mr.drc:1181
    Polygons (raw): 28572 (flat)  7708 (hierarchical)
    Elapsed: 0.010s  Memory: 910.00M
"enclosing" in: sky130A_mr.drc:1183
    Edge pairs: 0 (flat)  0 (hierarchical)
    Elapsed: 1.010s  Memory: 910.00M
"output" in: sky130A_mr.drc:1183
    Edge pairs: 0 (flat)  0 (hierarchical)
    Elapsed: 0.020s  Memory: 910.00M
"-" in: sky130A_mr.drc:1187
    Polygons (raw): 0 (flat)  0 (hierarchical)
    Elapsed: 0.720s  Memory: 910.00M
"output" in: sky130A_mr.drc:1187
    Polygons (raw): 0 (flat)  0 (hierarchical)
    Elapsed: 0.020s  Memory: 910.00M
"input" in: sky130A_mr.drc:1201
    Polygons (raw): 0 (flat)  0 (hierarchical)
    Elapsed: 0.000s  Memory: 910.00M
"enclosing" in: sky130A_mr.drc:1202
    Edge pairs: 0 (flat)  0 (hierarchical)
    Elapsed: 0.000s  Memory: 910.00M
"output" in: sky130A_mr.drc:1202
    Edge pairs: 0 (flat)  0 (hierarchical)
    Elapsed: 0.000s  Memory: 910.00M
"-" in: sky130A_mr.drc:1207
    Polygons (raw): 0 (flat)  0 (hierarchical)
    Elapsed: 0.000s  Memory: 910.00M
"output" in: sky130A_mr.drc:1207
    Polygons (raw): 0 (flat)  0 (hierarchical)
    Elapsed: 0.000s  Memory: 910.00M
"with_area" in: sky130A_mr.drc:1212
    Polygons (raw): 0 (flat)  0 (hierarchical)
    Elapsed: 0.000s  Memory: 910.00M
"output" in: sky130A_mr.drc:1212
    Polygons (raw): 0 (flat)  0 (hierarchical)
    Elapsed: 0.000s  Memory: 910.00M
"holes" in: sky130A_mr.drc:1215
    Polygons (raw): 0 (flat)  0 (hierarchical)
    Elapsed: 0.000s  Memory: 910.00M
"with_area" in: sky130A_mr.drc:1216
    Polygons (raw): 0 (flat)  0 (hierarchical)
    Elapsed: 0.000s  Memory: 910.00M
"output" in: sky130A_mr.drc:1217
    Polygons (raw): 0 (flat)  0 (hierarchical)
    Elapsed: 0.000s  Memory: 910.00M
"enclosing" in: sky130A_mr.drc:1228
    Edge pairs: 5535 (flat)  4619 (hierarchical)
    Elapsed: 0.690s  Memory: 910.00M
"second_edges" in: sky130A_mr.drc:1228
    Edges: 5535 (flat)  4619 (hierarchical)
    Elapsed: 0.020s  Memory: 910.00M
"width" in: sky130A_mr.drc:1230
    Edge pairs: 0 (flat)  0 (hierarchical)
    Elapsed: 0.030s  Memory: 910.00M
"polygons" in: sky130A_mr.drc:1232
    Polygons (raw): 0 (flat)  0 (hierarchical)
    Elapsed: 0.000s  Memory: 910.00M
"interacting" in: sky130A_mr.drc:1232
    Polygons (raw): 0 (flat)  0 (hierarchical)
    Elapsed: 0.000s  Memory: 910.00M
"output" in: sky130A_mr.drc:1233
    Polygons (raw): 0 (flat)  0 (hierarchical)
    Elapsed: 0.000s  Memory: 910.00M
END: 68/20 (m1)
START: 68/44 (via)
"drc" in: sky130A_mr.drc:1244
    Polygons (raw): 0 (flat)  0 (hierarchical)
    Elapsed: 0.030s  Memory: 910.00M
"-" in: sky130A_mr.drc:1245
    Polygons (raw): 2983 (flat)  2983 (hierarchical)
    Elapsed: 0.000s  Memory: 910.00M
"-" in: sky130A_mr.drc:1250
    Polygons (raw): 2983 (flat)  2983 (hierarchical)
    Elapsed: 0.000s  Memory: 910.00M
"non_rectangles" in: sky130A_mr.drc:1252
    Polygons (raw): 0 (flat)  0 (hierarchical)
    Elapsed: 0.020s  Memory: 910.00M
"output" in: sky130A_mr.drc:1252
    Polygons (raw): 0 (flat)  0 (hierarchical)
    Elapsed: 0.000s  Memory: 910.00M
"width" in: sky130A_mr.drc:1256
    Edge pairs: 0 (flat)  0 (hierarchical)
    Elapsed: 0.000s  Memory: 910.00M
"output" in: sky130A_mr.drc:1256
    Edge pairs: 0 (flat)  0 (hierarchical)
    Elapsed: 0.000s  Memory: 910.00M
"drc" in: sky130A_mr.drc:1261
    Edges: 0 (flat)  0 (hierarchical)
    Elapsed: 0.010s  Memory: 910.00M
"output" in: sky130A_mr.drc:1261
    Edges: 0 (flat)  0 (hierarchical)
    Elapsed: 0.000s  Memory: 910.00M
"space" in: sky130A_mr.drc:1266
    Edge pairs: 0 (flat)  0 (hierarchical)
    Elapsed: 0.010s  Memory: 910.00M
"output" in: sky130A_mr.drc:1266
    Edge pairs: 0 (flat)  0 (hierarchical)
    Elapsed: 0.000s  Memory: 910.00M
"width" in: sky130A_mr.drc:1272
    Edge pairs: 0 (flat)  0 (hierarchical)
    Elapsed: 0.000s  Memory: 910.00M
"output" in: sky130A_mr.drc:1272
    Edge pairs: 0 (flat)  0 (hierarchical)
    Elapsed: 0.000s  Memory: 910.00M
"drc" in: sky130A_mr.drc:1276
    Edge pairs: 0 (flat)  0 (hierarchical)
    Elapsed: 0.010s  Memory: 910.00M
"output" in: sky130A_mr.drc:1276
    Edge pairs: 0 (flat)  0 (hierarchical)
    Elapsed: 0.000s  Memory: 910.00M
"-" in: sky130A_mr.drc:1280
    Polygons (raw): 0 (flat)  0 (hierarchical)
    Elapsed: 0.000s  Memory: 910.00M
"output" in: sky130A_mr.drc:1280
    Polygons (raw): 0 (flat)  0 (hierarchical)
    Elapsed: 0.000s  Memory: 910.00M
"edges" in: sky130A_mr.drc:1287
    Edges: 24860 (flat)  21808 (hierarchical)
    Elapsed: 0.000s  Memory: 910.00M
"drc" in: sky130A_mr.drc:1288
    Edges: 11932 (flat)  11932 (hierarchical)
    Elapsed: 0.060s  Memory: 910.00M
"enclosing" in: sky130A_mr.drc:1288
    Edge pairs: 0 (flat)  0 (hierarchical)
    Elapsed: 0.020s  Memory: 910.00M
"output" in: sky130A_mr.drc:1289
    Edge pairs: 0 (flat)  0 (hierarchical)
    Elapsed: 0.000s  Memory: 910.00M
"squares" in: sky130A_mr.drc:1291
    Polygons (raw): 2983 (flat)  2983 (hierarchical)
    Elapsed: 0.000s  Memory: 910.00M
"drc" in: sky130A_mr.drc:1292
    Edges: 11932 (flat)  11932 (hierarchical)
    Elapsed: 0.030s  Memory: 910.00M
"-" in: sky130A_mr.drc:1293
    Edges: 0 (flat)  0 (hierarchical)
    Elapsed: 0.120s  Memory: 910.00M
"output" in: sky130A_mr.drc:1294
    Edges: 0 (flat)  0 (hierarchical)
    Elapsed: 0.000s  Memory: 910.00M
"edges" in: sky130A_mr.drc:1298
    Edges: 24860 (flat)  21808 (hierarchical)
    Elapsed: 0.000s  Memory: 910.00M
"drc" in: sky130A_mr.drc:1299
    Edges: 11932 (flat)  11932 (hierarchical)
    Elapsed: 0.030s  Memory: 910.00M
"enclosing" in: sky130A_mr.drc:1299
    Edge pairs: 3980 (flat)  3980 (hierarchical)
    Elapsed: 0.040s  Memory: 910.00M
"second_edges" in: sky130A_mr.drc:1300
    Edges: 3980 (flat)  3980 (hierarchical)
    Elapsed: 0.030s  Memory: 910.00M
"width" in: sky130A_mr.drc:1302
    Edge pairs: 0 (flat)  0 (hierarchical)
    Elapsed: 0.020s  Memory: 910.00M
"polygons" in: sky130A_mr.drc:1303
    Polygons (raw): 0 (flat)  0 (hierarchical)
    Elapsed: 0.000s  Memory: 910.00M
"interacting" in: sky130A_mr.drc:1303
    Polygons (raw): 0 (flat)  0 (hierarchical)
    Elapsed: 0.000s  Memory: 910.00M
"output" in: sky130A_mr.drc:1304
    Polygons (raw): 0 (flat)  0 (hierarchical)
    Elapsed: 0.000s  Memory: 910.00M
END: 68/44 (via)
START: 69/20 (m2)
"&" in: sky130A_mr.drc:1313
    Polygons (raw): 0 (flat)  0 (hierarchical)
    Elapsed: 0.000s  Memory: 910.00M
"width" in: sky130A_mr.drc:1314
    Edge pairs: 0 (flat)  0 (hierarchical)
    Elapsed: 0.030s  Memory: 910.00M
"output" in: sky130A_mr.drc:1314
    Edge pairs: 0 (flat)  0 (hierarchical)
    Elapsed: 0.010s  Memory: 910.00M
"sized" in: sky130A_mr.drc:1316
    Polygons (raw): 0 (flat)  0 (hierarchical)
    Elapsed: 0.020s  Memory: 910.00M
"sized" in: sky130A_mr.drc:1316
    Polygons (raw): 0 (flat)  0 (hierarchical)
    Elapsed: 0.000s  Memory: 910.00M
"snap" in: sky130A_mr.drc:1316
    Polygons (raw): 0 (flat)  0 (hierarchical)
    Elapsed: 0.000s  Memory: 910.00M
"&" in: sky130A_mr.drc:1316
    Polygons (raw): 0 (flat)  0 (hierarchical)
    Elapsed: 0.010s  Memory: 910.00M
"edges" in: sky130A_mr.drc:1317
    Edges: 18464 (flat)  18464 (hierarchical)
    Elapsed: 0.000s  Memory: 910.00M
"-" in: sky130A_mr.drc:1317
    Edges: 18464 (flat)  18464 (hierarchical)
    Elapsed: 0.000s  Memory: 910.00M
"edges" in: sky130A_mr.drc:1318
    Edges: 0 (flat)  0 (hierarchical)
    Elapsed: 0.000s  Memory: 910.00M
"merged" in: sky130A_mr.drc:1318
    Polygons (raw): 1689 (flat)  1689 (hierarchical)
    Elapsed: 0.000s  Memory: 910.00M
"outside_part" in: sky130A_mr.drc:1318
    Edges: 0 (flat)  0 (hierarchical)
    Elapsed: 0.000s  Memory: 910.00M
"-" in: sky130A_mr.drc:1319
    Polygons (raw): 2983 (flat)  2983 (hierarchical)
    Elapsed: 0.000s  Memory: 910.00M
"space" in: sky130A_mr.drc:1321
    Edge pairs: 0 (flat)  0 (hierarchical)
    Elapsed: 0.050s  Memory: 910.00M
"output" in: sky130A_mr.drc:1321
    Edge pairs: 0 (flat)  0 (hierarchical)
    Elapsed: 0.000s  Memory: 910.00M
"separation" in: sky130A_mr.drc:1327
    Edge pairs: 0 (flat)  0 (hierarchical)
    Elapsed: 0.010s  Memory: 910.00M
"space" in: sky130A_mr.drc:1328
    Edge pairs: 0 (flat)  0 (hierarchical)
    Elapsed: 0.000s  Memory: 910.00M
"+" in: sky130A_mr.drc:1327
    Edge pairs: 0 (flat)  0 (hierarchical)
    Elapsed: 0.000s  Memory: 910.00M
"output" in: sky130A_mr.drc:1329
    Edge pairs: 0 (flat)  0 (hierarchical)
    Elapsed: 0.000s  Memory: 910.00M
"with_area" in: sky130A_mr.drc:1331
    Polygons (raw): 0 (flat)  0 (hierarchical)
    Elapsed: 0.000s  Memory: 910.00M
"output" in: sky130A_mr.drc:1331
    Polygons (raw): 0 (flat)  0 (hierarchical)
    Elapsed: 0.000s  Memory: 910.00M
"holes" in: sky130A_mr.drc:1333
    Polygons (raw): 0 (flat)  0 (hierarchical)
    Elapsed: 0.010s  Memory: 910.00M
"with_area" in: sky130A_mr.drc:1334
    Polygons (raw): 0 (flat)  0 (hierarchical)
    Elapsed: 0.000s  Memory: 910.00M
"output" in: sky130A_mr.drc:1335
    Polygons (raw): 0 (flat)  0 (hierarchical)
    Elapsed: 0.000s  Memory: 910.00M
"enclosing" in: sky130A_mr.drc:1343
    Edge pairs: 0 (flat)  0 (hierarchical)
    Elapsed: 0.020s  Memory: 910.00M
"output" in: sky130A_mr.drc:1343
    Edge pairs: 0 (flat)  0 (hierarchical)
    Elapsed: 0.000s  Memory: 910.00M
"-" in: sky130A_mr.drc:1347
    Polygons (raw): 0 (flat)  0 (hierarchical)
    Elapsed: 0.020s  Memory: 910.00M
"output" in: sky130A_mr.drc:1347
    Polygons (raw): 0 (flat)  0 (hierarchical)
    Elapsed: 0.000s  Memory: 910.00M
"enclosing" in: sky130A_mr.drc:1351
    Edge pairs: 0 (flat)  0 (hierarchical)
    Elapsed: 0.000s  Memory: 910.00M
"output" in: sky130A_mr.drc:1351
    Edge pairs: 0 (flat)  0 (hierarchical)
    Elapsed: 0.000s  Memory: 910.00M
"enclosing" in: sky130A_mr.drc:1356
    Edge pairs: 4355 (flat)  4355 (hierarchical)
    Elapsed: 0.040s  Memory: 910.00M
"second_edges" in: sky130A_mr.drc:1356
    Edges: 4355 (flat)  4355 (hierarchical)
    Elapsed: 0.000s  Memory: 910.00M
"width" in: sky130A_mr.drc:1358
    Edge pairs: 0 (flat)  0 (hierarchical)
    Elapsed: 0.020s  Memory: 910.00M
"polygons" in: sky130A_mr.drc:1359
    Polygons (raw): 0 (flat)  0 (hierarchical)
    Elapsed: 0.000s  Memory: 910.00M
"interacting" in: sky130A_mr.drc:1359
    Polygons (raw): 0 (flat)  0 (hierarchical)
    Elapsed: 0.000s  Memory: 910.00M
"output" in: sky130A_mr.drc:1360
    Polygons (raw): 0 (flat)  0 (hierarchical)
    Elapsed: 0.000s  Memory: 910.00M
END: 69/20 (m2)
START: 69/44 (via2)
"drc" in: sky130A_mr.drc:1371
    Polygons (raw): 0 (flat)  0 (hierarchical)
    Elapsed: 0.020s  Memory: 910.00M
"-" in: sky130A_mr.drc:1372
    Polygons (raw): 1178 (flat)  1178 (hierarchical)
    Elapsed: 0.000s  Memory: 910.00M
"-" in: sky130A_mr.drc:1377
    Polygons (raw): 1178 (flat)  1178 (hierarchical)
    Elapsed: 0.000s  Memory: 910.00M
"non_rectangles" in: sky130A_mr.drc:1378
    Polygons (raw): 0 (flat)  0 (hierarchical)
    Elapsed: 0.010s  Memory: 910.00M
"output" in: sky130A_mr.drc:1378
    Polygons (raw): 0 (flat)  0 (hierarchical)
    Elapsed: 0.000s  Memory: 910.00M
"width" in: sky130A_mr.drc:1382
    Edge pairs: 0 (flat)  0 (hierarchical)
    Elapsed: 0.000s  Memory: 910.00M
"output" in: sky130A_mr.drc:1382
    Edge pairs: 0 (flat)  0 (hierarchical)
    Elapsed: 0.000s  Memory: 910.00M
"edges" in: sky130A_mr.drc:1387
    Edges: 4712 (flat)  4712 (hierarchical)
    Elapsed: 0.010s  Memory: 910.00M
"without_length" in: sky130A_mr.drc:1388
    Edges: 0 (flat)  0 (hierarchical)
    Elapsed: 0.000s  Memory: 910.00M
"output" in: sky130A_mr.drc:1389
    Edges: 0 (flat)  0 (hierarchical)
    Elapsed: 0.000s  Memory: 910.00M
"space" in: sky130A_mr.drc:1390
    Edge pairs: 0 (flat)  0 (hierarchical)
    Elapsed: 0.010s  Memory: 910.00M
"output" in: sky130A_mr.drc:1390
    Edge pairs: 0 (flat)  0 (hierarchical)
    Elapsed: 0.000s  Memory: 910.00M
"width" in: sky130A_mr.drc:1396
    Edge pairs: 0 (flat)  0 (hierarchical)
    Elapsed: 0.000s  Memory: 910.00M
"output" in: sky130A_mr.drc:1396
    Edge pairs: 0 (flat)  0 (hierarchical)
    Elapsed: 0.000s  Memory: 910.00M
"drc" in: sky130A_mr.drc:1400
    Edge pairs: 0 (flat)  0 (hierarchical)
    Elapsed: 0.000s  Memory: 910.00M
"output" in: sky130A_mr.drc:1400
    Edge pairs: 0 (flat)  0 (hierarchical)
    Elapsed: 0.000s  Memory: 910.00M
"-" in: sky130A_mr.drc:1404
    Polygons (raw): 0 (flat)  0 (hierarchical)
    Elapsed: 0.000s  Memory: 910.00M
"output" in: sky130A_mr.drc:1404
    Polygons (raw): 0 (flat)  0 (hierarchical)
    Elapsed: 0.000s  Memory: 910.00M
"enclosing" in: sky130A_mr.drc:1410
    Edge pairs: 0 (flat)  0 (hierarchical)
    Elapsed: 0.010s  Memory: 910.00M
"output" in: sky130A_mr.drc:1410
    Edge pairs: 0 (flat)  0 (hierarchical)
    Elapsed: 0.000s  Memory: 910.00M
"-" in: sky130A_mr.drc:1414
    Polygons (raw): 0 (flat)  0 (hierarchical)
    Elapsed: 0.010s  Memory: 910.00M
"output" in: sky130A_mr.drc:1414
    Polygons (raw): 0 (flat)  0 (hierarchical)
    Elapsed: 0.010s  Memory: 910.00M
"enclosing" in: sky130A_mr.drc:1417
    Edge pairs: 1141 (flat)  1141 (hierarchical)
    Elapsed: 0.010s  Memory: 910.00M
"second_edges" in: sky130A_mr.drc:1417
    Edges: 1141 (flat)  1141 (hierarchical)
    Elapsed: 0.000s  Memory: 910.00M
"width" in: sky130A_mr.drc:1419
    Edge pairs: 0 (flat)  0 (hierarchical)
    Elapsed: 0.010s  Memory: 910.00M
"polygons" in: sky130A_mr.drc:1420
    Polygons (raw): 0 (flat)  0 (hierarchical)
    Elapsed: 0.000s  Memory: 910.00M
"interacting" in: sky130A_mr.drc:1420
    Polygons (raw): 0 (flat)  0 (hierarchical)
    Elapsed: 0.000s  Memory: 910.00M
"output" in: sky130A_mr.drc:1421
    Polygons (raw): 0 (flat)  0 (hierarchical)
    Elapsed: 0.000s  Memory: 910.00M
END: 69/44 (via2)
START: 70/20 (m3)
"width" in: sky130A_mr.drc:1430
    Edge pairs: 0 (flat)  0 (hierarchical)
    Elapsed: 0.010s  Memory: 910.00M
"output" in: sky130A_mr.drc:1430
    Edge pairs: 0 (flat)  0 (hierarchical)
    Elapsed: 0.000s  Memory: 910.00M
"sized" in: sky130A_mr.drc:1432
    Polygons (raw): 0 (flat)  0 (hierarchical)
    Elapsed: 0.010s  Memory: 910.00M
"sized" in: sky130A_mr.drc:1432
    Polygons (raw): 0 (flat)  0 (hierarchical)
    Elapsed: 0.000s  Memory: 910.00M
"snap" in: sky130A_mr.drc:1432
    Polygons (raw): 0 (flat)  0 (hierarchical)
    Elapsed: 0.000s  Memory: 910.00M
"&" in: sky130A_mr.drc:1432
    Polygons (raw): 0 (flat)  0 (hierarchical)
    Elapsed: 0.000s  Memory: 910.00M
"edges" in: sky130A_mr.drc:1433
    Edges: 4256 (flat)  4256 (hierarchical)
    Elapsed: 0.000s  Memory: 910.00M
"-" in: sky130A_mr.drc:1433
    Edges: 4256 (flat)  4256 (hierarchical)
    Elapsed: 0.030s  Memory: 910.00M
"edges" in: sky130A_mr.drc:1434
    Edges: 0 (flat)  0 (hierarchical)
    Elapsed: 0.000s  Memory: 910.00M
"merged" in: sky130A_mr.drc:1434
    Polygons (raw): 520 (flat)  520 (hierarchical)
    Elapsed: 0.000s  Memory: 910.00M
"outside_part" in: sky130A_mr.drc:1434
    Edges: 0 (flat)  0 (hierarchical)
    Elapsed: 0.000s  Memory: 910.00M
"space" in: sky130A_mr.drc:1436
    Edge pairs: 0 (flat)  0 (hierarchical)
    Elapsed: 0.010s  Memory: 910.00M
"output" in: sky130A_mr.drc:1436
    Edge pairs: 0 (flat)  0 (hierarchical)
    Elapsed: 0.000s  Memory: 910.00M
"separation" in: sky130A_mr.drc:1442
    Edge pairs: 0 (flat)  0 (hierarchical)
    Elapsed: 0.000s  Memory: 910.00M
"space" in: sky130A_mr.drc:1443
    Edge pairs: 0 (flat)  0 (hierarchical)
    Elapsed: 0.000s  Memory: 910.00M
"+" in: sky130A_mr.drc:1442
    Edge pairs: 0 (flat)  0 (hierarchical)
    Elapsed: 0.000s  Memory: 910.00M
"output" in: sky130A_mr.drc:1444
    Edge pairs: 0 (flat)  0 (hierarchical)
    Elapsed: 0.000s  Memory: 910.00M
"enclosing" in: sky130A_mr.drc:1452
    Edge pairs: 0 (flat)  0 (hierarchical)
    Elapsed: 0.010s  Memory: 910.00M
"output" in: sky130A_mr.drc:1452
    Edge pairs: 0 (flat)  0 (hierarchical)
    Elapsed: 0.000s  Memory: 910.00M
"-" in: sky130A_mr.drc:1456
    Polygons (raw): 0 (flat)  0 (hierarchical)
    Elapsed: 0.010s  Memory: 910.00M
"output" in: sky130A_mr.drc:1456
    Polygons (raw): 0 (flat)  0 (hierarchical)
    Elapsed: 0.000s  Memory: 910.00M
"with_area" in: sky130A_mr.drc:1458
    Polygons (raw): 0 (flat)  0 (hierarchical)
    Elapsed: 0.010s  Memory: 910.00M
"output" in: sky130A_mr.drc:1458
    Polygons (raw): 0 (flat)  0 (hierarchical)
    Elapsed: 0.000s  Memory: 910.00M
"holes" in: sky130A_mr.drc:1460
    Polygons (raw): 0 (flat)  0 (hierarchical)
    Elapsed: 0.000s  Memory: 910.00M
"with_area" in: sky130A_mr.drc:1461
    Polygons (raw): 0 (flat)  0 (hierarchical)
    Elapsed: 0.000s  Memory: 910.00M
"output" in: sky130A_mr.drc:1462
    Polygons (raw): 0 (flat)  0 (hierarchical)
    Elapsed: 0.000s  Memory: 910.00M
END: 70/20 (m3)
START: 70/44 (via3)
"drc" in: sky130A_mr.drc:1469
    Polygons (raw): 0 (flat)  0 (hierarchical)
    Elapsed: 0.020s  Memory: 910.00M
"-" in: sky130A_mr.drc:1470
    Polygons (raw): 896 (flat)  896 (hierarchical)
    Elapsed: 0.000s  Memory: 910.00M
"-" in: sky130A_mr.drc:1475
    Polygons (raw): 896 (flat)  896 (hierarchical)
    Elapsed: 0.000s  Memory: 910.00M
"non_rectangles" in: sky130A_mr.drc:1476
    Polygons (raw): 0 (flat)  0 (hierarchical)
    Elapsed: 0.010s  Memory: 910.00M
"output" in: sky130A_mr.drc:1476
    Polygons (raw): 0 (flat)  0 (hierarchical)
    Elapsed: 0.000s  Memory: 910.00M
"width" in: sky130A_mr.drc:1480
    Edge pairs: 0 (flat)  0 (hierarchical)
    Elapsed: 0.000s  Memory: 910.00M
"output" in: sky130A_mr.drc:1480
    Edge pairs: 0 (flat)  0 (hierarchical)
    Elapsed: 0.000s  Memory: 910.00M
"edges" in: sky130A_mr.drc:1485
    Edges: 3584 (flat)  3584 (hierarchical)
    Elapsed: 0.000s  Memory: 910.00M
"without_length" in: sky130A_mr.drc:1486
    Edges: 0 (flat)  0 (hierarchical)
    Elapsed: 0.000s  Memory: 910.00M
"output" in: sky130A_mr.drc:1487
    Edges: 0 (flat)  0 (hierarchical)
    Elapsed: 0.000s  Memory: 910.00M
"space" in: sky130A_mr.drc:1489
    Edge pairs: 0 (flat)  0 (hierarchical)
    Elapsed: 0.000s  Memory: 910.00M
"output" in: sky130A_mr.drc:1489
    Edge pairs: 0 (flat)  0 (hierarchical)
    Elapsed: 0.000s  Memory: 910.00M
"enclosing" in: sky130A_mr.drc:1493
    Edge pairs: 0 (flat)  0 (hierarchical)
    Elapsed: 0.010s  Memory: 910.00M
"output" in: sky130A_mr.drc:1493
    Edge pairs: 0 (flat)  0 (hierarchical)
    Elapsed: 0.000s  Memory: 910.00M
"-" in: sky130A_mr.drc:1497
    Polygons (raw): 0 (flat)  0 (hierarchical)
    Elapsed: 0.000s  Memory: 910.00M
"output" in: sky130A_mr.drc:1497
    Polygons (raw): 0 (flat)  0 (hierarchical)
    Elapsed: 0.000s  Memory: 910.00M
"enclosing" in: sky130A_mr.drc:1503
    Edge pairs: 1798 (flat)  1798 (hierarchical)
    Elapsed: 0.010s  Memory: 910.00M
"second_edges" in: sky130A_mr.drc:1503
    Edges: 1798 (flat)  1798 (hierarchical)
    Elapsed: 0.000s  Memory: 910.00M
"width" in: sky130A_mr.drc:1505
    Edge pairs: 0 (flat)  0 (hierarchical)
    Elapsed: 0.010s  Memory: 910.00M
"polygons" in: sky130A_mr.drc:1506
    Polygons (raw): 0 (flat)  0 (hierarchical)
    Elapsed: 0.000s  Memory: 910.00M
"interacting" in: sky130A_mr.drc:1506
    Polygons (raw): 0 (flat)  0 (hierarchical)
    Elapsed: 0.000s  Memory: 910.00M
"output" in: sky130A_mr.drc:1507
    Polygons (raw): 0 (flat)  0 (hierarchical)
    Elapsed: 0.000s  Memory: 910.00M
END: 70/44 (via3)
START: 71/20 (m4)
"width" in: sky130A_mr.drc:1516
    Edge pairs: 0 (flat)  0 (hierarchical)
    Elapsed: 0.000s  Memory: 910.00M
"output" in: sky130A_mr.drc:1516
    Edge pairs: 0 (flat)  0 (hierarchical)
    Elapsed: 0.000s  Memory: 910.00M
"sized" in: sky130A_mr.drc:1518
    Polygons (raw): 146 (flat)  146 (hierarchical)
    Elapsed: 0.000s  Memory: 910.00M
"sized" in: sky130A_mr.drc:1518
    Polygons (raw): 146 (flat)  146 (hierarchical)
    Elapsed: 0.000s  Memory: 910.00M
"snap" in: sky130A_mr.drc:1518
    Polygons (raw): 146 (flat)  146 (hierarchical)
    Elapsed: 0.010s  Memory: 910.00M
"&" in: sky130A_mr.drc:1518
    Polygons (raw): 146 (flat)  146 (hierarchical)
    Elapsed: 0.000s  Memory: 910.00M
"edges" in: sky130A_mr.drc:1519
    Edges: 1170 (flat)  1170 (hierarchical)
    Elapsed: 0.000s  Memory: 910.00M
"-" in: sky130A_mr.drc:1519
    Edges: 586 (flat)  586 (hierarchical)
    Elapsed: 0.000s  Memory: 910.00M
"edges" in: sky130A_mr.drc:1520
    Edges: 584 (flat)  584 (hierarchical)
    Elapsed: 0.010s  Memory: 910.00M
"merged" in: sky130A_mr.drc:1520
    Polygons (raw): 200 (flat)  200 (hierarchical)
    Elapsed: 0.000s  Memory: 910.00M
"outside_part" in: sky130A_mr.drc:1520
    Edges: 584 (flat)  584 (hierarchical)
    Elapsed: 0.010s  Memory: 910.00M
"space" in: sky130A_mr.drc:1522
    Edge pairs: 0 (flat)  0 (hierarchical)
    Elapsed: 0.010s  Memory: 910.00M
"output" in: sky130A_mr.drc:1522
    Edge pairs: 0 (flat)  0 (hierarchical)
    Elapsed: 0.000s  Memory: 910.00M
"with_area" in: sky130A_mr.drc:1527
    Polygons (raw): 0 (flat)  0 (hierarchical)
    Elapsed: 0.000s  Memory: 910.00M
"output" in: sky130A_mr.drc:1527
    Polygons (raw): 0 (flat)  0 (hierarchical)
    Elapsed: 0.000s  Memory: 910.00M
"separation" in: sky130A_mr.drc:1530
    Edge pairs: 0 (flat)  0 (hierarchical)
    Elapsed: 0.010s  Memory: 910.00M
"space" in: sky130A_mr.drc:1531
    Edge pairs: 0 (flat)  0 (hierarchical)
    Elapsed: 0.000s  Memory: 910.00M
"+" in: sky130A_mr.drc:1530
    Edge pairs: 0 (flat)  0 (hierarchical)
    Elapsed: 0.000s  Memory: 910.00M
"output" in: sky130A_mr.drc:1532
    Edge pairs: 0 (flat)  0 (hierarchical)
    Elapsed: 0.000s  Memory: 910.00M
"enclosing" in: sky130A_mr.drc:1540
    Edge pairs: 0 (flat)  0 (hierarchical)
    Elapsed: 0.010s  Memory: 910.00M
"output" in: sky130A_mr.drc:1540
    Edge pairs: 0 (flat)  0 (hierarchical)
    Elapsed: 0.000s  Memory: 910.00M
"-" in: sky130A_mr.drc:1544
    Polygons (raw): 0 (flat)  0 (hierarchical)
    Elapsed: 0.010s  Memory: 910.00M
"output" in: sky130A_mr.drc:1544
    Polygons (raw): 0 (flat)  0 (hierarchical)
    Elapsed: 0.000s  Memory: 910.00M
"holes" in: sky130A_mr.drc:1547
    Polygons (raw): 0 (flat)  0 (hierarchical)
    Elapsed: 0.000s  Memory: 910.00M
"with_area" in: sky130A_mr.drc:1548
    Polygons (raw): 0 (flat)  0 (hierarchical)
    Elapsed: 0.000s  Memory: 910.00M
"output" in: sky130A_mr.drc:1549
    Polygons (raw): 0 (flat)  0 (hierarchical)
    Elapsed: 0.000s  Memory: 910.00M
END: 71/20 (m4)
START: 71/44 (via4)
"drc" in: sky130A_mr.drc:1555
    Polygons (raw): 0 (flat)  0 (hierarchical)
    Elapsed: 0.100s  Memory: 913.00M
"-" in: sky130A_mr.drc:1556
    Polygons (raw): 12592 (flat)  12592 (hierarchical)
    Elapsed: 0.010s  Memory: 913.00M
"-" in: sky130A_mr.drc:1561
    Polygons (raw): 12592 (flat)  12592 (hierarchical)
    Elapsed: 0.000s  Memory: 913.00M
"non_rectangles" in: sky130A_mr.drc:1562
    Polygons (raw): 0 (flat)  0 (hierarchical)
    Elapsed: 0.080s  Memory: 913.00M
"output" in: sky130A_mr.drc:1562
    Polygons (raw): 0 (flat)  0 (hierarchical)
    Elapsed: 0.030s  Memory: 913.00M
"width" in: sky130A_mr.drc:1566
    Edge pairs: 0 (flat)  0 (hierarchical)
    Elapsed: 0.090s  Memory: 913.00M
"output" in: sky130A_mr.drc:1566
    Edge pairs: 0 (flat)  0 (hierarchical)
    Elapsed: 0.000s  Memory: 913.00M
"drc" in: sky130A_mr.drc:1570
    Edges: 0 (flat)  0 (hierarchical)
    Elapsed: 0.040s  Memory: 913.00M
"output" in: sky130A_mr.drc:1570
    Edges: 0 (flat)  0 (hierarchical)
    Elapsed: 0.000s  Memory: 913.00M
"space" in: sky130A_mr.drc:1576
    Edge pairs: 0 (flat)  0 (hierarchical)
    Elapsed: 0.040s  Memory: 913.00M
"polygons" in: sky130A_mr.drc:1577
    Polygons (raw): 0 (flat)  0 (hierarchical)
    Elapsed: 0.000s  Memory: 913.00M
"output" in: sky130A_mr.drc:1578
    Polygons (raw): 0 (flat)  0 (hierarchical)
    Elapsed: 0.000s  Memory: 913.00M
"width" in: sky130A_mr.drc:1581
    Edge pairs: 0 (flat)  0 (hierarchical)
    Elapsed: 0.000s  Memory: 913.00M
"output" in: sky130A_mr.drc:1581
    Edge pairs: 0 (flat)  0 (hierarchical)
    Elapsed: 0.000s  Memory: 913.00M
"drc" in: sky130A_mr.drc:1585
    Edge pairs: 0 (flat)  0 (hierarchical)
    Elapsed: 0.000s  Memory: 913.00M
"output" in: sky130A_mr.drc:1585
    Edge pairs: 0 (flat)  0 (hierarchical)
    Elapsed: 0.000s  Memory: 913.00M
"-" in: sky130A_mr.drc:1589
    Polygons (raw): 0 (flat)  0 (hierarchical)
    Elapsed: 0.000s  Memory: 913.00M
"output" in: sky130A_mr.drc:1589
    Polygons (raw): 0 (flat)  0 (hierarchical)
    Elapsed: 0.000s  Memory: 913.00M
"enclosing" in: sky130A_mr.drc:1595
    Edge pairs: 0 (flat)  0 (hierarchical)
    Elapsed: 0.070s  Memory: 913.00M
"output" in: sky130A_mr.drc:1595
    Edge pairs: 0 (flat)  0 (hierarchical)
    Elapsed: 0.000s  Memory: 913.00M
"-" in: sky130A_mr.drc:1599
    Polygons (raw): 0 (flat)  0 (hierarchical)
    Elapsed: 0.050s  Memory: 913.00M
"output" in: sky130A_mr.drc:1599
    Polygons (raw): 0 (flat)  0 (hierarchical)
    Elapsed: 0.000s  Memory: 913.00M
END: 71/44 (via4)
START: 72/20 (m5)
"width" in: sky130A_mr.drc:1604
    Edge pairs: 0 (flat)  0 (hierarchical)
    Elapsed: 0.010s  Memory: 913.00M
"output" in: sky130A_mr.drc:1604
    Edge pairs: 0 (flat)  0 (hierarchical)
    Elapsed: 0.000s  Memory: 913.00M
"space" in: sky130A_mr.drc:1606
    Edge pairs: 0 (flat)  0 (hierarchical)
    Elapsed: 0.000s  Memory: 913.00M
"output" in: sky130A_mr.drc:1606
    Edge pairs: 0 (flat)  0 (hierarchical)
    Elapsed: 0.010s  Memory: 913.00M
"enclosing" in: sky130A_mr.drc:1608
    Edge pairs: 0 (flat)  0 (hierarchical)
    Elapsed: 0.080s  Memory: 913.00M
"output" in: sky130A_mr.drc:1608
    Edge pairs: 0 (flat)  0 (hierarchical)
    Elapsed: 0.000s  Memory: 913.00M
"-" in: sky130A_mr.drc:1612
    Polygons (raw): 0 (flat)  0 (hierarchical)
    Elapsed: 0.030s  Memory: 913.00M
"output" in: sky130A_mr.drc:1612
    Polygons (raw): 0 (flat)  0 (hierarchical)
    Elapsed: 0.000s  Memory: 913.00M
"with_area" in: sky130A_mr.drc:1619
    Polygons (raw): 0 (flat)  0 (hierarchical)
    Elapsed: 0.000s  Memory: 913.00M
"output" in: sky130A_mr.drc:1619
    Polygons (raw): 0 (flat)  0 (hierarchical)
    Elapsed: 0.000s  Memory: 913.00M
"holes" in: sky130A_mr.drc:1621
    Polygons (raw): 0 (flat)  0 (hierarchical)
    Elapsed: 0.000s  Memory: 913.00M
"with_area" in: sky130A_mr.drc:1622
    Polygons (raw): 0 (flat)  0 (hierarchical)
    Elapsed: 0.000s  Memory: 913.00M
"output" in: sky130A_mr.drc:1623
    Polygons (raw): 0 (flat)  0 (hierarchical)
    Elapsed: 0.000s  Memory: 913.00M
END: 72/20 (m5)
START: 76/20 (pad)
"space" in: sky130A_mr.drc:1628
    Edge pairs: 0 (flat)  0 (hierarchical)
    Elapsed: 0.000s  Memory: 913.00M
"output" in: sky130A_mr.drc:1628
    Edge pairs: 0 (flat)  0 (hierarchical)
    Elapsed: 0.000s  Memory: 913.00M
END: 76/20 (pad)
START: 81/10 (moduleCut)
"output" in: sky130A_mr.drc:1634
    Polygons (raw): 0 (flat)  0 (hierarchical)
    Elapsed: 0.000s  Memory: 913.00M
END: 81/10 (moduleCut)
Writing report database: /tmp/tmp2_4vpngq/repo/precheck_results/01_MAY_2026___15_27_13/outputs/reports/klayout_beol_check.xml ..
Total elapsed: 13.840s  Memory: 913.00M
Args:
	sram_exclude: false
	feol: false
	beol: true
	floating_met: false
	offgrid: false
	seal: 
 
Cell exclusion list:
   rule    | cell
   nwell.6 | sky130_fd_io__gpiov2_amux, sky130_fd_io__simple_pad_and_busses
 
release 2025.11.17_01.10
