Clock: clk
Sources: wb_clk_i 
Generated: no
Virtual: yes
Propagated: no
Period: 25.000000

===========================================================================
report_clock_properties
============================================================================
Clock                   Period          Waveform
----------------------------------------------------
clk                  25.000000    0.000000 12.500000

===========================================================================
report_clock_latency
============================================================================
Clock clk
rise -> rise
    min     max
4.650000 5.570000 source latency
5.539692         network latency mprj/_599_/CLK
        6.500453 network latency mprj/_569_/CLK
---------------
10.189692 12.070454 latency
        1.880761 skew

fall -> fall
    min     max
4.650000 5.570000 source latency
5.574435         network latency mprj/_599_/CLK
        6.526758 network latency mprj/_569_/CLK
---------------
10.224435 12.096758 latency
        1.872323 skew



===========================================================================
report_clock_min_period
============================================================================
clk period_min = 9.25 fmax = 108.16
