Clock: clk
Sources: wb_clk_i 
Generated: no
Virtual: yes
Propagated: no
Period: 25.000000

===========================================================================
report_clock_properties
============================================================================
Clock                   Period          Waveform
----------------------------------------------------
clk                  25.000000    0.000000 12.500000

===========================================================================
report_clock_latency
============================================================================
Clock clk
rise -> rise
    min     max
4.650000 5.570000 source latency
5.564600         network latency mprj/_599_/CLK
        6.532167 network latency mprj/_569_/CLK
---------------
10.214600 12.102167 latency
        1.887568 skew

fall -> fall
    min     max
4.650000 5.570000 source latency
5.595034         network latency mprj/_599_/CLK
        6.552924 network latency mprj/_569_/CLK
---------------
10.245033 12.122924 latency
        1.877890 skew



===========================================================================
report_clock_min_period
============================================================================
clk period_min = 9.35 fmax = 106.92
