Clock: clk
Sources: wb_clk_i 
Generated: no
Virtual: yes
Propagated: no
Period: 25.000000

===========================================================================
report_clock_properties
============================================================================
Clock                   Period          Waveform
----------------------------------------------------
clk                  25.000000    0.000000 12.500000

===========================================================================
report_clock_latency
============================================================================
Clock clk
rise -> rise
    min     max
4.650000 5.570000 source latency
5.186826         network latency mprj/_599_/CLK
        6.140345 network latency mprj/_569_/CLK
---------------
9.836826 11.710345 latency
        1.873518 skew

fall -> fall
    min     max
4.650000 5.570000 source latency
5.285680         network latency mprj/_599_/CLK
        6.231554 network latency mprj/_563_/CLK
---------------
9.935679 11.801554 latency
        1.865875 skew



===========================================================================
report_clock_min_period
============================================================================
clk period_min = 4.81 fmax = 207.69
