Clock: wb_clk_i
Sources: wb_clk_i 
Generated: no
Virtual: yes
Propagated: no
Period: 25.000000

===========================================================================
report_clock_properties
============================================================================
Clock                   Period          Waveform
----------------------------------------------------
wb_clk_i             25.000000    0.000000 12.500000

===========================================================================
report_clock_latency
============================================================================
Clock wb_clk_i
rise -> rise
    min     max
0.000000 0.000000 source latency
0.362779         network latency _599_/CLK
        0.388700 network latency _563_/CLK
---------------
0.362779 0.388700 latency
        0.025920 skew

fall -> fall
    min     max
0.000000 0.000000 source latency
0.306348         network latency _599_/CLK
        0.326216 network latency _563_/CLK
---------------
0.306348 0.326216 latency
        0.019868 skew



===========================================================================
report_clock_min_period
============================================================================
wb_clk_i period_min = 3.20 fmax = 312.94
