Clock: clk
Sources: wb_clk_i 
Generated: no
Virtual: yes
Propagated: no
Period: 25.000000

===========================================================================
report_clock_properties
============================================================================
Clock                   Period          Waveform
----------------------------------------------------
clk                  25.000000    0.000000 12.500000

===========================================================================
report_clock_latency
============================================================================
Clock clk
rise -> rise
    min     max
4.650000 5.570000 source latency
5.171006         network latency mprj/_599_/CLK
        6.118876 network latency mprj/_569_/CLK
---------------
9.821007 11.688876 latency
        1.867869 skew

fall -> fall
    min     max
4.650000 5.570000 source latency
5.271364         network latency mprj/_599_/CLK
        6.212618 network latency mprj/_569_/CLK
---------------
9.921364 11.782618 latency
        1.861254 skew



===========================================================================
report_clock_min_period
============================================================================
clk period_min = 4.76 fmax = 210.24
