
===========================================================================
report_checks -unconstrained
===========================================================================
======================= max_ss_100C_1v60 Corner ===================================

Startpoint: wb_rst_i (input port clocked by wb_clk_i)
Endpoint: _597_ (recovery check against rising-edge clock wb_clk_i)
Path Group: asynchronous
Path Type: max

Fanout         Cap        Slew       Delay        Time   Description
---------------------------------------------------------------------------------------------
                                  0.000000    0.000000   clock wb_clk_i (rise edge)
                                  0.000000    0.000000   clock network delay (propagated)
                                  5.000000    5.000000 v input external delay
     2    0.004125    0.023636    0.013446    5.013446 v wb_rst_i (in)
                                                         wb_rst_i (net)
                      0.023645    0.000000    5.013446 v input13/A (sky130_fd_sc_hd__clkbuf_2)
     5    0.032548    0.230348    0.305092    5.318538 v input13/X (sky130_fd_sc_hd__clkbuf_2)
                                                         net13 (net)
                      0.230354    0.001552    5.320090 v fanout65/A (sky130_fd_sc_hd__buf_4)
    17    0.089839    0.209142    0.466319    5.786408 v fanout65/X (sky130_fd_sc_hd__buf_4)
                                                         net65 (net)
                      0.209240    0.003837    5.790246 v fanout64/A (sky130_fd_sc_hd__buf_8)
    33    0.142972    0.186244    0.390417    6.180662 v fanout64/X (sky130_fd_sc_hd__buf_8)
                                                         net64 (net)
                      0.186554    0.006523    6.187185 v fanout63/A (sky130_fd_sc_hd__buf_8)
    33    0.125201    0.164060    0.371768    6.558953 v fanout63/X (sky130_fd_sc_hd__buf_8)
                                                         net63 (net)
                      0.165493    0.012362    6.571315 v _517_/A (sky130_fd_sc_hd__inv_2)
     1    0.004149    0.061387    0.110392    6.681707 ^ _517_/Y (sky130_fd_sc_hd__inv_2)
                                                         _070_ (net)
                      0.061387    0.000223    6.681931 ^ _597_/SET_B (sky130_fd_sc_hd__dfstp_1)
                                              6.681931   data arrival time

                                 25.000000   25.000000   clock wb_clk_i (rise edge)
                                  0.000000   25.000000   clock source latency
     2    0.030196    0.221227    0.153134   25.153133 ^ wb_clk_i (in)
                                                         wb_clk_i (net)
                      0.221240    0.000000   25.153133 ^ clkbuf_0_wb_clk_i/A (sky130_fd_sc_hd__clkbuf_16)
    17    0.132131    0.222694    0.414124   25.567257 ^ clkbuf_0_wb_clk_i/X (sky130_fd_sc_hd__clkbuf_16)
                                                         clknet_0_wb_clk_i (net)
                      0.223612    0.011584   25.578840 ^ clkbuf_3_5__f_wb_clk_i/A (sky130_fd_sc_hd__clkbuf_16)
    13    0.051209    0.108760    0.331687   25.910528 ^ clkbuf_3_5__f_wb_clk_i/X (sky130_fd_sc_hd__clkbuf_16)
                                                         clknet_3_5__leaf_wb_clk_i (net)
                      0.108991    0.004217   25.914745 ^ _597_/CLK (sky130_fd_sc_hd__dfstp_1)
                                 -0.250000   25.664745   clock uncertainty
                                  0.000000   25.664745   clock reconvergence pessimism
                                  0.281229   25.945974   library recovery time
                                             25.945974   data required time
---------------------------------------------------------------------------------------------
                                             25.945974   data required time
                                             -6.681931   data arrival time
---------------------------------------------------------------------------------------------
                                             19.264046   slack (MET)


Startpoint: wbs_adr_i[5] (input port clocked by wb_clk_i)
Endpoint: _562_ (rising edge-triggered flip-flop clocked by wb_clk_i)
Path Group: wb_clk_i
Path Type: max

Fanout         Cap        Slew       Delay        Time   Description
---------------------------------------------------------------------------------------------
                                  0.000000    0.000000   clock wb_clk_i (rise edge)
                                  0.000000    0.000000   clock network delay (propagated)
                                  5.000000    5.000000 v input external delay
     2    0.004552    0.025349    0.014783    5.014783 v wbs_adr_i[5] (in)
                                                         wbs_adr_i[5] (net)
                      0.025351    0.000000    5.014783 v input19/A (sky130_fd_sc_hd__buf_1)
     2    0.007821    0.101916    0.183138    5.197921 v input19/X (sky130_fd_sc_hd__buf_1)
                                                         net19 (net)
                      0.101916    0.000411    5.198332 v _309_/A (sky130_fd_sc_hd__or4b_2)
     2    0.011062    0.275237    1.685326    6.883658 v _309_/X (sky130_fd_sc_hd__or4b_2)
                                                         _142_ (net)
                      0.275237    0.000604    6.884262 v _310_/C (sky130_fd_sc_hd__nor3_2)
     3    0.022139    0.650672    0.592216    7.476478 ^ _310_/Y (sky130_fd_sc_hd__nor3_2)
                                                         _143_ (net)
                      0.650683    0.002202    7.478680 ^ max_cap59/A (sky130_fd_sc_hd__clkbuf_4)
    21    0.087046    0.410811    0.746294    8.224974 ^ max_cap59/X (sky130_fd_sc_hd__clkbuf_4)
                                                         net59 (net)
                      0.411394    0.010302    8.235276 ^ _326_/B1 (sky130_fd_sc_hd__a221o_1)
     1    0.017074    0.282679    0.561160    8.796435 ^ _326_/X (sky130_fd_sc_hd__a221o_1)
                                                         _153_ (net)
                      0.282680    0.001276    8.797712 ^ _328_/B1 (sky130_fd_sc_hd__o22a_1)
     1    0.002660    0.075287    0.333781    9.131494 ^ _328_/X (sky130_fd_sc_hd__o22a_1)
                                                         _088_ (net)
                      0.075287    0.000168    9.131661 ^ hold18/A (sky130_fd_sc_hd__dlygate4sd3_1)
     1    0.002435    0.087529    1.037501   10.169162 ^ hold18/X (sky130_fd_sc_hd__dlygate4sd3_1)
                                                         net101 (net)
                      0.087529    0.000162   10.169324 ^ _562_/D (sky130_fd_sc_hd__dfrtp_1)
                                             10.169324   data arrival time

                                 25.000000   25.000000   clock wb_clk_i (rise edge)
                                  0.000000   25.000000   clock source latency
     2    0.030196    0.221227    0.153134   25.153133 ^ wb_clk_i (in)
                                                         wb_clk_i (net)
                      0.221240    0.000000   25.153133 ^ clkbuf_0_wb_clk_i/A (sky130_fd_sc_hd__clkbuf_16)
    17    0.132131    0.222694    0.414124   25.567257 ^ clkbuf_0_wb_clk_i/X (sky130_fd_sc_hd__clkbuf_16)
                                                         clknet_0_wb_clk_i (net)
                      0.223612    0.011584   25.578840 ^ clkbuf_3_5__f_wb_clk_i/A (sky130_fd_sc_hd__clkbuf_16)
    13    0.051209    0.108760    0.331687   25.910528 ^ clkbuf_3_5__f_wb_clk_i/X (sky130_fd_sc_hd__clkbuf_16)
                                                         clknet_3_5__leaf_wb_clk_i (net)
                      0.108944    0.003801   25.914330 ^ _562_/CLK (sky130_fd_sc_hd__dfrtp_1)
                                 -0.250000   25.664330   clock uncertainty
                                  0.000000   25.664330   clock reconvergence pessimism
                                 -0.130630   25.533701   library setup time
                                             25.533701   data required time
---------------------------------------------------------------------------------------------
                                             25.533701   data required time
                                            -10.169324   data arrival time
---------------------------------------------------------------------------------------------
                                             15.364377   slack (MET)




===========================================================================
report_checks --slack_max -0.01
============================================================================
======================= max_ss_100C_1v60 Corner ===================================

No paths found.


===========================================================================
 report_check_types -max_slew -max_cap -max_fanout -violators
============================================================================
======================= max_ss_100C_1v60 Corner ===================================

max fanout

Pin                                   Limit Fanout  Slack
---------------------------------------------------------
_272_/Y                                  16     33    -17 (VIOLATED)
_303_/X                                  16     33    -17 (VIOLATED)
fanout60/X                               16     33    -17 (VIOLATED)
fanout62/X                               16     33    -17 (VIOLATED)
fanout63/X                               16     33    -17 (VIOLATED)
fanout64/X                               16     33    -17 (VIOLATED)
_302_/Y                                  16     27    -11 (VIOLATED)
clkbuf_3_0__f_wb_clk_i/X                 16     27    -11 (VIOLATED)
clkbuf_3_7__f_wb_clk_i/X                 16     23     -7 (VIOLATED)
_271_/X                                  16     21     -5 (VIOLATED)
max_cap59/X                              16     21     -5 (VIOLATED)
_290_/X                                  16     19     -3 (VIOLATED)
clkbuf_3_2__f_wb_clk_i/X                 16     19     -3 (VIOLATED)
_291_/Y                                  16     17        (VIOLATED)
_304_/X                                  16     17        (VIOLATED)
clkbuf_0_wb_clk_i/X                      16     17        (VIOLATED)
clkbuf_3_6__f_wb_clk_i/X                 16     17        (VIOLATED)
fanout65/X                               16     17        (VIOLATED)



===========================================================================
report_parasitic_annotation -report_unannotated
============================================================================
Found 69 unannotated drivers.
 wbs_adr_i[10]
 wbs_adr_i[11]
 wbs_adr_i[12]
 wbs_adr_i[13]
 wbs_adr_i[14]
 wbs_adr_i[15]
 wbs_adr_i[16]
 wbs_adr_i[17]
 wbs_adr_i[18]
 wbs_adr_i[19]
 wbs_adr_i[20]
 wbs_adr_i[21]
 wbs_adr_i[22]
 wbs_adr_i[23]
 wbs_adr_i[24]
 wbs_adr_i[25]
 wbs_adr_i[26]
 wbs_adr_i[27]
 wbs_adr_i[28]
 wbs_adr_i[29]
 wbs_adr_i[30]
 wbs_adr_i[31]
 wbs_adr_i[8]
 wbs_adr_i[9]
 wbs_dat_i[16]
 wbs_dat_i[17]
 wbs_dat_i[18]
 wbs_dat_i[19]
 wbs_dat_i[20]
 wbs_dat_i[21]
 wbs_dat_i[22]
 wbs_dat_i[23]
 wbs_dat_i[24]
 wbs_dat_i[25]
 wbs_dat_i[26]
 wbs_dat_i[27]
 wbs_dat_i[28]
 wbs_dat_i[29]
 wbs_dat_i[30]
 wbs_dat_i[31]
 wbs_sel_i[0]
 wbs_sel_i[1]
 wbs_sel_i[2]
 wbs_sel_i[3]
 clkload0/Y
 clkload1/Y
 clkload2/Y
 clkload3/Y
 clkload4/X
 clkload5/Y
 clkload6/Y
 top_soc_66/HI
 top_soc_67/HI
 top_soc_68/HI
 top_soc_69/HI
 top_soc_70/HI
 top_soc_71/HI
 top_soc_72/HI
 top_soc_73/HI
 top_soc_74/HI
 top_soc_75/HI
 top_soc_76/HI
 top_soc_77/HI
 top_soc_78/HI
 top_soc_79/HI
 top_soc_80/HI
 top_soc_81/HI
 top_soc_82/HI
 top_soc_83/HI
Found 0 partially unannotated drivers.

===========================================================================
max slew violation count 0
max fanout violation count 18
max cap violation count 0
============================================================================

===========================================================================
check_setup -verbose -unconstrained_endpoints -multiple_clock -no_clock -no_input_delay -loops -generated_clocks
===========================================================================
Warning: There are 18 unconstrained endpoints.
  user_irq[1]
  user_irq[2]
  wbs_dat_o[16]
  wbs_dat_o[17]
  wbs_dat_o[18]
  wbs_dat_o[19]
  wbs_dat_o[20]
  wbs_dat_o[21]
  wbs_dat_o[22]
  wbs_dat_o[23]
  wbs_dat_o[24]
  wbs_dat_o[25]
  wbs_dat_o[26]
  wbs_dat_o[27]
  wbs_dat_o[28]
  wbs_dat_o[29]
  wbs_dat_o[30]
  wbs_dat_o[31]
