Clock: wb_clk_i
Sources: wb_clk_i 
Generated: no
Virtual: yes
Propagated: no
Period: 25.000000

===========================================================================
report_clock_properties
============================================================================
Clock                   Period          Waveform
----------------------------------------------------
wb_clk_i             25.000000    0.000000 12.500000

===========================================================================
report_clock_latency
============================================================================
Clock wb_clk_i
rise -> rise
    min     max
0.000000 0.000000 source latency
0.898184         network latency _599_/CLK
        0.945823 network latency _569_/CLK
---------------
0.898184 0.945823 latency
        0.047638 skew

fall -> fall
    min     max
0.000000 0.000000 source latency
0.790182         network latency _599_/CLK
        0.828072 network latency _569_/CLK
---------------
0.790182 0.828072 latency
        0.037890 skew



===========================================================================
report_clock_min_period
============================================================================
wb_clk_i period_min = 9.35 fmax = 106.92
