Clock: wb_clk_i
Sources: wb_clk_i 
Generated: no
Virtual: yes
Propagated: no
Period: 25.000000

===========================================================================
report_clock_properties
============================================================================
Clock                   Period          Waveform
----------------------------------------------------
wb_clk_i             25.000000    0.000000 12.500000

===========================================================================
report_clock_latency
============================================================================
Clock wb_clk_i
rise -> rise
    min     max
0.000000 0.000000 source latency
0.511363         network latency _599_/CLK
        0.541893 network latency _569_/CLK
---------------
0.511363 0.541893 latency
        0.030530 skew

fall -> fall
    min     max
0.000000 0.000000 source latency
0.436436         network latency _599_/CLK
        0.459818 network latency _569_/CLK
---------------
0.436436 0.459818 latency
        0.023382 skew



===========================================================================
report_clock_min_period
============================================================================
wb_clk_i period_min = 4.79 fmax = 208.95
