Clock: clk
Sources: wb_clk_i 
Generated: no
Virtual: yes
Propagated: no
Period: 25.000000

===========================================================================
report_clock_properties
============================================================================
Clock                   Period          Waveform
----------------------------------------------------
clk                  25.000000    0.000000 12.500000

===========================================================================
report_clock_latency
============================================================================
Clock clk
rise -> rise
    min     max
4.650000 5.570000 source latency
4.989381         network latency mprj/_555_/CLK
        5.927908 network latency mprj/_536_/CLK
---------------
9.639381 11.497909 latency
        1.858528 skew

fall -> fall
    min     max
4.650000 5.570000 source latency
5.134316         network latency mprj/_555_/CLK
        6.069343 network latency mprj/_536_/CLK
---------------
9.784316 11.639342 latency
        1.855026 skew



===========================================================================
report_clock_min_period
============================================================================
clk period_min = 3.14 fmax = 318.12
