
===========================================================================
report_checks -unconstrained
===========================================================================
======================= nom_ss_100C_1v60 Corner ===================================

Startpoint: wb_rst_i (input port clocked by clk)
Endpoint: mprj/_597_ (recovery check against rising-edge clock clk)
Path Group: asynchronous
Path Type: max

Fanout         Cap        Slew       Delay        Time   Description
---------------------------------------------------------------------------------------------
                                  0.000000    0.000000   clock clk (rise edge)
                                  5.570000    5.570000   clock network delay (propagated)
                                 12.500000   18.070000 v input external delay
     2    0.081826    0.000000    0.000000   18.070000 v wb_rst_i (in)
                                                         wb_rst_i (net)
                      0.023605    0.011802   18.081802 v mprj/input13/A (sky130_fd_sc_hd__clkbuf_2)
     5    0.031820    0.225290    0.302521   18.384321 v mprj/input13/X (sky130_fd_sc_hd__clkbuf_2)
                                                         mprj/net13 (net)
                      0.225290    0.000650   18.384972 v mprj/fanout65/A (sky130_fd_sc_hd__buf_4)
    17    0.086458    0.209524    0.461837   18.846809 v mprj/fanout65/X (sky130_fd_sc_hd__buf_4)
                                                         mprj/net65 (net)
                      0.209528    0.001435   18.848244 v mprj/fanout64/A (sky130_fd_sc_hd__buf_8)
    33    0.138655    0.178869    0.393189   19.241434 v mprj/fanout64/X (sky130_fd_sc_hd__buf_8)
                                                         mprj/net64 (net)
                      0.178927    0.002757   19.244190 v mprj/fanout63/A (sky130_fd_sc_hd__buf_8)
    33    0.121802    0.159812    0.368861   19.613050 v mprj/fanout63/X (sky130_fd_sc_hd__buf_8)
                                                         mprj/net63 (net)
                      0.160297    0.006368   19.619419 v mprj/_517_/A (sky130_fd_sc_hd__inv_2)
     1    0.004013    0.059493    0.107443   19.726862 ^ mprj/_517_/Y (sky130_fd_sc_hd__inv_2)
                                                         mprj/_070_ (net)
                      0.059493    0.000091   19.726954 ^ mprj/_597_/SET_B (sky130_fd_sc_hd__dfstp_1)
                                             19.726954   data arrival time

                                 25.000000   25.000000   clock clk (rise edge)
                                  4.650000   29.650000   clock source latency
     2    0.054658    0.610000    0.000000   29.650000 ^ wb_clk_i (in)
                                                         wb_clk_i (net)
                      0.624516    0.007258   29.657257 ^ mprj/clkbuf_0_wb_clk_i/A (sky130_fd_sc_hd__clkbuf_16)
    17    0.128443    0.219634    0.579343   30.236599 ^ mprj/clkbuf_0_wb_clk_i/X (sky130_fd_sc_hd__clkbuf_16)
                                                         mprj/clknet_0_wb_clk_i (net)
                      0.219941    0.007347   30.243946 ^ mprj/clkbuf_3_5__f_wb_clk_i/A (sky130_fd_sc_hd__clkbuf_16)
    13    0.049329    0.106123    0.328868   30.572815 ^ mprj/clkbuf_3_5__f_wb_clk_i/X (sky130_fd_sc_hd__clkbuf_16)
                                                         mprj/clknet_3_5__leaf_wb_clk_i (net)
                      0.106175    0.002057   30.574871 ^ mprj/_597_/CLK (sky130_fd_sc_hd__dfstp_1)
                                 -0.250000   30.324871   clock uncertainty
                                  0.000000   30.324871   clock reconvergence pessimism
                                  0.280624   30.605495   library recovery time
                                             30.605495   data required time
---------------------------------------------------------------------------------------------
                                             30.605495   data required time
                                            -19.726954   data arrival time
---------------------------------------------------------------------------------------------
                                             10.878543   slack (MET)


Startpoint: wbs_adr_i[5] (input port clocked by clk)
Endpoint: mprj/_562_ (rising edge-triggered flip-flop clocked by clk)
Path Group: clk
Path Type: max

Fanout         Cap        Slew       Delay        Time   Description
---------------------------------------------------------------------------------------------
                                  0.000000    0.000000   clock clk (rise edge)
                                  5.570000    5.570000   clock network delay (propagated)
                                  3.890000    9.460000 v input external delay
     2    0.079326    0.920000    0.000000    9.460000 v wbs_adr_i[5] (in)
                                                         wbs_adr_i[5] (net)
                      0.946354    0.013177    9.473177 v mprj/input19/A (sky130_fd_sc_hd__buf_1)
     2    0.007597    0.112769    0.485040    9.958218 v mprj/input19/X (sky130_fd_sc_hd__buf_1)
                                                         mprj/net19 (net)
                      0.112769    0.000174    9.958392 v mprj/_309_/A (sky130_fd_sc_hd__or4b_2)
     2    0.010805    0.273446    1.686000   11.644392 v mprj/_309_/X (sky130_fd_sc_hd__or4b_2)
                                                         mprj/_142_ (net)
                      0.273446    0.000290   11.644681 v mprj/_310_/C (sky130_fd_sc_hd__nor3_2)
     3    0.021086    0.624596    0.572677   12.217359 ^ mprj/_310_/Y (sky130_fd_sc_hd__nor3_2)
                                                         mprj/_143_ (net)
                      0.624599    0.001227   12.218585 ^ mprj/max_cap59/A (sky130_fd_sc_hd__clkbuf_4)
    21    0.082254    0.389297    0.726154   12.944739 ^ mprj/max_cap59/X (sky130_fd_sc_hd__clkbuf_4)
                                                         mprj/net59 (net)
                      0.389385    0.005871   12.950610 ^ mprj/_326_/B1 (sky130_fd_sc_hd__a221o_1)
     1    0.016828    0.278960    0.550281   13.500891 ^ mprj/_326_/X (sky130_fd_sc_hd__a221o_1)
                                                         mprj/_153_ (net)
                      0.278960    0.000488   13.501378 ^ mprj/_328_/B1 (sky130_fd_sc_hd__o22a_1)
     1    0.002569    0.073852    0.331170   13.832548 ^ mprj/_328_/X (sky130_fd_sc_hd__o22a_1)
                                                         mprj/_088_ (net)
                      0.073852    0.000077   13.832625 ^ mprj/hold18/A (sky130_fd_sc_hd__dlygate4sd3_1)
     1    0.002400    0.087172    1.036359   14.868984 ^ mprj/hold18/X (sky130_fd_sc_hd__dlygate4sd3_1)
                                                         mprj/net101 (net)
                      0.087172    0.000067   14.869051 ^ mprj/_562_/D (sky130_fd_sc_hd__dfrtp_1)
                                             14.869051   data arrival time

                                 25.000000   25.000000   clock clk (rise edge)
                                  4.650000   29.650000   clock source latency
     2    0.054658    0.610000    0.000000   29.650000 ^ wb_clk_i (in)
                                                         wb_clk_i (net)
                      0.624516    0.007258   29.657257 ^ mprj/clkbuf_0_wb_clk_i/A (sky130_fd_sc_hd__clkbuf_16)
    17    0.128443    0.219634    0.579343   30.236599 ^ mprj/clkbuf_0_wb_clk_i/X (sky130_fd_sc_hd__clkbuf_16)
                                                         mprj/clknet_0_wb_clk_i (net)
                      0.219941    0.007347   30.243946 ^ mprj/clkbuf_3_5__f_wb_clk_i/A (sky130_fd_sc_hd__clkbuf_16)
    13    0.049329    0.106123    0.328868   30.572815 ^ mprj/clkbuf_3_5__f_wb_clk_i/X (sky130_fd_sc_hd__clkbuf_16)
                                                         mprj/clknet_3_5__leaf_wb_clk_i (net)
                      0.106161    0.001812   30.574627 ^ mprj/_562_/CLK (sky130_fd_sc_hd__dfrtp_1)
                                 -0.250000   30.324625   clock uncertainty
                                  0.000000   30.324625   clock reconvergence pessimism
                                 -0.131027   30.193598   library setup time
                                             30.193598   data required time
---------------------------------------------------------------------------------------------
                                             30.193598   data required time
                                            -14.869051   data arrival time
---------------------------------------------------------------------------------------------
                                             15.324546   slack (MET)




===========================================================================
report_checks --slack_max -0.01
============================================================================
======================= nom_ss_100C_1v60 Corner ===================================

No paths found.


===========================================================================
 report_check_types -max_slew -max_cap -max_fanout -violators
============================================================================
======================= nom_ss_100C_1v60 Corner ===================================

max slew

Pin                                        Limit        Slew       Slack
------------------------------------------------------------------------
user_irq[0]                             1.500000    3.523257   -2.023257 (VIOLATED)
mprj/output41/X                         1.500000    3.507962   -2.007962 (VIOLATED)
wbs_dat_o[11]                           1.500000    2.251238   -0.751238 (VIOLATED)
mprj/output45/X                         1.500000    2.243947   -0.743947 (VIOLATED)
wbs_ack_o                               1.500000    2.230618   -0.730618 (VIOLATED)
mprj/output42/X                         1.500000    2.217540   -0.717540 (VIOLATED)
wbs_dat_o[0]                            1.500000    2.164957   -0.664957 (VIOLATED)
mprj/output43/X                         1.500000    2.160871   -0.660871 (VIOLATED)
wbs_dat_o[12]                           1.500000    2.151036   -0.651036 (VIOLATED)
mprj/output46/X                         1.500000    2.145928   -0.645928 (VIOLATED)
wbs_dat_o[2]                            1.500000    2.015771   -0.515771 (VIOLATED)
mprj/output51/X                         1.500000    2.012888   -0.512888 (VIOLATED)
wbs_dat_o[4]                            1.500000    1.964482   -0.464482 (VIOLATED)
mprj/output53/X                         1.500000    1.959197   -0.459197 (VIOLATED)
wbs_dat_o[7]                            1.500000    1.836760   -0.336760 (VIOLATED)
mprj/output56/X                         1.500000    1.836072   -0.336072 (VIOLATED)
wbs_dat_o[5]                            1.500000    1.790994   -0.290994 (VIOLATED)
mprj/output54/X                         1.500000    1.790780   -0.290780 (VIOLATED)
wbs_dat_o[13]                           1.500000    1.781610   -0.281611 (VIOLATED)
mprj/output47/X                         1.500000    1.779121   -0.279121 (VIOLATED)
wbs_dat_o[14]                           1.500000    1.777160   -0.277160 (VIOLATED)
mprj/output48/X                         1.500000    1.775053   -0.275053 (VIOLATED)
wbs_dat_o[10]                           1.500000    1.768360   -0.268360 (VIOLATED)
mprj/output44/X                         1.500000    1.767930   -0.267930 (VIOLATED)
wbs_dat_o[8]                            1.500000    1.730511   -0.230511 (VIOLATED)
mprj/output57/X                         1.500000    1.730210   -0.230210 (VIOLATED)
wbs_dat_o[9]                            1.500000    1.711480   -0.211480 (VIOLATED)
mprj/output58/X                         1.500000    1.711197   -0.211197 (VIOLATED)
wbs_dat_o[15]                           1.500000    1.699552   -0.199552 (VIOLATED)
mprj/output49/X                         1.500000    1.699398   -0.199399 (VIOLATED)
wbs_dat_o[3]                            1.500000    1.665792   -0.165792 (VIOLATED)
mprj/output52/X                         1.500000    1.665567   -0.165567 (VIOLATED)
wbs_dat_o[1]                            1.500000    1.651008   -0.151008 (VIOLATED)
mprj/output50/X                         1.500000    1.650859   -0.150859 (VIOLATED)
wbs_dat_o[6]                            1.500000    1.518059   -0.018059 (VIOLATED)
mprj/output55/X                         1.500000    1.517973   -0.017974 (VIOLATED)

max fanout

Pin                                   Limit Fanout  Slack
---------------------------------------------------------
mprj/_272_/Y                             10     33    -23 (VIOLATED)
mprj/_303_/X                             10     33    -23 (VIOLATED)
mprj/fanout60/X                          10     33    -23 (VIOLATED)
mprj/fanout62/X                          10     33    -23 (VIOLATED)
mprj/fanout63/X                          10     33    -23 (VIOLATED)
mprj/fanout64/X                          10     33    -23 (VIOLATED)
mprj/_302_/Y                             10     27    -17 (VIOLATED)
mprj/clkbuf_3_0__f_wb_clk_i/X            10     27    -17 (VIOLATED)
mprj/clkbuf_3_7__f_wb_clk_i/X            10     23    -13 (VIOLATED)
mprj/_271_/X                             10     21    -11 (VIOLATED)
mprj/max_cap59/X                         10     21    -11 (VIOLATED)
mprj/_290_/X                             10     19     -9 (VIOLATED)
mprj/clkbuf_3_2__f_wb_clk_i/X            10     19     -9 (VIOLATED)
mprj/_291_/Y                             10     17     -7 (VIOLATED)
mprj/_304_/X                             10     17     -7 (VIOLATED)
mprj/clkbuf_0_wb_clk_i/X                 10     17     -7 (VIOLATED)
mprj/clkbuf_3_6__f_wb_clk_i/X            10     17     -7 (VIOLATED)
mprj/fanout65/X                          10     17     -7 (VIOLATED)
mprj/clkbuf_3_3__f_wb_clk_i/X            10     15     -5 (VIOLATED)
mprj/clkbuf_3_4__f_wb_clk_i/X            10     14     -4 (VIOLATED)
mprj/clkbuf_3_5__f_wb_clk_i/X            10     13     -3 (VIOLATED)
mprj/clkbuf_3_1__f_wb_clk_i/X            10     12     -2 (VIOLATED)
mprj/fanout61/X                          10     12     -2 (VIOLATED)

max capacitance

Pin                                        Limit         Cap       Slack
------------------------------------------------------------------------
mprj/output41/X                         0.198679    0.465488   -0.266809 (VIOLATED)
mprj/output45/X                         0.198679    0.297029   -0.098350 (VIOLATED)
mprj/output42/X                         0.198679    0.292552   -0.093873 (VIOLATED)
mprj/output43/X                         0.198679    0.286033   -0.087354 (VIOLATED)
mprj/output46/X                         0.198679    0.283961   -0.085282 (VIOLATED)
mprj/output51/X                         0.198679    0.266777   -0.068098 (VIOLATED)
mprj/output53/X                         0.198679    0.258677   -0.059998 (VIOLATED)
mprj/output56/X                         0.198679    0.244409   -0.045730 (VIOLATED)
mprj/output54/X                         0.198679    0.237421   -0.038742 (VIOLATED)
mprj/output47/X                         0.198679    0.235166   -0.036487 (VIOLATED)
mprj/output48/X                         0.198679    0.234695   -0.036016 (VIOLATED)
mprj/output44/X                         0.198679    0.234218   -0.035539 (VIOLATED)
mprj/output57/X                         0.198679    0.229228   -0.030549 (VIOLATED)
mprj/output58/X                         0.198679    0.226701   -0.028022 (VIOLATED)
mprj/output49/X                         0.198679    0.225266   -0.026587 (VIOLATED)
mprj/output52/X                         0.198679    0.220880   -0.022201 (VIOLATED)
mprj/output50/X                         0.198679    0.219062   -0.020383 (VIOLATED)
mprj/output55/X                         0.198679    0.201050   -0.002371 (VIOLATED)



===========================================================================
report_parasitic_annotation -report_unannotated
============================================================================
Found 337 unannotated drivers.
 analog_io[0]
 analog_io[10]
 analog_io[11]
 analog_io[12]
 analog_io[13]
 analog_io[14]
 analog_io[15]
 analog_io[16]
 analog_io[17]
 analog_io[18]
 analog_io[19]
 analog_io[1]
 analog_io[20]
 analog_io[21]
 analog_io[22]
 analog_io[23]
 analog_io[24]
 analog_io[25]
 analog_io[26]
 analog_io[27]
 analog_io[28]
 analog_io[2]
 analog_io[3]
 analog_io[4]
 analog_io[5]
 analog_io[6]
 analog_io[7]
 analog_io[8]
 analog_io[9]
 io_in[12]
 io_in[13]
 io_in[14]
 io_in[15]
 io_in[16]
 io_in[17]
 io_in[18]
 io_in[19]
 io_in[20]
 io_in[21]
 io_in[22]
 io_in[23]
 io_in[24]
 io_in[25]
 io_in[26]
 io_in[27]
 io_in[28]
 io_in[29]
 io_in[30]
 io_in[31]
 io_in[32]
 io_in[33]
 io_in[34]
 io_in[35]
 io_in[36]
 io_in[37]
 la_data_in[0]
 la_data_in[100]
 la_data_in[101]
 la_data_in[102]
 la_data_in[103]
 la_data_in[104]
 la_data_in[105]
 la_data_in[106]
 la_data_in[107]
 la_data_in[108]
 la_data_in[109]
 la_data_in[10]
 la_data_in[110]
 la_data_in[111]
 la_data_in[112]
 la_data_in[113]
 la_data_in[114]
 la_data_in[115]
 la_data_in[116]
 la_data_in[117]
 la_data_in[118]
 la_data_in[119]
 la_data_in[11]
 la_data_in[120]
 la_data_in[121]
 la_data_in[122]
 la_data_in[123]
 la_data_in[124]
 la_data_in[125]
 la_data_in[126]
 la_data_in[127]
 la_data_in[12]
 la_data_in[13]
 la_data_in[14]
 la_data_in[15]
 la_data_in[16]
 la_data_in[17]
 la_data_in[18]
 la_data_in[19]
 la_data_in[1]
 la_data_in[20]
 la_data_in[21]
 la_data_in[22]
 la_data_in[23]
 la_data_in[24]
 la_data_in[25]
 la_data_in[26]
 la_data_in[27]
 la_data_in[28]
 la_data_in[29]
 la_data_in[2]
 la_data_in[30]
 la_data_in[31]
 la_data_in[32]
 la_data_in[33]
 la_data_in[34]
 la_data_in[35]
 la_data_in[36]
 la_data_in[37]
 la_data_in[38]
 la_data_in[39]
 la_data_in[3]
 la_data_in[40]
 la_data_in[41]
 la_data_in[42]
 la_data_in[43]
 la_data_in[44]
 la_data_in[45]
 la_data_in[46]
 la_data_in[47]
 la_data_in[48]
 la_data_in[49]
 la_data_in[4]
 la_data_in[50]
 la_data_in[51]
 la_data_in[52]
 la_data_in[53]
 la_data_in[54]
 la_data_in[55]
 la_data_in[56]
 la_data_in[57]
 la_data_in[58]
 la_data_in[59]
 la_data_in[5]
 la_data_in[60]
 la_data_in[61]
 la_data_in[62]
 la_data_in[63]
 la_data_in[64]
 la_data_in[65]
 la_data_in[66]
 la_data_in[67]
 la_data_in[68]
 la_data_in[69]
 la_data_in[6]
 la_data_in[70]
 la_data_in[71]
 la_data_in[72]
 la_data_in[73]
 la_data_in[74]
 la_data_in[75]
 la_data_in[76]
 la_data_in[77]
 la_data_in[78]
 la_data_in[79]
 la_data_in[7]
 la_data_in[80]
 la_data_in[81]
 la_data_in[82]
 la_data_in[83]
 la_data_in[84]
 la_data_in[85]
 la_data_in[86]
 la_data_in[87]
 la_data_in[88]
 la_data_in[89]
 la_data_in[8]
 la_data_in[90]
 la_data_in[91]
 la_data_in[92]
 la_data_in[93]
 la_data_in[94]
 la_data_in[95]
 la_data_in[96]
 la_data_in[97]
 la_data_in[98]
 la_data_in[99]
 la_data_in[9]
 la_oenb[0]
 la_oenb[100]
 la_oenb[101]
 la_oenb[102]
 la_oenb[103]
 la_oenb[104]
 la_oenb[105]
 la_oenb[106]
 la_oenb[107]
 la_oenb[108]
 la_oenb[109]
 la_oenb[10]
 la_oenb[110]
 la_oenb[111]
 la_oenb[112]
 la_oenb[113]
 la_oenb[114]
 la_oenb[115]
 la_oenb[116]
 la_oenb[117]
 la_oenb[118]
 la_oenb[119]
 la_oenb[11]
 la_oenb[120]
 la_oenb[121]
 la_oenb[122]
 la_oenb[123]
 la_oenb[124]
 la_oenb[125]
 la_oenb[126]
 la_oenb[127]
 la_oenb[12]
 la_oenb[13]
 la_oenb[14]
 la_oenb[15]
 la_oenb[16]
 la_oenb[17]
 la_oenb[18]
 la_oenb[19]
 la_oenb[1]
 la_oenb[20]
 la_oenb[21]
 la_oenb[22]
 la_oenb[23]
 la_oenb[24]
 la_oenb[25]
 la_oenb[26]
 la_oenb[27]
 la_oenb[28]
 la_oenb[29]
 la_oenb[2]
 la_oenb[30]
 la_oenb[31]
 la_oenb[32]
 la_oenb[33]
 la_oenb[34]
 la_oenb[35]
 la_oenb[36]
 la_oenb[37]
 la_oenb[38]
 la_oenb[39]
 la_oenb[3]
 la_oenb[40]
 la_oenb[41]
 la_oenb[42]
 la_oenb[43]
 la_oenb[44]
 la_oenb[45]
 la_oenb[46]
 la_oenb[47]
 la_oenb[48]
 la_oenb[49]
 la_oenb[4]
 la_oenb[50]
 la_oenb[51]
 la_oenb[52]
 la_oenb[53]
 la_oenb[54]
 la_oenb[55]
 la_oenb[56]
 la_oenb[57]
 la_oenb[58]
 la_oenb[59]
 la_oenb[5]
 la_oenb[60]
 la_oenb[61]
 la_oenb[62]
 la_oenb[63]
 la_oenb[64]
 la_oenb[65]
 la_oenb[66]
 la_oenb[67]
 la_oenb[68]
 la_oenb[69]
 la_oenb[6]
 la_oenb[70]
 la_oenb[71]
 la_oenb[72]
 la_oenb[73]
 la_oenb[74]
 la_oenb[75]
 la_oenb[76]
 la_oenb[77]
 la_oenb[78]
 la_oenb[79]
 la_oenb[7]
 la_oenb[80]
 la_oenb[81]
 la_oenb[82]
 la_oenb[83]
 la_oenb[84]
 la_oenb[85]
 la_oenb[86]
 la_oenb[87]
 la_oenb[88]
 la_oenb[89]
 la_oenb[8]
 la_oenb[90]
 la_oenb[91]
 la_oenb[92]
 la_oenb[93]
 la_oenb[94]
 la_oenb[95]
 la_oenb[96]
 la_oenb[97]
 la_oenb[98]
 la_oenb[99]
 la_oenb[9]
 user_clock2
 mprj/clkload0/Y
 mprj/clkload1/Y
 mprj/clkload2/Y
 mprj/clkload3/Y
 mprj/clkload4/X
 mprj/clkload5/Y
 mprj/clkload6/Y
 mprj/top_soc_66/HI
 mprj/top_soc_67/HI
 mprj/top_soc_68/HI
 mprj/top_soc_69/HI
 mprj/top_soc_70/HI
 mprj/top_soc_71/HI
 mprj/top_soc_72/HI
 mprj/top_soc_73/HI
 mprj/top_soc_74/HI
 mprj/top_soc_75/HI
 mprj/top_soc_76/HI
 mprj/top_soc_77/HI
 mprj/top_soc_78/HI
 mprj/top_soc_79/HI
 mprj/top_soc_80/HI
 mprj/top_soc_81/HI
 mprj/top_soc_82/HI
 mprj/top_soc_83/HI
Found 0 partially unannotated drivers.

===========================================================================
max slew violation count 36
max fanout violation count 23
max cap violation count 18
============================================================================

===========================================================================
check_setup -verbose -unconstrained_endpoints -multiple_clock -no_clock -no_input_delay -loops -generated_clocks
===========================================================================
Warning: There are 68 input ports missing set_input_delay.
  analog_io[0]
  analog_io[10]
  analog_io[11]
  analog_io[12]
  analog_io[13]
  analog_io[14]
  analog_io[15]
  analog_io[16]
  analog_io[17]
  analog_io[18]
  analog_io[19]
  analog_io[1]
  analog_io[20]
  analog_io[21]
  analog_io[22]
  analog_io[23]
  analog_io[24]
  analog_io[25]
  analog_io[26]
  analog_io[27]
  analog_io[28]
  analog_io[2]
  analog_io[3]
  analog_io[4]
  analog_io[5]
  analog_io[6]
  analog_io[7]
  analog_io[8]
  analog_io[9]
  io_in[0]
  io_in[10]
  io_in[11]
  io_in[12]
  io_in[13]
  io_in[14]
  io_in[15]
  io_in[16]
  io_in[17]
  io_in[18]
  io_in[19]
  io_in[1]
  io_in[20]
  io_in[21]
  io_in[22]
  io_in[23]
  io_in[24]
  io_in[25]
  io_in[26]
  io_in[27]
  io_in[28]
  io_in[29]
  io_in[2]
  io_in[30]
  io_in[31]
  io_in[32]
  io_in[33]
  io_in[34]
  io_in[35]
  io_in[36]
  io_in[37]
  io_in[3]
  io_in[4]
  io_in[5]
  io_in[6]
  io_in[7]
  io_in[8]
  io_in[9]
  user_clock2
Warning: There are 263 unconstrained endpoints.
  analog_io[0]
  analog_io[10]
  analog_io[11]
  analog_io[12]
  analog_io[13]
  analog_io[14]
  analog_io[15]
  analog_io[16]
  analog_io[17]
  analog_io[18]
  analog_io[19]
  analog_io[1]
  analog_io[20]
  analog_io[21]
  analog_io[22]
  analog_io[23]
  analog_io[24]
  analog_io[25]
  analog_io[26]
  analog_io[27]
  analog_io[28]
  analog_io[2]
  analog_io[3]
  analog_io[4]
  analog_io[5]
  analog_io[6]
  analog_io[7]
  analog_io[8]
  analog_io[9]
  io_oeb[0]
  io_oeb[10]
  io_oeb[11]
  io_oeb[12]
  io_oeb[13]
  io_oeb[14]
  io_oeb[15]
  io_oeb[16]
  io_oeb[17]
  io_oeb[18]
  io_oeb[19]
  io_oeb[1]
  io_oeb[20]
  io_oeb[21]
  io_oeb[22]
  io_oeb[23]
  io_oeb[24]
  io_oeb[25]
  io_oeb[26]
  io_oeb[27]
  io_oeb[28]
  io_oeb[29]
  io_oeb[2]
  io_oeb[30]
  io_oeb[31]
  io_oeb[32]
  io_oeb[33]
  io_oeb[34]
  io_oeb[35]
  io_oeb[36]
  io_oeb[37]
  io_oeb[3]
  io_oeb[4]
  io_oeb[5]
  io_oeb[6]
  io_oeb[7]
  io_oeb[8]
  io_oeb[9]
  io_out[0]
  io_out[10]
  io_out[11]
  io_out[12]
  io_out[13]
  io_out[14]
  io_out[15]
  io_out[16]
  io_out[17]
  io_out[18]
  io_out[19]
  io_out[1]
  io_out[20]
  io_out[21]
  io_out[22]
  io_out[23]
  io_out[24]
  io_out[25]
  io_out[26]
  io_out[27]
  io_out[28]
  io_out[29]
  io_out[2]
  io_out[30]
  io_out[31]
  io_out[32]
  io_out[33]
  io_out[34]
  io_out[35]
  io_out[36]
  io_out[37]
  io_out[3]
  io_out[4]
  io_out[5]
  io_out[6]
  io_out[7]
  io_out[8]
  io_out[9]
  la_data_out[0]
  la_data_out[100]
  la_data_out[101]
  la_data_out[102]
  la_data_out[103]
  la_data_out[104]
  la_data_out[105]
  la_data_out[106]
  la_data_out[107]
  la_data_out[108]
  la_data_out[109]
  la_data_out[10]
  la_data_out[110]
  la_data_out[111]
  la_data_out[112]
  la_data_out[113]
  la_data_out[114]
  la_data_out[115]
  la_data_out[116]
  la_data_out[117]
  la_data_out[118]
  la_data_out[119]
  la_data_out[11]
  la_data_out[120]
  la_data_out[121]
  la_data_out[122]
  la_data_out[123]
  la_data_out[124]
  la_data_out[125]
  la_data_out[126]
  la_data_out[127]
  la_data_out[12]
  la_data_out[13]
  la_data_out[14]
  la_data_out[15]
  la_data_out[16]
  la_data_out[17]
  la_data_out[18]
  la_data_out[19]
  la_data_out[1]
  la_data_out[20]
  la_data_out[21]
  la_data_out[22]
  la_data_out[23]
  la_data_out[24]
  la_data_out[25]
  la_data_out[26]
  la_data_out[27]
  la_data_out[28]
  la_data_out[29]
  la_data_out[2]
  la_data_out[30]
  la_data_out[31]
  la_data_out[32]
  la_data_out[33]
  la_data_out[34]
  la_data_out[35]
  la_data_out[36]
  la_data_out[37]
  la_data_out[38]
  la_data_out[39]
  la_data_out[3]
  la_data_out[40]
  la_data_out[41]
  la_data_out[42]
  la_data_out[43]
  la_data_out[44]
  la_data_out[45]
  la_data_out[46]
  la_data_out[47]
  la_data_out[48]
  la_data_out[49]
  la_data_out[4]
  la_data_out[50]
  la_data_out[51]
  la_data_out[52]
  la_data_out[53]
  la_data_out[54]
  la_data_out[55]
  la_data_out[56]
  la_data_out[57]
  la_data_out[58]
  la_data_out[59]
  la_data_out[5]
  la_data_out[60]
  la_data_out[61]
  la_data_out[62]
  la_data_out[63]
  la_data_out[64]
  la_data_out[65]
  la_data_out[66]
  la_data_out[67]
  la_data_out[68]
  la_data_out[69]
  la_data_out[6]
  la_data_out[70]
  la_data_out[71]
  la_data_out[72]
  la_data_out[73]
  la_data_out[74]
  la_data_out[75]
  la_data_out[76]
  la_data_out[77]
  la_data_out[78]
  la_data_out[79]
  la_data_out[7]
  la_data_out[80]
  la_data_out[81]
  la_data_out[82]
  la_data_out[83]
  la_data_out[84]
  la_data_out[85]
  la_data_out[86]
  la_data_out[87]
  la_data_out[88]
  la_data_out[89]
  la_data_out[8]
  la_data_out[90]
  la_data_out[91]
  la_data_out[92]
  la_data_out[93]
  la_data_out[94]
  la_data_out[95]
  la_data_out[96]
  la_data_out[97]
  la_data_out[98]
  la_data_out[99]
  la_data_out[9]
  user_irq[1]
  user_irq[2]
  wbs_dat_o[16]
  wbs_dat_o[17]
  wbs_dat_o[18]
  wbs_dat_o[19]
  wbs_dat_o[20]
  wbs_dat_o[21]
  wbs_dat_o[22]
  wbs_dat_o[23]
  wbs_dat_o[24]
  wbs_dat_o[25]
  wbs_dat_o[26]
  wbs_dat_o[27]
  wbs_dat_o[28]
  wbs_dat_o[29]
  wbs_dat_o[30]
  wbs_dat_o[31]
  mprj/_530_/D
  mprj/_531_/D
  mprj/_532_/D
  mprj/_533_/D
  mprj/_534_/D
  mprj/_535_/D
  mprj/_536_/D
  mprj/_537_/D
  mprj/_538_/D
  mprj/_539_/D
  mprj/_540_/D
  mprj/_541_/D
