Clock: clk
Sources: wb_clk_i 
Generated: no
Virtual: yes
Propagated: no
Period: 25.000000

===========================================================================
report_clock_properties
============================================================================
Clock                   Period          Waveform
----------------------------------------------------
clk                  25.000000    0.000000 12.500000

===========================================================================
report_clock_latency
============================================================================
Clock clk
rise -> rise
    min     max
4.650000 5.570000 source latency
5.551965         network latency mprj/_599_/CLK
        6.516070 network latency mprj/_569_/CLK
---------------
10.201965 12.086071 latency
        1.884105 skew

fall -> fall
    min     max
4.650000 5.570000 source latency
5.584472         network latency mprj/_599_/CLK
        6.539418 network latency mprj/_569_/CLK
---------------
10.234471 12.109418 latency
        1.874946 skew



===========================================================================
report_clock_min_period
============================================================================
clk period_min = 9.30 fmax = 107.55
